{"numTotalTestSuites":14,"numPassedTestSuites":14,"numFailedTestSuites":0,"numPendingTestSuites":0,"numTotalTests":197,"numPassedTests":197,"numFailedTests":0,"numPendingTests":0,"numTodoTests":0,"snapshot":{"added":0,"failure":false,"filesAdded":0,"filesRemoved":0,"filesRemovedList":[],"filesUnmatched":0,"filesUpdated":0,"matched":0,"total":0,"unchecked":0,"uncheckedKeysByFile":[],"unmatched":0,"updated":0,"didUpdate":false},"startTime":1788992808175,"success":true,"testResults":[{"assertionResults":[{"ancestorTitles":["branch-kind-check"],"fullName":"branch-kind-check feature branchは通常implとAdd-featureのadd-design/add-implを受理する","status":"passed","title":"feature branchは通常implとAdd-featureのadd-design/add-implを受理する","duration":1.418882999999994,"failureMessages":[],"meta":{},"tags":[]},{"ancestorTitles":["branch-kind-check"],"fullName":"branch-kind-check classifies governed branch prefixes","status":"passed","title":"classifies governed branch prefixes","duration":0.19086200000000986,"failureMessages":[],"meta":{},"tags":[]},{"ancestorTitles":["branch-kind-check"],"fullName":"branch-kind-check U-DRCAT-017: [PLAN-L7-482-drive-model-closure] catalogが宣言する全branch prefixをbranch admissionが認識する","status":"passed","title":"U-DRCAT-017: [PLAN-L7-482-drive-model-closure] catalogが宣言する全branch prefixをbranch admissionが認識する","duration":3.6755660000000034,"failureMessages":[],"meta":{},"tags":[]},{"ancestorTitles":["branch-kind-check"],"fullName":"branch-kind-check U-DRCAT-018: [PLAN-L7-482-drive-model-closure] routeの全allowed kindが宣言branchのいずれかで受理可能である","status":"passed","title":"U-DRCAT-018: [PLAN-L7-482-drive-model-closure] routeの全allowed kindが宣言branchのいずれかで受理可能である","duration":1.8873230000000092,"failureMessages":[],"meta":{},"tags":[]},{"ancestorTitles":["branch-kind-check"],"fullName":"branch-kind-check retrofit/dependency-migration branchは対応PLAN kind retrofitを受理する","status":"passed","title":"retrofit/dependency-migration branchは対応PLAN kind retrofitを受理する","duration":0.2389609999999891,"failureMessages":[],"meta":{},"tags":[]},{"ancestorTitles":["branch-kind-check"],"fullName":"branch-kind-check recovery/current-location branchは対応PLAN kind recoveryを受理する","status":"passed","title":"recovery/current-location branchは対応PLAN kind recoveryを受理する","duration":0.09466299999999706,"failureMessages":[],"meta":{},"tags":[]},{"ancestorTitles":["branch-kind-check"],"fullName":"branch-kind-check version-up/future-capability branchは対応PLAN kind add-designを受理する","status":"passed","title":"version-up/future-capability branchは対応PLAN kind add-designを受理する","duration":0.27053300000000036,"failureMessages":[],"meta":{},"tags":[]},{"ancestorTitles":["branch-kind-check"],"fullName":"branch-kind-check verify/runtime-scope branchは対応PLAN kind implを受理する","status":"passed","title":"verify/runtime-scope branchは対応PLAN kind implを受理する","duration":0.09418600000000765,"failureMessages":[],"meta":{},"tags":[]},{"ancestorTitles":["branch-kind-check"],"fullName":"branch-kind-check hard-fails when a governed branch touches no PLAN","status":"passed","title":"hard-fails when a governed branch touches no PLAN","duration":0.3572080000000142,"failureMessages":[],"meta":{},"tags":[]},{"ancestorTitles":["branch-kind-check"],"fullName":"branch-kind-check hard-fails PLAN kind mismatch and warns missing github_issue_id","status":"passed","title":"hard-fails PLAN kind mismatch and warns missing github_issue_id","duration":0.26945200000000114,"failureMessages":[],"meta":{},"tags":[]},{"ancestorTitles":["branch-kind-check"],"fullName":"branch-kind-check recovery branchは既存PLANのsuperseded_by-only migrationだけを受理する","status":"passed","title":"recovery branchは既存PLANのsuperseded_by-only migrationだけを受理する","duration":0.19847899999999186,"failureMessages":[],"meta":{},"tags":[]},{"ancestorTitles":["branch-kind-check"],"fullName":"branch-kind-check superseded_by以外の変更や空edgeをmetadata-onlyと判定しない","status":"passed","title":"superseded_by以外の変更や空edgeをmetadata-onlyと判定しない","duration":9.770588000000004,"failureMessages":[],"meta":{},"tags":[]},{"ancestorTitles":["branch-kind-check"],"fullName":"branch-kind-check U-RVIDENT-021: recovery branchは既存terminal PLANのreview_evidence-only訂正だけを受理する","status":"passed","title":"U-RVIDENT-021: recovery branchは既存terminal PLANのreview_evidence-only訂正だけを受理する","duration":6.768299999999982,"failureMessages":[],"meta":{},"tags":[]},{"ancestorTitles":["branch-kind-check"],"fullName":"branch-kind-check allows feature impl PLAN and keeps missing issue as warning only","status":"passed","title":"allows feature impl PLAN and keeps missing issue as warning only","duration":0.22267700000000445,"failureMessages":[],"meta":{},"tags":[]},{"ancestorTitles":["branch-kind-check"],"fullName":"branch-kind-check requires PLAN when docs/chore branches touch skill docs","status":"passed","title":"requires PLAN when docs/chore branches touch skill docs","duration":0.6273489999999811,"failureMessages":[],"meta":{},"tags":[]},{"ancestorTitles":["branch-kind-check"],"fullName":"branch-kind-check keeps automation branches non-blocking but fails unknown prefixes in strict guard mode","status":"passed","title":"keeps automation branches non-blocking but fails unknown prefixes in strict guard mode","duration":0.39649199999999496,"failureMessages":[],"meta":{},"tags":[]},{"ancestorTitles":["branch-kind-check"],"fullName":"branch-kind-check checks conventional commit subjects","status":"passed","title":"checks conventional commit subjects","duration":0.3016279999999938,"failureMessages":[],"meta":{},"tags":[]},{"ancestorTitles":["branch-kind-check"],"fullName":"branch-kind-check ignores git-generated merge/revert subjects (PR 自走運用, PLAN-L7-418)","status":"passed","title":"ignores git-generated merge/revert subjects (PR 自走運用, PLAN-L7-418)","duration":0.10542699999999172,"failureMessages":[],"meta":{},"tags":[]},{"ancestorTitles":["branch-kind-check"],"fullName":"branch-kind-check blocks poc direct-main PRs and requires hotfix postmortem evidence","status":"passed","title":"blocks poc direct-main PRs and requires hotfix postmortem evidence","duration":0.5899390000000153,"failureMessages":[],"meta":{},"tags":[]},{"ancestorTitles":["branch-kind-check"],"fullName":"branch-kind-check U-ICLOSE-001: fails Issue-closing PRs closed when terminal closure evidence is incomplete","status":"passed","title":"U-ICLOSE-001: fails Issue-closing PRs closed when terminal closure evidence is incomplete","duration":0.39153400000000715,"failureMessages":[],"meta":{},"tags":[]},{"ancestorTitles":["branch-kind-check"],"fullName":"branch-kind-check U-ICGRAPH-008: read-after-GitHub graphが無い、または未完contractならcloseを拒否する","status":"passed","title":"U-ICGRAPH-008: read-after-GitHub graphが無い、または未完contractならcloseを拒否する","duration":1.0019740000000183,"failureMessages":[],"meta":{},"tags":[]},{"ancestorTitles":["branch-kind-check"],"fullName":"branch-kind-check accepts resolved as a terminal Issue outcome with receipt and child disposition","status":"passed","title":"accepts resolved as a terminal Issue outcome with receipt and child disposition","duration":0.14424600000000964,"failureMessages":[],"meta":{},"tags":[]},{"ancestorTitles":["branch-kind-check"],"fullName":"branch-kind-check accepts rejected as a terminal Issue outcome with receipt and child disposition","status":"passed","title":"accepts rejected as a terminal Issue outcome with receipt and child disposition","duration":0.148918000000009,"failureMessages":[],"meta":{},"tags":[]},{"ancestorTitles":["branch-kind-check"],"fullName":"branch-kind-check accepts quarantined as a terminal Issue outcome with receipt and child disposition","status":"passed","title":"accepts quarantined as a terminal Issue outcome with receipt and child disposition","duration":0.09770399999999313,"failureMessages":[],"meta":{},"tags":[]},{"ancestorTitles":["branch-kind-check"],"fullName":"branch-kind-check requires PO decision evidence for cancelled or superseded closure","status":"passed","title":"requires PO decision evidence for cancelled or superseded closure","duration":0.11668900000000804,"failureMessages":[],"meta":{},"tags":[]},{"ancestorTitles":["branch-kind-check"],"fullName":"branch-kind-check rejects template placeholders and requires terminal decision receipts","status":"passed","title":"rejects template placeholders and requires terminal decision receipts","duration":0.2435909999999808,"failureMessages":[],"meta":{},"tags":[]},{"ancestorTitles":["branch-kind-check"],"fullName":"branch-kind-check tolerates template inline HTML comments after Outcome / Child Issues values","status":"passed","title":"tolerates template inline HTML comments after Outcome / Child Issues values","duration":0.0817260000000033,"failureMessages":[],"meta":{},"tags":[]},{"ancestorTitles":["branch-kind-check"],"fullName":"branch-kind-check rejects template default not_required as a Decision receipt for rejected/quarantined","status":"passed","title":"rejects template default not_required as a Decision receipt for rejected/quarantined","duration":0.0770870000000059,"failureMessages":[],"meta":{},"tags":[]},{"ancestorTitles":["branch-kind-check"],"fullName":"branch-kind-check U-PRSCOPE-001: accepts one atomic contract whose actual diff stays inside declared path families","status":"passed","title":"U-PRSCOPE-001: accepts one atomic contract whose actual diff stays inside declared path families","duration":1.4361359999999763,"failureMessages":[],"meta":{},"tags":[]},{"ancestorTitles":["branch-kind-check"],"fullName":"branch-kind-check accepts the syntax of a reviewable GitHub comment receipt without claiming external approval","status":"passed","title":"accepts the syntax of a reviewable GitHub comment receipt without claiming external approval","duration":0.7951260000000104,"failureMessages":[],"meta":{},"tags":[]},{"ancestorTitles":["branch-kind-check"],"fullName":"branch-kind-check U-PRSCOPE-002: rejects undeclared paths, duplicate contracts, and unsafe path patterns","status":"passed","title":"U-PRSCOPE-002: rejects undeclared paths, duplicate contracts, and unsafe path patterns","duration":0.7124800000000278,"failureMessages":[],"meta":{},"tags":[]},{"ancestorTitles":["branch-kind-check"],"fullName":"branch-kind-check U-PRSCOPE-007: scope findings explain the accepted manifest syntax without loosening the gate","status":"passed","title":"U-PRSCOPE-007: scope findings explain the accepted manifest syntax without loosening the gate","duration":0.2209399999999846,"failureMessages":[],"meta":{},"tags":[]},{"ancestorTitles":["branch-kind-check"],"fullName":"branch-kind-check U-PRSCOPE-008: PR template documents the parser's accepted syntax","status":"passed","title":"U-PRSCOPE-008: PR template documents the parser's accepted syntax","duration":0.09679299999999103,"failureMessages":[],"meta":{},"tags":[]},{"ancestorTitles":["branch-kind-check"],"fullName":"branch-kind-check U-PRSCOPE-009: PR／Issue template guide workflow identity markers and identity alignment","status":"passed","title":"U-PRSCOPE-009: PR／Issue template guide workflow identity markers and identity alignment","duration":3.771817999999996,"failureMessages":[],"meta":{},"tags":[]},{"ancestorTitles":["branch-kind-check"],"fullName":"branch-kind-check U-PRSCOPE-003: requires declared PLAN and test companions for source changes","status":"passed","title":"U-PRSCOPE-003: requires declared PLAN and test companions for source changes","duration":0.29353399999999397,"failureMessages":[],"meta":{},"tags":[]},{"ancestorTitles":["branch-kind-check"],"fullName":"branch-kind-check rejects file growth or phantom planned files outside the exact expected diff set","status":"passed","title":"rejects file growth or phantom planned files outside the exact expected diff set","duration":0.17302000000000817,"failureMessages":[],"meta":{},"tags":[]},{"ancestorTitles":["branch-kind-check"],"fullName":"branch-kind-check U-PRSCOPE-005: rejects a PR manifest whose required PLAN binds a different behavior or owner","status":"passed","title":"U-PRSCOPE-005: rejects a PR manifest whose required PLAN binds a different behavior or owner","duration":0.1525829999999928,"failureMessages":[],"meta":{},"tags":[]},{"ancestorTitles":["branch-kind-check"],"fullName":"branch-kind-check U-PRSCOPE-006: [PLAN-L7-496-pr-context-current-snapshot] current PR snapshotをidentityとdigestへ束縛する","status":"passed","title":"U-PRSCOPE-006: [PLAN-L7-496-pr-context-current-snapshot] current PR snapshotをidentityとdigestへ束縛する","duration":1.1117439999999874,"failureMessages":[],"meta":{},"tags":[]}],"startTime":1788992910058,"endTime":1788992910100.1118,"status":"passed","message":"","name":"/home/tenni/.helix-worktrees/claude-i1710/tests/branch-kind.test.ts"},{"assertionResults":[{"ancestorTitles":["design-coverage lint (PLAN-L7-421)"],"fullName":"design-coverage lint (PLAN-L7-421) U-DESIGNCOV-001: passes a well-formed catalog and computes ZIP-style coverage","status":"passed","title":"U-DESIGNCOV-001: passes a well-formed catalog and computes ZIP-style coverage","duration":2.063935000000015,"failureMessages":[],"meta":{},"tags":[]},{"ancestorTitles":["design-coverage lint (PLAN-L7-421)"],"fullName":"design-coverage lint (PLAN-L7-421) U-DESIGNCOV-002: reports per-category coverage and remaining todo in result and messages (round 3-①)","status":"passed","title":"U-DESIGNCOV-002: reports per-category coverage and remaining todo in result and messages (round 3-①)","duration":1.355240000000009,"failureMessages":[],"meta":{},"tags":[]},{"ancestorTitles":["design-coverage lint (PLAN-L7-421)"],"fullName":"design-coverage lint (PLAN-L7-421) U-DESIGNCOV-003: rejects na without a reason (silent tailoring ban)","status":"passed","title":"U-DESIGNCOV-003: rejects na without a reason (silent tailoring ban)","duration":0.22478499999999713,"failureMessages":[],"meta":{},"tags":[]},{"ancestorTitles":["design-coverage lint (PLAN-L7-421)"],"fullName":"design-coverage lint (PLAN-L7-421) U-DESIGNCOV-004: rejects done without an existing artifact (declaration vs reality drift)","status":"passed","title":"U-DESIGNCOV-004: rejects done without an existing artifact (declaration vs reality drift)","duration":0.27504600000000323,"failureMessages":[],"meta":{},"tags":[]},{"ancestorTitles":["design-coverage lint (PLAN-L7-421)"],"fullName":"design-coverage lint (PLAN-L7-421) U-DESIGNCOV-005: rejects broken traces: missing/duplicate zip source, duplicate id, unknown enum","status":"passed","title":"U-DESIGNCOV-005: rejects broken traces: missing/duplicate zip source, duplicate id, unknown enum","duration":0.5427830000000142,"failureMessages":[],"meta":{},"tags":[]},{"ancestorTitles":["design-coverage lint (PLAN-L7-421)"],"fullName":"design-coverage lint (PLAN-L7-421) U-DESIGNCOV-006: fails closed when the catalog is missing or malformed","status":"passed","title":"U-DESIGNCOV-006: fails closed when the catalog is missing or malformed","duration":0.2943080000000009,"failureMessages":[],"meta":{},"tags":[]},{"ancestorTitles":["design-coverage lint (PLAN-L7-421)"],"fullName":"design-coverage lint (PLAN-L7-421) U-DESIGNCOV-007: rejects design docs outside the catalog and stale baseline entries (unauthorized-doc ban)","status":"passed","title":"U-DESIGNCOV-007: rejects design docs outside the catalog and stale baseline entries (unauthorized-doc ban)","duration":0.4193769999999972,"failureMessages":[],"meta":{},"tags":[]},{"ancestorTitles":["design-coverage lint (PLAN-L7-421)"],"fullName":"design-coverage lint (PLAN-L7-421) U-DESIGNCOV-008: rejects baseline growth without updating the src-side fingerprint pin (round 1-①)","status":"passed","title":"U-DESIGNCOV-008: rejects baseline growth without updating the src-side fingerprint pin (round 1-①)","duration":0.49066799999999944,"failureMessages":[],"meta":{},"tags":[]},{"ancestorTitles":["design-coverage lint (PLAN-L7-421)"],"fullName":"design-coverage lint (PLAN-L7-421) U-DESIGNCOV-009: rejects done artifacts pointing at unrelated repo files (round 1-②)","status":"passed","title":"U-DESIGNCOV-009: rejects done artifacts pointing at unrelated repo files (round 1-②)","duration":0.3174139999999852,"failureMessages":[],"meta":{},"tags":[]},{"ancestorTitles":["design-coverage lint (PLAN-L7-421)"],"fullName":"design-coverage lint (PLAN-L7-421) U-DESIGNCOV-010: rejects path traversal that escapes the allowed roots (round 2-①)","status":"passed","title":"U-DESIGNCOV-010: rejects path traversal that escapes the allowed roots (round 2-①)","duration":0.3458180000000084,"failureMessages":[],"meta":{},"tags":[]},{"ancestorTitles":["design-coverage lint (PLAN-L7-421)"],"fullName":"design-coverage lint (PLAN-L7-421) U-DESIGNCOV-011: rejects out-of-range and missing zip sources against the expected full set (round 1-③)","status":"passed","title":"U-DESIGNCOV-011: rejects out-of-range and missing zip sources against the expected full set (round 1-③)","duration":0.5557079999999814,"failureMessages":[],"meta":{},"tags":[]},{"ancestorTitles":["design-coverage lint (PLAN-L7-421)"],"fullName":"design-coverage lint (PLAN-L7-421) U-DESIGNCOV-012: rejects trivial na reasons and all-na hollowed catalogs (round 1-④)","status":"passed","title":"U-DESIGNCOV-012: rejects trivial na reasons and all-na hollowed catalogs (round 1-④)","duration":0.21479499999998097,"failureMessages":[],"meta":{},"tags":[]},{"ancestorTitles":["design-coverage lint (PLAN-L7-421)"],"fullName":"design-coverage lint (PLAN-L7-421) U-DESIGNCOV-013: keeps the real repository catalog green with full zip trace (regression fence)","status":"passed","title":"U-DESIGNCOV-013: keeps the real repository catalog green with full zip trace (regression fence)","duration":37.454267999999985,"failureMessages":[],"meta":{},"tags":[]},{"ancestorTitles":["design-coverage lint (PLAN-L7-421)"],"fullName":"design-coverage lint (PLAN-L7-421) U-DESIGNCOV-017: pins the L3 requirement-family design doc to the catalog and its reviewed digest (PLAN-L3-30)","status":"passed","title":"U-DESIGNCOV-017: pins the L3 requirement-family design doc to the catalog and its reviewed digest (PLAN-L3-30)","duration":17.262901,"failureMessages":[],"meta":{},"tags":[]},{"ancestorTitles":["design-coverage lint (PLAN-L7-421)"],"fullName":"design-coverage lint (PLAN-L7-421) U-DESIGNCOV-015: admits the runtime-routing design through an item without mutating baseline","status":"passed","title":"U-DESIGNCOV-015: admits the runtime-routing design through an item without mutating baseline","duration":20.045726000000002,"failureMessages":[],"meta":{},"tags":[]},{"ancestorTitles":["design-coverage lint (PLAN-L7-421)"],"fullName":"design-coverage lint (PLAN-L7-421) U-DESIGNCOV-018: binds projection observability design artifacts to catalog items","status":"passed","title":"U-DESIGNCOV-018: binds projection observability design artifacts to catalog items","duration":17.471111999999977,"failureMessages":[],"meta":{},"tags":[]},{"ancestorTitles":["design-coverage lint (PLAN-L7-421)"],"fullName":"design-coverage lint (PLAN-L7-421) U-REVERSE-492-001: binds the Issue #248 Reverse design backfill to this executable oracle","status":"passed","title":"U-REVERSE-492-001: binds the Issue #248 Reverse design backfill to this executable oracle","duration":5.3619779999999935,"failureMessages":[],"meta":{},"tags":[]}],"startTime":1788992906529,"endTime":1788992906633.362,"status":"passed","message":"","name":"/home/tenni/.helix-worktrees/claude-i1710/tests/design-coverage.test.ts"},{"assertionResults":[{"ancestorTitles":["digest canonicalization authority"],"fullName":"digest canonicalization authority [PLAN-L7-438-digest-canonicalization-authority/U-DIGEST-001] preserves SHA-256 bytes","status":"passed","title":"[PLAN-L7-438-digest-canonicalization-authority/U-DIGEST-001] preserves SHA-256 bytes","duration":1.3913459999999986,"failureMessages":[],"meta":{},"tags":[]},{"ancestorTitles":["digest canonicalization authority"],"fullName":"digest canonicalization authority [PLAN-L7-438-digest-canonicalization-authority/U-DIGEST-002] sorts object keys and preserves arrays","status":"passed","title":"[PLAN-L7-438-digest-canonicalization-authority/U-DIGEST-002] sorts object keys and preserves arrays","duration":0.19905199999999468,"failureMessages":[],"meta":{},"tags":[]},{"ancestorTitles":["digest canonicalization authority"],"fullName":"digest canonicalization authority [PLAN-L7-438-digest-canonicalization-authority/U-DIGEST-003] rejects non-JSON values","status":"passed","title":"[PLAN-L7-438-digest-canonicalization-authority/U-DIGEST-003] rejects non-JSON values","duration":0.7617839999999916,"failureMessages":[],"meta":{},"tags":[]},{"ancestorTitles":["digest canonicalization authority"],"fullName":"digest canonicalization authority [PLAN-L7-438-digest-canonicalization-authority/U-DIGEST-005] inventory is an exact production hit set","status":"passed","title":"[PLAN-L7-438-digest-canonicalization-authority/U-DIGEST-005] inventory is an exact production hit set","duration":1082.721218,"failureMessages":[],"meta":{},"tags":[]},{"ancestorTitles":["digest canonicalization authority"],"fullName":"digest canonicalization authority [PLAN-L7-438-digest-canonicalization-authority/IT-DIGEST-001] binds migrated consumers to exact citations and bytes","status":"passed","title":"[PLAN-L7-438-digest-canonicalization-authority/IT-DIGEST-001] binds migrated consumers to exact citations and bytes","duration":1.0504659999999149,"failureMessages":[],"meta":{},"tags":[]},{"ancestorTitles":["digest canonicalization authority"],"fullName":"digest canonicalization authority [PLAN-L7-438-digest-canonicalization-authority/U-DIGEST-006] handover lint boundary has no runtime digest dependency","status":"passed","title":"[PLAN-L7-438-digest-canonicalization-authority/U-DIGEST-006] handover lint boundary has no runtime digest dependency","duration":0.4801469999999881,"failureMessages":[],"meta":{},"tags":[]},{"ancestorTitles":["digest canonicalization authority"],"fullName":"digest canonicalization authority AST scanner ignores comments/strings, admits literal SHA-256, and rejects dynamic algorithms","status":"passed","title":"AST scanner ignores comments/strings, admits literal SHA-256, and rejects dynamic algorithms","duration":3.366318999999976,"failureMessages":[],"meta":{},"tags":[]},{"ancestorTitles":["digest canonicalization authority"],"fullName":"digest canonicalization authority U-DIGEST-010: compareBytewiseはlocaleCompareが誤る2条件をcode-point順で解決する","status":"passed","title":"U-DIGEST-010: compareBytewiseはlocaleCompareが誤る2条件をcode-point順で解決する","duration":4.5583919999999125,"failureMessages":[],"meta":{},"tags":[]},{"ancestorTitles":["digest canonicalization authority"],"fullName":"digest canonicalization authority U-DIGEST-011: compareBytewiseは全順序として整合する","status":"passed","title":"U-DIGEST-011: compareBytewiseは全順序として整合する","duration":1.8401450000001205,"failureMessages":[],"meta":{},"tags":[]}],"startTime":1788992906759,"endTime":1788992907855.84,"status":"passed","message":"","name":"/home/tenni/.helix-worktrees/claude-i1710/tests/digest.test.ts"},{"assertionResults":[{"ancestorTitles":["frontmatter schema (§1.1 / §1.1.parent_design / §3.3 / §3.4)"],"fullName":"frontmatter schema (§1.1 / §1.1.parent_design / §3.3 / §3.4) U-TPWID-001: typed workflow identityをversion／digest／axis／IDへexact束縛する","status":"passed","title":"U-TPWID-001: typed workflow identityをversion／digest／axis／IDへexact束縛する","duration":3.349503999999996,"failureMessages":[],"meta":{},"tags":[]},{"ancestorTitles":["frontmatter schema (§1.1 / §1.1.parent_design / §3.3 / §3.4)"],"fullName":"frontmatter schema (§1.1 / §1.1.parent_design / §3.3 / §3.4) current authoringとlegacy compatibility readを分離する","status":"passed","title":"current authoringとlegacy compatibility readを分離する","duration":0.4457050000000038,"failureMessages":[],"meta":{},"tags":[]},{"ancestorTitles":["frontmatter schema (§1.1 / §1.1.parent_design / §3.3 / §3.4)"],"fullName":"frontmatter schema (§1.1 / §1.1.parent_design / §3.3 / §3.4) 正常な impl PLAN は通る + dependencies default が適用される","status":"passed","title":"正常な impl PLAN は通る + dependencies default が適用される","duration":0.5324109999999962,"failureMessages":[],"meta":{},"tags":[]},{"ancestorTitles":["frontmatter schema (§1.1 / §1.1.parent_design / §3.3 / §3.4)"],"fullName":"frontmatter schema (§1.1 / §1.1.parent_design / §3.3 / §3.4) U-PLAN-855-001: 既存artifactの修正はgeneratesと分離したmodifiesへ記録できる","status":"passed","title":"U-PLAN-855-001: 既存artifactの修正はgeneratesと分離したmodifiesへ記録できる","duration":0.7698249999999973,"failureMessages":[],"meta":{},"tags":[]},{"ancestorTitles":["frontmatter schema (§1.1 / §1.1.parent_design / §3.3 / §3.4)"],"fullName":"frontmatter schema (§1.1 / §1.1.parent_design / §3.3 / §3.4) U-PSPB-013: verification binding はstrictなexact oracle/canonical test pathだけを許す","status":"passed","title":"U-PSPB-013: verification binding はstrictなexact oracle/canonical test pathだけを許す","duration":1.41088400000001,"failureMessages":[],"meta":{},"tags":[]},{"ancestorTitles":["frontmatter schema (§1.1 / §1.1.parent_design / §3.3 / §3.4)"],"fullName":"frontmatter schema (§1.1 / §1.1.parent_design / §3.3 / §3.4) U-PSPB-027: resolves_authority はtyped metadataだけを許す","status":"passed","title":"U-PSPB-027: resolves_authority はtyped metadataだけを許す","duration":1.0145710000000037,"failureMessages":[],"meta":{},"tags":[]},{"ancestorTitles":["frontmatter schema (§1.1 / §1.1.parent_design / §3.3 / §3.4)"],"fullName":"frontmatter schema (§1.1 / §1.1.parent_design / §3.3 / §3.4) github_issue_id は optional・正の整数のみ (§6.8.2 Issue スパイン)","status":"passed","title":"github_issue_id は optional・正の整数のみ (§6.8.2 Issue スパイン)","duration":1.5705330000000117,"failureMessages":[],"meta":{},"tags":[]},{"ancestorTitles":["frontmatter schema (§1.1 / §1.1.parent_design / §3.3 / §3.4)"],"fullName":"frontmatter schema (§1.1 / §1.1.parent_design / §3.3 / §3.4) kind=impl で parent_design 欠落は fail (§1.1.parent_design)","status":"passed","title":"kind=impl で parent_design 欠落は fail (§1.1.parent_design)","duration":0.23649199999999837,"failureMessages":[],"meta":{},"tags":[]},{"ancestorTitles":["frontmatter schema (§1.1 / §1.1.parent_design / §3.3 / §3.4)"],"fullName":"frontmatter schema (§1.1 / §1.1.parent_design / §3.3 / §3.4) 不正な plan_id は fail (§1.10 A)","status":"passed","title":"不正な plan_id は fail (§1.10 A)","duration":0.48952399999998875,"failureMessages":[],"meta":{},"tags":[]},{"ancestorTitles":["frontmatter schema (§1.1 / §1.1.parent_design / §3.3 / §3.4)"],"fullName":"frontmatter schema (§1.1 / §1.1.parent_design / §3.3 / §3.4) charter は layer=L0 で通り、L0 以外は fail (§1.3 / §2.1.1)","status":"passed","title":"charter は layer=L0 で通り、L0 以外は fail (§1.3 / §2.1.1)","duration":0.2909170000000074,"failureMessages":[],"meta":{},"tags":[]},{"ancestorTitles":["frontmatter schema (§1.1 / §1.1.parent_design / §3.3 / §3.4)"],"fullName":"frontmatter schema (§1.1 / §1.1.parent_design / §3.3 / §3.4) normal kind に workflow_phase は禁止 (§1.1)","status":"passed","title":"normal kind に workflow_phase は禁止 (§1.1)","duration":0.21794099999999617,"failureMessages":[],"meta":{},"tags":[]},{"ancestorTitles":["frontmatter schema (§1.1 / §1.1.parent_design / §3.3 / §3.4)"],"fullName":"frontmatter schema (§1.1 / §1.1.parent_design / §3.3 / §3.4) kind=design + L1-L6 requires layer-scoped sub_doc","status":"passed","title":"kind=design + L1-L6 requires layer-scoped sub_doc","duration":0.38431900000000496,"failureMessages":[],"meta":{},"tags":[]},{"ancestorTitles":["frontmatter schema (§1.1 / §1.1.parent_design / §3.3 / §3.4)"],"fullName":"frontmatter schema (§1.1 / §1.1.parent_design / §3.3 / §3.4) poc は layer=cross + workflow_phase 必須、S4 は decision_outcome 必須 (§1.1)","status":"passed","title":"poc は layer=cross + workflow_phase 必須、S4 は decision_outcome 必須 (§1.1)","duration":0.6852069999999912,"failureMessages":[],"meta":{},"tags":[]},{"ancestorTitles":["frontmatter schema (§1.1 / §1.1.parent_design / §3.3 / §3.4)"],"fullName":"frontmatter schema (§1.1 / §1.1.parent_design / §3.3 / §3.4) reverse は confirmed_reverse_type 必須、R4 は forward_routing/promotion_strategy 必須 (§3.3 / §3.4)","status":"passed","title":"reverse は confirmed_reverse_type 必須、R4 は forward_routing/promotion_strategy 必須 (§3.3 / §3.4)","duration":0.2632650000000041,"failureMessages":[],"meta":{},"tags":[]},{"ancestorTitles":["frontmatter schema (§1.1 / §1.1.parent_design / §3.3 / §3.4)"],"fullName":"frontmatter schema (§1.1 / §1.1.parent_design / §3.3 / §3.4) recovery は layer=cross 許可 + workflow_phase 禁止、token↔kind 一致 (§1.1 / §1.10 A)","status":"passed","title":"recovery は layer=cross 許可 + workflow_phase 禁止、token↔kind 一致 (§1.1 / §1.10 A)","duration":0.6919970000000006,"failureMessages":[],"meta":{},"tags":[]},{"ancestorTitles":["frontmatter schema (§1.1 / §1.1.parent_design / §3.3 / §3.4)"],"fullName":"frontmatter schema (§1.1 / §1.1.parent_design / §3.3 / §3.4) v2_import 任意フィールドが受理される (Minor 1 / G1 readiness v8)","status":"passed","title":"v2_import 任意フィールドが受理される (Minor 1 / G1 readiness v8)","duration":0.2202829999999949,"failureMessages":[],"meta":{},"tags":[]},{"ancestorTitles":["frontmatter schema (§1.1 / §1.1.parent_design / §3.3 / §3.4)"],"fullName":"frontmatter schema (§1.1 / §1.1.parent_design / §3.3 / §3.4) kind=add-* は dependencies.parent 必須 (§1.10 E)","status":"passed","title":"kind=add-* は dependencies.parent 必須 (§1.10 E)","duration":0.14532599999999718,"failureMessages":[],"meta":{},"tags":[]},{"ancestorTitles":["frontmatter schema (§1.1 / §1.1.parent_design / §3.3 / §3.4)"],"fullName":"frontmatter schema (§1.1 / §1.1.parent_design / §3.3 / §3.4) L4 標準成果物カタログ拡張: report/batch/notification/code-value は L4 valid・L2 invalid (§1.10.G.1)","status":"passed","title":"L4 標準成果物カタログ拡張: report/batch/notification/code-value は L4 valid・L2 invalid (§1.10.G.1)","duration":0.2789239999999893,"failureMessages":[],"meta":{},"tags":[]},{"ancestorTitles":["frontmatter schema (§1.1 / §1.1.parent_design / §3.3 / §3.4)"],"fullName":"frontmatter schema (§1.1 / §1.1.parent_design / §3.3 / §3.4) drive は専門職 5 種のみ・mode 値 (駆動モデル) を拒否する (§1.6 軸分離、DISCOVERY-04 V7)","status":"passed","title":"drive は専門職 5 種のみ・mode 値 (駆動モデル) を拒否する (§1.6 軸分離、DISCOVERY-04 V7)","duration":0.5603279999999984,"failureMessages":[],"meta":{},"tags":[]},{"ancestorTitles":["frontmatter schema (§1.1 / §1.1.parent_design / §3.3 / §3.4)"],"fullName":"frontmatter schema (§1.1 / §1.1.parent_design / §3.3 / §3.4) kind=impl の master_hub は工程表ハブとして parent_design 不要","status":"passed","title":"kind=impl の master_hub は工程表ハブとして parent_design 不要","duration":0.24152499999999577,"failureMessages":[],"meta":{},"tags":[]},{"ancestorTitles":["frontmatter schema (§1.1 / §1.1.parent_design / §3.3 / §3.4)"],"fullName":"frontmatter schema (§1.1 / §1.1.parent_design / §3.3 / §3.4) review_evidence.green_commands accepts structured green command evidence","status":"passed","title":"review_evidence.green_commands accepts structured green command evidence","duration":0.7848910000000018,"failureMessages":[],"meta":{},"tags":[]},{"ancestorTitles":["frontmatter schema (§1.1 / §1.1.parent_design / §3.3 / §3.4)"],"fullName":"frontmatter schema (§1.1 / §1.1.parent_design / §3.3 / §3.4) U-CARRY-017: left_arm_carry strict schema accepts canonical evidence and rejects unknown fields","status":"passed","title":"U-CARRY-017: left_arm_carry strict schema accepts canonical evidence and rejects unknown fields","duration":0.4592760000000027,"failureMessages":[],"meta":{},"tags":[]},{"ancestorTitles":["frontmatter schema (§1.1 / §1.1.parent_design / §3.3 / §3.4)"],"fullName":"frontmatter schema (§1.1 / §1.1.parent_design / §3.3 / §3.4) U-WIRING-003/004: irreversible_impact is a strict typed enum","status":"passed","title":"U-WIRING-003/004: irreversible_impact is a strict typed enum","duration":0.29146800000000894,"failureMessages":[],"meta":{},"tags":[]}],"startTime":1788992910218,"endTime":1788992910233.4592,"status":"passed","message":"","name":"/home/tenni/.helix-worktrees/claude-i1710/tests/frontmatter.test.ts"},{"assertionResults":[{"ancestorTitles":["L3 G1/G3 freeze packet v2"],"fullName":"L3 G1/G3 freeze packet v2 U-GHEPRE-006: right-arm evidenceのL6/L8 pairをPLANへ束縛する","status":"passed","title":"U-GHEPRE-006: right-arm evidenceのL6/L8 pairをPLANへ束縛する","duration":1.1930919999999787,"failureMessages":[],"meta":{},"tags":[]},{"ancestorTitles":["L3 G1/G3 freeze packet v2"],"fullName":"L3 G1/G3 freeze packet v2 U-GHEP-008: execution episode schemaとL6/L8 pairをPLANへ束縛する","status":"passed","title":"U-GHEP-008: execution episode schemaとL6/L8 pairをPLANへ束縛する","duration":0.48383000000001175,"failureMessages":[],"meta":{},"tags":[]},{"ancestorTitles":["L3 G1/G3 freeze packet v2"],"fullName":"L3 G1/G3 freeze packet v2 U-GHEPL-008: location projectionのL6/L8 pairをPLANへ束縛する","status":"passed","title":"U-GHEPL-008: location projectionのL6/L8 pairをPLANへ束縛する","duration":0.22208200000000033,"failureMessages":[],"meta":{},"tags":[]},{"ancestorTitles":["L3 G1/G3 freeze packet v2"],"fullName":"L3 G1/G3 freeze packet v2 binds the required freeze target PLAN exact set without legacy ranges or duplicates","status":"passed","title":"binds the required freeze target PLAN exact set without legacy ranges or duplicates","duration":3.0959879999999202,"failureMessages":[],"meta":{},"tags":[]},{"ancestorTitles":["L3 G1/G3 freeze packet v2"],"fullName":"L3 G1/G3 freeze packet v2 discloses the ten draft PLANs without conflating requirement freeze and PLAN closure","status":"passed","title":"discloses the ten draft PLANs without conflating requirement freeze and PLAN closure","duration":1.2870179999999891,"failureMessages":[],"meta":{},"tags":[]},{"ancestorTitles":["L3 G1/G3 freeze packet v2"],"fullName":"L3 G1/G3 freeze packet v2 binds the final material snapshot and delegates self-referential receipts externally","status":"passed","title":"binds the final material snapshot and delegates self-referential receipts externally","duration":0.6745829999999842,"failureMessages":[],"meta":{},"tags":[]},{"ancestorTitles":["L3 G1/G3 freeze packet v2"],"fullName":"L3 G1/G3 freeze packet v2 executes the versioned logical DB bootstrap policy instead of checking prose only","status":"passed","title":"executes the versioned logical DB bootstrap policy instead of checking prose only","duration":34000.582406,"failureMessages":[],"meta":{},"tags":[]},{"ancestorTitles":["L3 G1/G3 freeze packet v2"],"fullName":"L3 G1/G3 freeze packet v2 rejects policy sort and canonicalization declarations that the verifier does not implement","status":"passed","title":"rejects policy sort and canonicalization declarations that the verifier does not implement","duration":1.828428000000713,"failureMessages":[],"meta":{},"tags":[]},{"ancestorTitles":["L3 G1/G3 freeze packet v2"],"fullName":"L3 G1/G3 freeze packet v2 rejects stale rows, relational orphans, and empty checkpoint populations","status":"passed","title":"rejects stale rows, relational orphans, and empty checkpoint populations","duration":33598.056973,"failureMessages":[],"meta":{},"tags":[]},{"ancestorTitles":["L3 G1/G3 freeze packet v2"],"fullName":"L3 G1/G3 freeze packet v2 keeps projected rows free of the checkout absolute path","status":"passed","title":"keeps projected rows free of the checkout absolute path","duration":34815.322933999996,"failureMessages":[],"meta":{},"tags":[]},{"ancestorTitles":["L3 G1/G3 freeze packet v2"],"fullName":"L3 G1/G3 freeze packet v2 U-DESIGNCOV-016: binds every listed L3/L10 artifact candidate to its current digest","status":"passed","title":"U-DESIGNCOV-016: binds every listed L3/L10 artifact candidate to its current digest","duration":3.2331450000056066,"failureMessages":[],"meta":{},"tags":[]},{"ancestorTitles":["L3 G1/G3 freeze packet v2"],"fullName":"L3 G1/G3 freeze packet v2 U-DISTLITE-004: Lite manifest設計登録をG3 freeze digestへ伝播する","status":"passed","title":"U-DISTLITE-004: Lite manifest設計登録をG3 freeze digestへ伝播する","duration":0.31545399999595247,"failureMessages":[],"meta":{},"tags":[]},{"ancestorTitles":["L3 G1/G3 freeze packet v2"],"fullName":"L3 G1/G3 freeze packet v2 U-BRAS-010: branch audit安全設計登録をG3 freeze digestへ伝播する","status":"passed","title":"U-BRAS-010: branch audit安全設計登録をG3 freeze digestへ伝播する","duration":0.241238999995403,"failureMessages":[],"meta":{},"tags":[]},{"ancestorTitles":["L3 G1/G3 freeze packet v2"],"fullName":"L3 G1/G3 freeze packet v2 U-DISTCAN-008b: Lite consumer canary設計登録をG3 freeze digestへ伝播する","status":"passed","title":"U-DISTCAN-008b: Lite consumer canary設計登録をG3 freeze digestへ伝播する","duration":0.30722200000309385,"failureMessages":[],"meta":{},"tags":[]},{"ancestorTitles":["L3 G1/G3 freeze packet v2"],"fullName":"L3 G1/G3 freeze packet v2 U-DISTART-005: Lite artifact projection設計登録をG3 freeze digestへ伝播する","status":"passed","title":"U-DISTART-005: Lite artifact projection設計登録をG3 freeze digestへ伝播する","duration":0.2581159999972442,"failureMessages":[],"meta":{},"tags":[]},{"ancestorTitles":["L3 G1/G3 freeze packet v2"],"fullName":"L3 G1/G3 freeze packet v2 U-CNWHOOKSCHEMA-013: project hook resolver設計登録をG3 freeze digestへ伝播する","status":"passed","title":"U-CNWHOOKSCHEMA-013: project hook resolver設計登録をG3 freeze digestへ伝播する","duration":0.29404200000863057,"failureMessages":[],"meta":{},"tags":[]},{"ancestorTitles":["L3 G1/G3 freeze packet v2"],"fullName":"L3 G1/G3 freeze packet v2 U-LUNASPAWN-009: Luna native spawn設計登録をG3 freeze digestへ伝播する","status":"passed","title":"U-LUNASPAWN-009: Luna native spawn設計登録をG3 freeze digestへ伝播する","duration":0.30825000000186265,"failureMessages":[],"meta":{},"tags":[]},{"ancestorTitles":["L3 G1/G3 freeze packet v2"],"fullName":"L3 G1/G3 freeze packet v2 U-LANEEFF-005: proposal lane effort binding設計登録をG3 freeze digestへ伝播する","status":"passed","title":"U-LANEEFF-005: proposal lane effort binding設計登録をG3 freeze digestへ伝播する","duration":0.3051149999955669,"failureMessages":[],"meta":{},"tags":[]},{"ancestorTitles":["L3 G1/G3 freeze packet v2"],"fullName":"L3 G1/G3 freeze packet v2 U-RVIDENT-011: reviewer identity設計登録をG3 freeze digestへ伝播する","status":"passed","title":"U-RVIDENT-011: reviewer identity設計登録をG3 freeze digestへ伝播する","duration":0.3168100000038976,"failureMessages":[],"meta":{},"tags":[]},{"ancestorTitles":["L3 G1/G3 freeze packet v2"],"fullName":"L3 G1/G3 freeze packet v2 U-WFCAT-005: propagates the workflow catalog design registration into the G3 freeze digest","status":"passed","title":"U-WFCAT-005: propagates the workflow catalog design registration into the G3 freeze digest","duration":0.23421500000404194,"failureMessages":[],"meta":{},"tags":[]},{"ancestorTitles":["L3 G1/G3 freeze packet v2"],"fullName":"L3 G1/G3 freeze packet v2 U-WFROUTE-005: propagates the typed routing design registration into the G3 freeze digest","status":"passed","title":"U-WFROUTE-005: propagates the typed routing design registration into the G3 freeze digest","duration":0.20211299999209587,"failureMessages":[],"meta":{},"tags":[]},{"ancestorTitles":["L3 G1/G3 freeze packet v2"],"fullName":"L3 G1/G3 freeze packet v2 U-SDDA-007: state DB authority registrationをL3 freeze digestへ同期する","status":"passed","title":"U-SDDA-007: state DB authority registrationをL3 freeze digestへ同期する","duration":0.1638879999954952,"failureMessages":[],"meta":{},"tags":[]},{"ancestorTitles":["L3 G1/G3 freeze packet v2"],"fullName":"L3 G1/G3 freeze packet v2 U-WFEPROJ-005: propagates policy projection design registration into the G3 freeze digest","status":"passed","title":"U-WFEPROJ-005: propagates policy projection design registration into the G3 freeze digest","duration":0.23124900000402704,"failureMessages":[],"meta":{},"tags":[]},{"ancestorTitles":["L3 G1/G3 freeze packet v2"],"fullName":"L3 G1/G3 freeze packet v2 U-WFEPOLRES-005: propagates policy resolution design registration into the G3 freeze digest","status":"passed","title":"U-WFEPOLRES-005: propagates policy resolution design registration into the G3 freeze digest","duration":0.208215000006021,"failureMessages":[],"meta":{},"tags":[]},{"ancestorTitles":["L3 G1/G3 freeze packet v2"],"fullName":"L3 G1/G3 freeze packet v2 U-WFEXROUTE-005: propagates routing consumer registration into the G3 freeze digest","status":"passed","title":"U-WFEXROUTE-005: propagates routing consumer registration into the G3 freeze digest","duration":0.32328399999823887,"failureMessages":[],"meta":{},"tags":[]},{"ancestorTitles":["L3 G1/G3 freeze packet v2"],"fullName":"L3 G1/G3 freeze packet v2 U-WFEXCLI-005: propagates routing CLI registration into the G3 freeze digest","status":"passed","title":"U-WFEXCLI-005: propagates routing CLI registration into the G3 freeze digest","duration":0.3353509999869857,"failureMessages":[],"meta":{},"tags":[]},{"ancestorTitles":["L3 G1/G3 freeze packet v2"],"fullName":"L3 G1/G3 freeze packet v2 U-TPWID-005: propagates typed PLAN identity pair into the G3 freeze digest","status":"passed","title":"U-TPWID-005: propagates typed PLAN identity pair into the G3 freeze digest","duration":0.34293699999398086,"failureMessages":[],"meta":{},"tags":[]},{"ancestorTitles":["L3 G1/G3 freeze packet v2"],"fullName":"L3 G1/G3 freeze packet v2 U-GWID-006: propagates GitHub workflow identity contract pair into the G3 freeze digest","status":"passed","title":"U-GWID-006: propagates GitHub workflow identity contract pair into the G3 freeze digest","duration":0.3067039999878034,"failureMessages":[],"meta":{},"tags":[]},{"ancestorTitles":["L3 G1/G3 freeze packet v2"],"fullName":"L3 G1/G3 freeze packet v2 U-GWIDADM-008: GitHub workflow identity admission pairをG3 freeze digestへ伝播する","status":"passed","title":"U-GWIDADM-008: GitHub workflow identity admission pairをG3 freeze digestへ伝播する","duration":0.2254419999953825,"failureMessages":[],"meta":{},"tags":[]},{"ancestorTitles":["L3 G1/G3 freeze packet v2"],"fullName":"L3 G1/G3 freeze packet v2 U-DBWID-006: PLAN registry typed identity pairをG3 freeze digestへ伝播する","status":"passed","title":"U-DBWID-006: PLAN registry typed identity pairをG3 freeze digestへ伝播する","duration":0.2983020000101533,"failureMessages":[],"meta":{},"tags":[]},{"ancestorTitles":["L3 G1/G3 freeze packet v2"],"fullName":"L3 G1/G3 freeze packet v2 U-WFLEG-007: legacy adapter設計登録をG3 freeze digestへ伝播する","status":"passed","title":"U-WFLEG-007: legacy adapter設計登録をG3 freeze digestへ伝播する","duration":0.2518229999986943,"failureMessages":[],"meta":{},"tags":[]},{"ancestorTitles":["L3 G1/G3 freeze packet v2"],"fullName":"L3 G1/G3 freeze packet v2 U-DESIGNELIC-004: design elicitation typed分類登録をG3 freeze digestへ伝播する","status":"passed","title":"U-DESIGNELIC-004: design elicitation typed分類登録をG3 freeze digestへ伝播する","duration":0.25936700000602286,"failureMessages":[],"meta":{},"tags":[]},{"ancestorTitles":["L3 G1/G3 freeze packet v2"],"fullName":"L3 G1/G3 freeze packet v2 keeps every new L3 owner visible as an unresolved post-freeze downstream obligation","status":"passed","title":"keeps every new L3 owner visible as an unresolved post-freeze downstream obligation","duration":0.35064999999303836,"failureMessages":[],"meta":{},"tags":[]},{"ancestorTitles":["L3 G1/G3 freeze packet v2"],"fullName":"L3 G1/G3 freeze packet v2 freezes development style, case-driven model, and specialist process as separate axes","status":"passed","title":"freezes development style, case-driven model, and specialist process as separate axes","duration":0.2390460000024177,"failureMessages":[],"meta":{},"tags":[]},{"ancestorTitles":["L3 G1/G3 freeze packet v2"],"fullName":"L3 G1/G3 freeze packet v2 contains the five-question batch and unresolved issue dispositions","status":"passed","title":"contains the five-question batch and unresolved issue dispositions","duration":1.9410270000080345,"failureMessages":[],"meta":{},"tags":[]},{"ancestorTitles":["L3 G1/G3 freeze packet v2"],"fullName":"L3 G1/G3 freeze packet v2 binds the five PO decisions and the snapshot-bound G1/G3 freeze without downstream claims","status":"passed","title":"binds the five PO decisions and the snapshot-bound G1/G3 freeze without downstream claims","duration":0.9675090000091586,"failureMessages":[],"meta":{},"tags":[]},{"ancestorTitles":["L3 G1/G3 freeze packet v2"],"fullName":"L3 G1/G3 freeze packet v2 U-UIL-AUTH-001: keeps the Universal Improvement Loop L3/L10 identity sets exact","status":"passed","title":"U-UIL-AUTH-001: keeps the Universal Improvement Loop L3/L10 identity sets exact","duration":0.6769529999874067,"failureMessages":[],"meta":{},"tags":[]},{"ancestorTitles":["L3 G1/G3 freeze packet v2"],"fullName":"L3 G1/G3 freeze packet v2 U-UIL-AUTH-002: maps every Universal Improvement Loop acceptance row to the exact requirement set","status":"passed","title":"U-UIL-AUTH-002: maps every Universal Improvement Loop acceptance row to the exact requirement set","duration":0.34788400000252295,"failureMessages":[],"meta":{},"tags":[]},{"ancestorTitles":["L3 G1/G3 freeze packet v2"],"fullName":"L3 G1/G3 freeze packet v2 U-UIL-AUTH-003: binds confirmed L3/L10 status and reciprocal PLAN identity","status":"passed","title":"U-UIL-AUTH-003: binds confirmed L3/L10 status and reciprocal PLAN identity","duration":0.19055400000070222,"failureMessages":[],"meta":{},"tags":[]},{"ancestorTitles":["L3 G1/G3 freeze packet v2"],"fullName":"L3 G1/G3 freeze packet v2 U-UIL-AUTH-004: keeps the eight implementation slices explicit and unique","status":"passed","title":"U-UIL-AUTH-004: keeps the eight implementation slices explicit and unique","duration":0.16050899999390822,"failureMessages":[],"meta":{},"tags":[]}],"startTime":1788992809227,"endTime":1788992908123.323,"status":"passed","message":"","name":"/home/tenni/.helix-worktrees/claude-i1710/tests/l3-g3-freeze-packet-v2.test.ts"},{"assertionResults":[{"ancestorTitles":["compatibility-only PLAN authority boundary"],"fullName":"compatibility-only PLAN authority boundary U-CPP-001: current parent mutation is RED: %s","status":"passed","title":"U-CPP-001: current parent mutation is RED: %s","duration":2.9519000000000233,"failureMessages":[],"meta":{},"tags":[]},{"ancestorTitles":["compatibility-only PLAN authority boundary"],"fullName":"compatibility-only PLAN authority boundary U-CPP-002: typed historical provenance alone is GREEN and retained by schema","status":"passed","title":"U-CPP-002: typed historical provenance alone is GREEN and retained by schema","duration":1.127234000000044,"failureMessages":[],"meta":{},"tags":[]},{"ancestorTitles":["compatibility-only PLAN authority boundary"],"fullName":"compatibility-only PLAN authority boundary U-CPP-003: untyped references cannot carry legacy authority","status":"passed","title":"U-CPP-003: untyped references cannot carry legacy authority","duration":0.3856220000000121,"failureMessages":[],"meta":{},"tags":[]},{"ancestorTitles":["compatibility-only PLAN authority boundary"],"fullName":"compatibility-only PLAN authority boundary U-CPP-004: untyped or confused provenance is RED","status":"passed","title":"U-CPP-004: untyped or confused provenance is RED","duration":1.576816000000008,"failureMessages":[],"meta":{},"tags":[]},{"ancestorTitles":["compatibility-only PLAN authority boundary"],"fullName":"compatibility-only PLAN authority boundary U-CPP-005: provenance does not waive a simultaneous current parent","status":"passed","title":"U-CPP-005: provenance does not waive a simultaneous current parent","duration":0.2148899999999685,"failureMessages":[],"meta":{},"tags":[]},{"ancestorTitles":["compatibility-only PLAN authority boundary"],"fullName":"compatibility-only PLAN authority boundary U-CPP-006: inventory membership, old date and confirmed status do not waive current edges","status":"passed","title":"U-CPP-006: inventory membership, old date and confirmed status do not waive current edges","duration":0.1999519999999393,"failureMessages":[],"meta":{},"tags":[]},{"ancestorTitles":["compatibility-only PLAN authority boundary"],"fullName":"compatibility-only PLAN authority boundary U-CPP-007: historical reader is retained but malformed typed history is rejected","status":"passed","title":"U-CPP-007: historical reader is retained but malformed typed history is rejected","duration":0.27662499999996726,"failureMessages":[],"meta":{},"tags":[]},{"ancestorTitles":["compatibility-only PLAN authority boundary"],"fullName":"compatibility-only PLAN authority boundary U-CPP-008: invalid inventory fails closed even with no documents","status":"passed","title":"U-CPP-008: invalid inventory fails closed even with no documents","duration":0.09438700000009703,"failureMessages":[],"meta":{},"tags":[]},{"ancestorTitles":["compatibility-only PLAN authority boundary"],"fullName":"compatibility-only PLAN authority boundary U-CPP-009: empty history is valid; duplicate history is invalid","status":"passed","title":"U-CPP-009: empty history is valid; duplicate history is invalid","duration":0.45588599999996404,"failureMessages":[],"meta":{},"tags":[]},{"ancestorTitles":["compatibility-only PLAN authority boundary"],"fullName":"compatibility-only PLAN authority boundary U-CPP-014: dependency type confusion is RED (%j)","status":"passed","title":"U-CPP-014: dependency type confusion is RED (%j)","duration":0.5399119999999584,"failureMessages":[],"meta":{},"tags":[]},{"ancestorTitles":["compatibility-only PLAN authority boundary"],"fullName":"compatibility-only PLAN authority boundary U-CPP-010: frozen inventory bytes remain unchanged","status":"passed","title":"U-CPP-010: frozen inventory bytes remain unchanged","duration":0.9128100000000359,"failureMessages":[],"meta":{},"tags":[]},{"ancestorTitles":["compatibility-only PLAN authority boundary"],"fullName":"compatibility-only PLAN authority boundary U-CPP-011: default PLAN lint and doctor governance reject the same current parent","status":"passed","title":"U-CPP-011: default PLAN lint and doctor governance reject the same current parent","duration":10.709757000000081,"failureMessages":[],"meta":{},"tags":[]},{"ancestorTitles":["compatibility-only PLAN authority boundary"],"fullName":"compatibility-only PLAN authority boundary U-CPP-012: split consumers remain visible in the exact baseline without being edited","status":"passed","title":"U-CPP-012: split consumers remain visible in the exact baseline without being edited","duration":1.2445479999998952,"failureMessages":[],"meta":{},"tags":[]},{"ancestorTitles":["compatibility-only PLAN authority boundary"],"fullName":"compatibility-only PLAN authority boundary U-CPP-015: exact-edge baseline permits existing debt but rejects a new edge on the same PLAN","status":"passed","title":"U-CPP-015: exact-edge baseline permits existing debt but rejects a new edge on the same PLAN","duration":0.4431929999998374,"failureMessages":[],"meta":{},"tags":[]},{"ancestorTitles":["compatibility-only PLAN authority boundary"],"fullName":"compatibility-only PLAN authority boundary U-CPP-013: frontmatter preserves history without reemitting a dependency","status":"passed","title":"U-CPP-013: frontmatter preserves history without reemitting a dependency","duration":0.4147370000000592,"failureMessages":[],"meta":{},"tags":[]}],"startTime":1788992909874,"endTime":1788992909895.443,"status":"passed","message":"","name":"/home/tenni/.helix-worktrees/claude-i1710/tests/plan-compatibility-parent.test.ts"},{"assertionResults":[{"ancestorTitles":["plan schedule lint (IMP-081)"],"fullName":"plan schedule lint (IMP-081) U-PLANSCH-001: §工程表 section を抽出する","status":"passed","title":"U-PLANSCH-001: §工程表 section を抽出する","duration":1.081592999999998,"failureMessages":[],"meta":{},"tags":[]},{"ancestorTitles":["plan schedule lint (IMP-081)"],"fullName":"plan schedule lint (IMP-081) U-PLANSCH-002: 準拠 PLAN は ok","status":"passed","title":"U-PLANSCH-002: 準拠 PLAN は ok","duration":0.9284789999999816,"failureMessages":[],"meta":{},"tags":[]},{"ancestorTitles":["plan schedule lint (IMP-081)"],"fullName":"plan schedule lint (IMP-081) U-PLANSCH-003: [並列]/[直列] 欠落 Step は violation","status":"passed","title":"U-PLANSCH-003: [並列]/[直列] 欠落 Step は violation","duration":0.363851000000011,"failureMessages":[],"meta":{},"tags":[]},{"ancestorTitles":["plan schedule lint (IMP-081)"],"fullName":"plan schedule lint (IMP-081) U-PLANSCH-004: [直列] の3条件理由欠落は violation","status":"passed","title":"U-PLANSCH-004: [直列] の3条件理由欠落は violation","duration":0.25263899999998785,"failureMessages":[],"meta":{},"tags":[]},{"ancestorTitles":["plan schedule lint (IMP-081)"],"fullName":"plan schedule lint (IMP-081) U-PLANSCH-005: review Step 不在は violation","status":"passed","title":"U-PLANSCH-005: review Step 不在は violation","duration":0.13718900000003487,"failureMessages":[],"meta":{},"tags":[]},{"ancestorTitles":["plan schedule lint (IMP-081)"],"fullName":"plan schedule lint (IMP-081) U-PLANSCH-006: §3.1 実装計画 不在は violation","status":"passed","title":"U-PLANSCH-006: §3.1 実装計画 不在は violation","duration":0.17392200000000457,"failureMessages":[],"meta":{},"tags":[]},{"ancestorTitles":["plan schedule lint (IMP-081)"],"fullName":"plan schedule lint (IMP-081) U-PLANSCH-007: --gate G3-trace runs the trace lint","status":"passed","title":"U-PLANSCH-007: --gate G3-trace runs the trace lint","duration":2.391795000000002,"failureMessages":[],"meta":{},"tags":[]},{"ancestorTitles":["plan schedule lint (IMP-081)"],"fullName":"plan schedule lint (IMP-081) U-PLANSCH-008: --gate G3-trace fails closed when required docs are missing","status":"passed","title":"U-PLANSCH-008: --gate G3-trace fails closed when required docs are missing","duration":0.17135700000000043,"failureMessages":[],"meta":{},"tags":[]},{"ancestorTitles":["plan schedule lint (IMP-081)"],"fullName":"plan schedule lint (IMP-081) U-PLANSCH-009: --gate G1-trace runs the trace lint","status":"passed","title":"U-PLANSCH-009: --gate G1-trace runs the trace lint","duration":5.911894999999959,"failureMessages":[],"meta":{},"tags":[]},{"ancestorTitles":["plan schedule lint (IMP-081)"],"fullName":"plan schedule lint (IMP-081) U-PLANSCH-010: unknown gate fails closed","status":"passed","title":"U-PLANSCH-010: unknown gate fails closed","duration":0.17952500000001237,"failureMessages":[],"meta":{},"tags":[]},{"ancestorTitles":["plan schedule lint (IMP-081)"],"fullName":"plan schedule lint (IMP-081) U-PLANGOV-001: valid frontmatter/cross-record fixture passes","status":"passed","title":"U-PLANGOV-001: valid frontmatter/cross-record fixture passes","duration":9.789944999999989,"failureMessages":[],"meta":{},"tags":[]},{"ancestorTitles":["plan schedule lint (IMP-081)"],"fullName":"plan schedule lint (IMP-081) U-PLANGOV-L12-001: new L13/L14 authoring is rejected while exact legacy files remain readable","status":"passed","title":"U-PLANGOV-L12-001: new L13/L14 authoring is rejected while exact legacy files remain readable","duration":3.2467589999999973,"failureMessages":[],"meta":{},"tags":[]},{"ancestorTitles":["plan schedule lint (IMP-081)"],"fullName":"plan schedule lint (IMP-081) U-PLANGOV-L12-002: blocked test-designのconsumer edgeをfrontmatter全体から拒否する","status":"passed","title":"U-PLANGOV-L12-002: blocked test-designのconsumer edgeをfrontmatter全体から拒否する","duration":1.832495999999992,"failureMessages":[],"meta":{},"tags":[]},{"ancestorTitles":["plan schedule lint (IMP-081)"],"fullName":"plan schedule lint (IMP-081) U-PLANGOV-L12-003: existing consumer baselineは固定し、新規edgeだけを拒否する","status":"passed","title":"U-PLANGOV-L12-003: existing consumer baselineは固定し、新規edgeだけを拒否する","duration":1.462850000000003,"failureMessages":[],"meta":{},"tags":[]},{"ancestorTitles":["plan schedule lint (IMP-081)"],"fullName":"plan schedule lint (IMP-081) U-PLANGOV-001b: kindを問わず不存在のPLAN parentをfail-closeにする","status":"passed","title":"U-PLANGOV-001b: kindを問わず不存在のPLAN parentをfail-closeにする","duration":1.805628000000013,"failureMessages":[],"meta":{},"tags":[]},{"ancestorTitles":["plan schedule lint (IMP-081)"],"fullName":"plan schedule lint (IMP-081) U-PLANGOV-001b-legacy: enforcement境界前の既存PLANは parent debt を grandfatherする","status":"passed","title":"U-PLANGOV-001b-legacy: enforcement境界前の既存PLANは parent debt を grandfatherする","duration":1.5684569999999667,"failureMessages":[],"meta":{},"tags":[]},{"ancestorTitles":["plan schedule lint (IMP-081)"],"fullName":"plan schedule lint (IMP-081) U-PLANGOV-001c: 非 add-* PLAN は parent 実在性だけを検査する","status":"passed","title":"U-PLANGOV-001c: 非 add-* PLAN は parent 実在性だけを検査する","duration":2.2774480000000494,"failureMessages":[],"meta":{},"tags":[]},{"ancestorTitles":["plan schedule lint (IMP-081)"],"fullName":"plan schedule lint (IMP-081) U-PLANGOV-002: schema, sub_doc, duplicate, and skip-reason violations are reported","status":"passed","title":"U-PLANGOV-002: schema, sub_doc, duplicate, and skip-reason violations are reported","duration":6.268562999999972,"failureMessages":[],"meta":{},"tags":[]},{"ancestorTitles":["plan schedule lint (IMP-081)"],"fullName":"plan schedule lint (IMP-081) U-PLANGOV-006: L4 標準成果物カタログ拡張 (report/batch/notification/code-value) を plan lint が valid sub_doc として受理","status":"passed","title":"U-PLANGOV-006: L4 標準成果物カタログ拡張 (report/batch/notification/code-value) を plan lint が valid sub_doc として受理","duration":4.698230999999964,"failureMessages":[],"meta":{},"tags":[]},{"ancestorTitles":["plan schedule lint (IMP-081)"],"fullName":"plan schedule lint (IMP-081) U-PLANGOV-003: parent/requires/parent_design cross-record checks fail closed","status":"passed","title":"U-PLANGOV-003: parent/requires/parent_design cross-record checks fail closed","duration":2.9827099999999973,"failureMessages":[],"meta":{},"tags":[]},{"ancestorTitles":["plan schedule lint (IMP-081)"],"fullName":"plan schedule lint (IMP-081) U-PLANGOV-004: artifact requires use filesystem existence instead of PLAN status","status":"passed","title":"U-PLANGOV-004: artifact requires use filesystem existence instead of PLAN status","duration":3.340818000000013,"failureMessages":[],"meta":{},"tags":[]},{"ancestorTitles":["plan schedule lint (IMP-081)"],"fullName":"plan schedule lint (IMP-081) U-PLANGOV-005: --gate governance runs strict PLAN governance lint","status":"passed","title":"U-PLANGOV-005: --gate governance runs strict PLAN governance lint","duration":4.3350619999999935,"failureMessages":[],"meta":{},"tags":[]},{"ancestorTitles":["plan schedule lint (IMP-081)"],"fullName":"plan schedule lint (IMP-081) U-PLANGOV-015: scope_digest detects undeclared DoD scope shrink","status":"passed","title":"U-PLANGOV-015: scope_digest detects undeclared DoD scope shrink","duration":1.3975350000000049,"failureMessages":[],"meta":{},"tags":[]},{"ancestorTitles":["plan schedule lint (IMP-081)"],"fullName":"plan schedule lint (IMP-081) U-PLANGOV-016: scope_digest accepts explicit waiver notation","status":"passed","title":"U-PLANGOV-016: scope_digest accepts explicit waiver notation","duration":0.932705999999996,"failureMessages":[],"meta":{},"tags":[]},{"ancestorTitles":["plan schedule lint (IMP-081)"],"fullName":"plan schedule lint (IMP-081) U-PLANGOV-017: scope_digest rejects malformed waiver notation","status":"passed","title":"U-PLANGOV-017: scope_digest rejects malformed waiver notation","duration":0.9851070000000277,"failureMessages":[],"meta":{},"tags":[]},{"ancestorTitles":["plan schedule lint (IMP-081)"],"fullName":"plan schedule lint (IMP-081) U-PLANGOV-018: forward_routing is rejected outside reverse R4","status":"passed","title":"U-PLANGOV-018: forward_routing is rejected outside reverse R4","duration":2.1098910000000046,"failureMessages":[],"meta":{},"tags":[]},{"ancestorTitles":["plan schedule lint (IMP-081)"],"fullName":"plan schedule lint (IMP-081) U-PLANGOV-019: reverse R4 forward_routing remains valid","status":"passed","title":"U-PLANGOV-019: reverse R4 forward_routing remains valid","duration":1.413882000000001,"failureMessages":[],"meta":{},"tags":[]},{"ancestorTitles":["plan schedule lint (IMP-081)"],"fullName":"plan schedule lint (IMP-081) U-PLANGOV-007: progress color DB projection requires Reverse and upstream design backprop","status":"passed","title":"U-PLANGOV-007: progress color DB projection requires Reverse and upstream design backprop","duration":1.1128049999999803,"failureMessages":[],"meta":{},"tags":[]},{"ancestorTitles":["plan schedule lint (IMP-081)"],"fullName":"plan schedule lint (IMP-081) U-PLANGOV-008: progress color DB projection passes with fullback and V-model coverage","status":"passed","title":"U-PLANGOV-008: progress color DB projection passes with fullback and V-model coverage","duration":1.9795270000000187,"failureMessages":[],"meta":{},"tags":[]},{"ancestorTitles":["plan schedule lint (IMP-081)"],"fullName":"plan schedule lint (IMP-081) U-PLANGOV-009: new R4 fullback requires generated design/governance/test-design backprop","status":"passed","title":"U-PLANGOV-009: new R4 fullback requires generated design/governance/test-design backprop","duration":1.4408879999999726,"failureMessages":[],"meta":{},"tags":[]},{"ancestorTitles":["plan schedule lint (IMP-081)"],"fullName":"plan schedule lint (IMP-081) U-PLANGOV-010: new R4 fullback passes when generated backprop artifact is present","status":"passed","title":"U-PLANGOV-010: new R4 fullback passes when generated backprop artifact is present","duration":1.901091000000008,"failureMessages":[],"meta":{},"tags":[]},{"ancestorTitles":["plan schedule lint (IMP-081)"],"fullName":"plan schedule lint (IMP-081) U-PLANGOV-011: legacy R4 fullback debt remains observable but is not retroactively hard-failed","status":"passed","title":"U-PLANGOV-011: legacy R4 fullback debt remains observable but is not retroactively hard-failed","duration":0.9978629999999953,"failureMessages":[],"meta":{},"tags":[]},{"ancestorTitles":["plan schedule lint (IMP-081)"],"fullName":"plan schedule lint (IMP-081) U-PLANGOV-011b: new R4 fullback requires explicit requirements/L4/L5 backprop scope","status":"passed","title":"U-PLANGOV-011b: new R4 fullback requires explicit requirements/L4/L5 backprop scope","duration":0.955695999999989,"failureMessages":[],"meta":{},"tags":[]},{"ancestorTitles":["plan schedule lint (IMP-081)"],"fullName":"plan schedule lint (IMP-081) U-PLANGOV-011c: updated backprop scope must cite a generated evidence path","status":"passed","title":"U-PLANGOV-011c: updated backprop scope must cite a generated evidence path","duration":1.2501100000000065,"failureMessages":[],"meta":{},"tags":[]},{"ancestorTitles":["plan schedule lint (IMP-081)"],"fullName":"plan schedule lint (IMP-081) U-RFSCOPE-001: required外 layerのinvalid decision","status":"passed","title":"U-RFSCOPE-001: required外 layerのinvalid decision","duration":1.5570149999999785,"failureMessages":[],"meta":{},"tags":[]},{"ancestorTitles":["plan schedule lint (IMP-081)"],"fullName":"plan schedule lint (IMP-081) U-RFSCOPE-002: required外 layerの未生成updated evidence","status":"passed","title":"U-RFSCOPE-002: required外 layerの未生成updated evidence","duration":1.5428079999999795,"failureMessages":[],"meta":{},"tags":[]},{"ancestorTitles":["plan schedule lint (IMP-081)"],"fullName":"plan schedule lint (IMP-081) U-RFSCOPE-003: required外 layerのvalid not_impacted decisionは受理する","status":"passed","title":"U-RFSCOPE-003: required外 layerのvalid not_impacted decisionは受理する","duration":2.1580149999999776,"failureMessages":[],"meta":{},"tags":[]},{"ancestorTitles":["plan schedule lint (IMP-081)"],"fullName":"plan schedule lint (IMP-081) U-PLANGOV-011d: new fullback body cannot claim an ungenerated backprop artifact path","status":"passed","title":"U-PLANGOV-011d: new fullback body cannot claim an ungenerated backprop artifact path","duration":2.5301509999999894,"failureMessages":[],"meta":{},"tags":[]},{"ancestorTitles":["plan schedule lint (IMP-081)"],"fullName":"plan schedule lint (IMP-081) U-PLANGOV-011e: new non-fullback R4 reverse cannot claim an ungenerated upstream artifact path","status":"passed","title":"U-PLANGOV-011e: new non-fullback R4 reverse cannot claim an ungenerated upstream artifact path","duration":0.772515999999996,"failureMessages":[],"meta":{},"tags":[]},{"ancestorTitles":["plan schedule lint (IMP-081)"],"fullName":"plan schedule lint (IMP-081) U-PLANGOV-011f: new non-fullback R4 reverse passes when claimed upstream artifact is generated","status":"passed","title":"U-PLANGOV-011f: new non-fullback R4 reverse passes when claimed upstream artifact is generated","duration":0.9074809999999616,"failureMessages":[],"meta":{},"tags":[]},{"ancestorTitles":["plan schedule lint (IMP-081)"],"fullName":"plan schedule lint (IMP-081) U-PLANGOV-011i: R4 frontmatter declarations are not body artifact claims","status":"passed","title":"U-PLANGOV-011i: R4 frontmatter declarations are not body artifact claims","duration":0.9633039999999937,"failureMessages":[],"meta":{},"tags":[]},{"ancestorTitles":["plan schedule lint (IMP-081)"],"fullName":"plan schedule lint (IMP-081) U-PLANGOV-011g: legacy non-fullback R4 reverse claimed-artifact debt is not retroactively failed","status":"passed","title":"U-PLANGOV-011g: legacy non-fullback R4 reverse claimed-artifact debt is not retroactively failed","duration":0.7445670000000177,"failureMessages":[],"meta":{},"tags":[]},{"ancestorTitles":["plan schedule lint (IMP-081)"],"fullName":"plan schedule lint (IMP-081) U-PLANGOV-011h: new non-fullback R4 route to design layer requires backprop evidence","status":"passed","title":"U-PLANGOV-011h: new non-fullback R4 route to design layer requires backprop evidence","duration":0.6300400000000081,"failureMessages":[],"meta":{},"tags":[]},{"ancestorTitles":["plan schedule lint (IMP-081)"],"fullName":"plan schedule lint (IMP-081) U-PLANGOV-011i: new non-fullback R4 route passes with upstream generated artifact","status":"passed","title":"U-PLANGOV-011i: new non-fullback R4 route passes with upstream generated artifact","duration":0.9028509999999983,"failureMessages":[],"meta":{},"tags":[]},{"ancestorTitles":["plan schedule lint (IMP-081)"],"fullName":"plan schedule lint (IMP-081) U-PLANGOV-011j: new non-fullback R4 route passes with explicit no-backprop decision","status":"passed","title":"U-PLANGOV-011j: new non-fullback R4 route passes with explicit no-backprop decision","duration":0.9962209999999914,"failureMessages":[],"meta":{},"tags":[]},{"ancestorTitles":["plan schedule lint (IMP-081)"],"fullName":"plan schedule lint (IMP-081) U-PLANGOV-011k: new drive-model PLANs require mandatory agent roles","status":"passed","title":"U-PLANGOV-011k: new drive-model PLANs require mandatory agent roles","duration":1.742494000000022,"failureMessages":[],"meta":{},"tags":[]},{"ancestorTitles":["plan schedule lint (IMP-081)"],"fullName":"plan schedule lint (IMP-081) U-PLANGOV-011l: mandatory role gate passes with required roles and spares legacy debt","status":"passed","title":"U-PLANGOV-011l: mandatory role gate passes with required roles and spares legacy debt","duration":1.512422000000015,"failureMessages":[],"meta":{},"tags":[]},{"ancestorTitles":["plan schedule lint (IMP-081)"],"fullName":"plan schedule lint (IMP-081) U-PLANGOV-011m: new PLANs must use kind-compatible authoring layers","status":"passed","title":"U-PLANGOV-011m: new PLANs must use kind-compatible authoring layers","duration":2.0896169999999756,"failureMessages":[],"meta":{},"tags":[]},{"ancestorTitles":["plan schedule lint (IMP-081)"],"fullName":"plan schedule lint (IMP-081) U-PLANGOV-011n: kind-compatible layers and master hubs pass","status":"passed","title":"U-PLANGOV-011n: kind-compatible layers and master hubs pass","duration":2.83585800000003,"failureMessages":[],"meta":{},"tags":[]},{"ancestorTitles":["plan schedule lint (IMP-081)"],"fullName":"plan schedule lint (IMP-081) U-PLANGOV-012: docs/design generated artifacts must use design_doc","status":"passed","title":"U-PLANGOV-012: docs/design generated artifacts must use design_doc","duration":1.1536989999999605,"failureMessages":[],"meta":{},"tags":[]},{"ancestorTitles":["plan schedule lint (IMP-081)"],"fullName":"plan schedule lint (IMP-081) U-PLANGOV-013: docs/test-design generated artifacts must use test_design","status":"passed","title":"U-PLANGOV-013: docs/test-design generated artifacts must use test_design","duration":0.5897170000000074,"failureMessages":[],"meta":{},"tags":[]},{"ancestorTitles":["plan schedule lint (IMP-081)"],"fullName":"plan schedule lint (IMP-081) U-PLANGOV-014: docs/plans generated artifacts remain markdown_doc","status":"passed","title":"U-PLANGOV-014: docs/plans generated artifacts remain markdown_doc","duration":0.6119970000000308,"failureMessages":[],"meta":{},"tags":[]},{"ancestorTitles":["plan schedule lint (IMP-081)"],"fullName":"plan schedule lint (IMP-081) U-PLANGOV-020: S3/S4 poc は s4_decision_record block を持たなければならない (起票完全性、PLAN-L7-332)","status":"passed","title":"U-PLANGOV-020: S3/S4 poc は s4_decision_record block を持たなければならない (起票完全性、PLAN-L7-332)","duration":1.63771399999996,"failureMessages":[],"meta":{},"tags":[]},{"ancestorTitles":["plan schedule lint (IMP-081)"],"fullName":"plan schedule lint (IMP-081) U-PLANGOV-021: reverse は起票時から pair_artifact を明示する (PLAN-L7-331 完遂検査と対)","status":"passed","title":"U-PLANGOV-021: reverse は起票時から pair_artifact を明示する (PLAN-L7-331 完遂検査と対)","duration":1.291938000000016,"failureMessages":[],"meta":{},"tags":[]},{"ancestorTitles":["plan schedule lint (IMP-081)"],"fullName":"plan schedule lint (IMP-081) U-PLANSCH-011: active gate docs do not point to stale trace/stub commands","status":"passed","title":"U-PLANSCH-011: active gate docs do not point to stale trace/stub commands","duration":1.2073400000000447,"failureMessages":[],"meta":{},"tags":[]}],"startTime":1788992908174,"endTime":1788992908275.2073,"status":"passed","message":"","name":"/home/tenni/.helix-worktrees/claude-i1710/tests/plan-lint.test.ts"}]}