{"numTotalTestSuites":6,"numPassedTestSuites":6,"numFailedTestSuites":0,"numPendingTestSuites":0,"numTotalTests":75,"numPassedTests":75,"numFailedTests":0,"numPendingTests":0,"numTodoTests":0,"snapshot":{"added":0,"failure":false,"filesAdded":0,"filesRemoved":0,"filesRemovedList":[],"filesUnmatched":0,"filesUpdated":0,"matched":0,"total":0,"unchecked":0,"uncheckedKeysByFile":[],"unmatched":0,"updated":0,"didUpdate":false},"startTime":1788905498337,"success":true,"testResults":[{"assertionResults":[{"ancestorTitles":["design-language lint"],"fullName":"design-language lint U-DESLANG-001: passes Japanese prose while allowing technical identifiers","status":"passed","title":"U-DESLANG-001: passes Japanese prose while allowing technical identifiers","duration":2.3321719999999004,"failureMessages":[],"meta":{},"tags":[]},{"ancestorTitles":["design-language lint"],"fullName":"design-language lint U-DESLANG-002: detects English-only headings and prose","status":"passed","title":"U-DESLANG-002: detects English-only headings and prose","duration":0.6191850000000159,"failureMessages":[],"meta":{},"tags":[]},{"ancestorTitles":["design-language lint"],"fullName":"design-language lint U-DESLANG-003: allows existing baseline debt but fails when debt increases","status":"passed","title":"U-DESLANG-003: allows existing baseline debt but fails when debt increases","duration":0.6039160000000265,"failureMessages":[],"meta":{},"tags":[]},{"ancestorTitles":["design-language lint"],"fullName":"design-language lint U-DESLANG-005: fails same-count English prose replacement by fingerprint drift","status":"passed","title":"U-DESLANG-005: fails same-count English prose replacement by fingerprint drift","duration":0.3257180000000517,"failureMessages":[],"meta":{},"tags":[]},{"ancestorTitles":["design-language lint"],"fullName":"design-language lint U-DESLANG-004: real repo human-facing docs do not exceed the frozen English-prose baseline","status":"passed","title":"U-DESLANG-004: real repo human-facing docs do not exceed the frozen English-prose baseline","duration":199.77302999999984,"failureMessages":[],"meta":{},"tags":[]},{"ancestorTitles":["design-language lint"],"fullName":"design-language lint U-DESLANG-006: includes memory, templates, and feedback docs in the real repo audit","status":"passed","title":"U-DESLANG-006: includes memory, templates, and feedback docs in the real repo audit","duration":75.36811399999988,"failureMessages":[],"meta":{},"tags":[]},{"ancestorTitles":["design-language lint"],"fullName":"design-language lint U-DESLANG-007: detects English prose in expanded template roots","status":"passed","title":"U-DESLANG-007: detects English prose in expanded template roots","duration":3.790733000000273,"failureMessages":[],"meta":{},"tags":[]},{"ancestorTitles":["design-language lint"],"fullName":"design-language lint U-DESLANG-008: ignores structured record headers as machine fields","status":"passed","title":"U-DESLANG-008: ignores structured record headers as machine fields","duration":0.19475000000011278,"failureMessages":[],"meta":{},"tags":[]},{"ancestorTitles":["design-language lint"],"fullName":"design-language lint U-DESLANG-012: generated Requirement IR refinement table rows are machine fields","status":"passed","title":"U-DESLANG-012: generated Requirement IR refinement table rows are machine fields","duration":0.4165610000000015,"failureMessages":[],"meta":{},"tags":[]},{"ancestorTitles":["design-language lint"],"fullName":"design-language lint U-DESLANG-011: limits the G-10 structured audit exception to its canonical record","status":"passed","title":"U-DESLANG-011: limits the G-10 structured audit exception to its canonical record","duration":0.6241350000000239,"failureMessages":[],"meta":{},"tags":[]},{"ancestorTitles":["design-language lint"],"fullName":"design-language lint U-DESLANG-009: includes every non-README tracked Markdown document in the real repo audit","status":"passed","title":"U-DESLANG-009: includes every non-README tracked Markdown document in the real repo audit","duration":103.51035500000035,"failureMessages":[],"meta":{},"tags":[]},{"ancestorTitles":["design-language lint"],"fullName":"design-language lint U-DESLANG-010: ignores generated and byte-preserved handover history while keeping live authored docs","status":"passed","title":"U-DESLANG-010: ignores generated and byte-preserved handover history while keeping live authored docs","duration":2.88671899999963,"failureMessages":[],"meta":{},"tags":[]},{"ancestorTitles":["design-language lint"],"fullName":"design-language lint U-DESLANG-018: byte-preserved intake原文を言語正本の検査対象にしない","status":"passed","title":"U-DESLANG-018: byte-preserved intake原文を言語正本の検査対象にしない","duration":3.2262829999999667,"failureMessages":[],"meta":{},"tags":[]},{"ancestorTitles":["design-language lint"],"fullName":"design-language lint U-DESLANG-013: reports violation locations even when the message is a fingerprint drift","status":"passed","title":"U-DESLANG-013: reports violation locations even when the message is a fingerprint drift","duration":0.3080850000001192,"failureMessages":[],"meta":{},"tags":[]},{"ancestorTitles":["design-language lint"],"fullName":"design-language lint U-DESLANG-014: single-gate doctor execution matches the shared design-language check","status":"passed","title":"U-DESLANG-014: single-gate doctor execution matches the shared design-language check","duration":977.5630409999999,"failureMessages":[],"meta":{},"tags":[]},{"ancestorTitles":["design-language lint"],"fullName":"design-language lint U-DESLANG-015: the design-language gate runs in preflight before the full regression shards","status":"passed","title":"U-DESLANG-015: the design-language gate runs in preflight before the full regression shards","duration":0.35969199999999546,"failureMessages":[],"meta":{},"tags":[]},{"ancestorTitles":["design-language lint"],"fullName":"design-language lint U-DESLANG-017: --gate は scope 検証の後に評価され、profile / setup-smoke / toolchain との併用を fail-close する","status":"passed","title":"U-DESLANG-017: --gate は scope 検証の後に評価され、profile / setup-smoke / toolchain との併用を fail-close する","duration":3049.960255,"failureMessages":[],"meta":{},"tags":[]},{"ancestorTitles":["design-language lint"],"fullName":"design-language lint U-DESLANG-016: prototype 継承 property 名を gate id にしても unknown gate として fail-close する","status":"passed","title":"U-DESLANG-016: prototype 継承 property 名を gate id にしても unknown gate として fail-close する","duration":0.7437359999994442,"failureMessages":[],"meta":{},"tags":[]}],"startTime":1788905501486,"endTime":1788905505909.7437,"status":"passed","message":"","name":"/home/tenni/.helix-worktrees/docs-1670-pin-chain-design-freeze/tests/design-language.test.ts"},{"assertionResults":[{"ancestorTitles":["vmodel pair-freeze lint (U-VPAIR)"],"fullName":"vmodel pair-freeze lint (U-VPAIR) U-VPAIR-001: parsePairDoc / stripInlineComment — frontmatter 抽出 + inline コメント除去","status":"passed","title":"U-VPAIR-001: parsePairDoc / stripInlineComment — frontmatter 抽出 + inline コメント除去","duration":6.548114999999996,"failureMessages":[],"meta":{},"tags":[]},{"ancestorTitles":["vmodel pair-freeze lint (U-VPAIR)"],"fullName":"vmodel pair-freeze lint (U-VPAIR) U-VPAIR-002: pair-missing / ref-unresolved を検出","status":"passed","title":"U-VPAIR-002: pair-missing / ref-unresolved を検出","duration":0.5347349999999835,"failureMessages":[],"meta":{},"tags":[]},{"ancestorTitles":["vmodel pair-freeze lint (U-VPAIR)"],"fullName":"vmodel pair-freeze lint (U-VPAIR) U-VPAIR-003: trace-bidir — pair_group の明示 member set が exact design を含めば成立","status":"passed","title":"U-VPAIR-003: trace-bidir — pair_group の明示 member set が exact design を含めば成立","duration":0.3676669999999831,"failureMessages":[],"meta":{},"tags":[]},{"ancestorTitles":["vmodel pair-freeze lint (U-VPAIR)"],"fullName":"vmodel pair-freeze lint (U-VPAIR) U-VPAIR-003b: trace-bidir — test-design の単一 design doc 逆参照でも成立","status":"passed","title":"U-VPAIR-003b: trace-bidir — test-design の単一 design doc 逆参照でも成立","duration":0.18377799999998956,"failureMessages":[],"meta":{},"tags":[]},{"ancestorTitles":["vmodel pair-freeze lint (U-VPAIR)"],"fullName":"vmodel pair-freeze lint (U-VPAIR) U-VPAIR-004: self-pair / L2 group — wireframe=self は孤児にしない、group hub 経由で成立","status":"passed","title":"U-VPAIR-004: self-pair / L2 group — wireframe=self は孤児にしない、group hub 経由で成立","duration":0.2129849999999749,"failureMessages":[],"meta":{},"tags":[]},{"ancestorTitles":["vmodel pair-freeze lint (U-VPAIR)"],"fullName":"vmodel pair-freeze lint (U-VPAIR) U-VPAIR-004b: README / roadmap は対象外 (pair 欠落でも孤児にしない)","status":"passed","title":"U-VPAIR-004b: README / roadmap は対象外 (pair 欠落でも孤児にしない)","duration":0.12471700000000396,"failureMessages":[],"meta":{},"tags":[]},{"ancestorTitles":["vmodel pair-freeze lint (U-VPAIR)"],"fullName":"vmodel pair-freeze lint (U-VPAIR) U-VPAIR-004c: pair_artifact の directory / ancestor prefix / path traversal は fail-close","status":"passed","title":"U-VPAIR-004c: pair_artifact の directory / ancestor prefix / path traversal は fail-close","duration":0.388937999999996,"failureMessages":[],"meta":{},"tags":[]},{"ancestorTitles":["vmodel pair-freeze lint (U-VPAIR)"],"fullName":"vmodel pair-freeze lint (U-VPAIR) U-VPAIR-004d: pair_group は schema・member set・逆参照を exact に検査する","status":"passed","title":"U-VPAIR-004d: pair_group は schema・member set・逆参照を exact に検査する","duration":0.2893589999999904,"failureMessages":[],"meta":{},"tags":[]},{"ancestorTitles":["vmodel pair-freeze lint (U-VPAIR)"],"fullName":"vmodel pair-freeze lint (U-VPAIR) U-VPAIR-007: designから参照されないtest-designを孤児にする","status":"passed","title":"U-VPAIR-007: designから参照されないtest-designを孤児にする","duration":0.2920840000000169,"failureMessages":[],"meta":{},"tags":[]},{"ancestorTitles":["vmodel pair-freeze lint (U-VPAIR)"],"fullName":"vmodel pair-freeze lint (U-VPAIR) U-VPAIR-008: test-design exemptionは理由を必須にする","status":"passed","title":"U-VPAIR-008: test-design exemptionは理由を必須にする","duration":0.22915499999999156,"failureMessages":[],"meta":{},"tags":[]},{"ancestorTitles":["vmodel pair-freeze lint (U-VPAIR)"],"fullName":"vmodel pair-freeze lint (U-VPAIR) U-VPAIR-008b: reason-only・未知kind・nested orphanをfail-closeする","status":"passed","title":"U-VPAIR-008b: reason-only・未知kind・nested orphanをfail-closeする","duration":0.19392799999999966,"failureMessages":[],"meta":{},"tags":[]},{"ancestorTitles":["vmodel pair-freeze lint (U-VPAIR)"],"fullName":"vmodel pair-freeze lint (U-VPAIR) U-VPAIR-008c: live exemption集合を明示契約済みの8件に固定する","status":"passed","title":"U-VPAIR-008c: live exemption集合を明示契約済みの8件に固定する","duration":185.867121,"failureMessages":[],"meta":{},"tags":[]},{"ancestorTitles":["vmodel pair-freeze lint (U-VPAIR)"],"fullName":"vmodel pair-freeze lint (U-VPAIR) U-VPAIR-008d: parserがtyped exemption frontmatterを保持する","status":"passed","title":"U-VPAIR-008d: parserがtyped exemption frontmatterを保持する","duration":0.7060699999999542,"failureMessages":[],"meta":{},"tags":[]},{"ancestorTitles":["vmodel pair-freeze lint (U-VPAIR)"],"fullName":"vmodel pair-freeze lint (U-VPAIR) U-VPAIR-008e: meta→test-designとexempt target cycleを拒否する","status":"passed","title":"U-VPAIR-008e: meta→test-designとexempt target cycleを拒否する","duration":0.8251059999999484,"failureMessages":[],"meta":{},"tags":[]},{"ancestorTitles":["vmodel pair-freeze lint (U-VPAIR)"],"fullName":"vmodel pair-freeze lint (U-VPAIR) U-VPAIR-005: 実 repo 完全性回帰ガード — 全 V-pair 双方向、孤児0","status":"passed","title":"U-VPAIR-005: 実 repo 完全性回帰ガード — 全 V-pair 双方向、孤児0","duration":147.08243299999998,"failureMessages":[],"meta":{},"tags":[]},{"ancestorTitles":["vmodel pair-freeze lint (U-VPAIR)"],"fullName":"vmodel pair-freeze lint (U-VPAIR) U-VPAIR-005b: HELIX L1 pillar 全件が L3 design と L12 acceptance に降下済み","status":"passed","title":"U-VPAIR-005b: HELIX L1 pillar 全件が L3 design と L12 acceptance に降下済み","duration":2.411736000000019,"failureMessages":[],"meta":{},"tags":[]},{"ancestorTitles":["vmodel pair-freeze lint (U-VPAIR)"],"fullName":"vmodel pair-freeze lint (U-VPAIR) U-VPAIR-005e: HELIX L0-L4 current-state docs do not retain pre-confirmation descent wording","status":"passed","title":"U-VPAIR-005e: HELIX L0-L4 current-state docs do not retain pre-confirmation descent wording","duration":1.5149210000000721,"failureMessages":[],"meta":{},"tags":[]},{"ancestorTitles":["vmodel pair-freeze lint (U-VPAIR)"],"fullName":"vmodel pair-freeze lint (U-VPAIR) U-VPAIR-005c: HELIX L3 FR/NFR と HAC は HAT acceptance に孤児なく接続","status":"passed","title":"U-VPAIR-005c: HELIX L3 FR/NFR と HAC は HAT acceptance に孤児なく接続","duration":1.4955220000000509,"failureMessages":[],"meta":{},"tags":[]},{"ancestorTitles":["vmodel pair-freeze lint (U-VPAIR)"],"fullName":"vmodel pair-freeze lint (U-VPAIR) U-VPAIR-005j: HELIX L3 route-B back-fill 要件も L12 acceptance に孤児なく接続","status":"passed","title":"U-VPAIR-005j: HELIX L3 route-B back-fill 要件も L12 acceptance に孤児なく接続","duration":1.484958000000006,"failureMessages":[],"meta":{},"tags":[]},{"ancestorTitles":["vmodel pair-freeze lint (U-VPAIR)"],"fullName":"vmodel pair-freeze lint (U-VPAIR) U-VPAIR-005o: upstream A-146 substance-gap findings are lowered through HELIX L3-L6","status":"passed","title":"U-VPAIR-005o: upstream A-146 substance-gap findings are lowered through HELIX L3-L6","duration":10.072775999999976,"failureMessages":[],"meta":{},"tags":[]},{"ancestorTitles":["vmodel pair-freeze lint (U-VPAIR)"],"fullName":"vmodel pair-freeze lint (U-VPAIR) U-VPAIR-005c.1: HELIX 検証戦略は L3/L4/L5/L6 の右腕 test-design に降下済み","status":"passed","title":"U-VPAIR-005c.1: HELIX 検証戦略は L3/L4/L5/L6 の右腕 test-design に降下済み","duration":0.7023529999999027,"failureMessages":[],"meta":{},"tags":[]},{"ancestorTitles":["vmodel pair-freeze lint (U-VPAIR)"],"fullName":"vmodel pair-freeze lint (U-VPAIR) U-VPAIR-005d: HELIX L1 external delta の具体化語彙が L3/L12 に降下済み","status":"passed","title":"U-VPAIR-005d: HELIX L1 external delta の具体化語彙が L3/L12 に降下済み","duration":1.561914999999999,"failureMessages":[],"meta":{},"tags":[]},{"ancestorTitles":["vmodel pair-freeze lint (U-VPAIR)"],"fullName":"vmodel pair-freeze lint (U-VPAIR) U-VPAIR-005e: PLAN-L3-06 readiness audit が PO 承認証跡と confirmed 状態を保持","status":"passed","title":"U-VPAIR-005e: PLAN-L3-06 readiness audit が PO 承認証跡と confirmed 状態を保持","duration":0.37679500000001553,"failureMessages":[],"meta":{},"tags":[]},{"ancestorTitles":["vmodel pair-freeze lint (U-VPAIR)"],"fullName":"vmodel pair-freeze lint (U-VPAIR) U-VPAIR-005f: HELIX best-practice overlay は API/SDK 採用前提へ退行しない","status":"passed","title":"U-VPAIR-005f: HELIX best-practice overlay は API/SDK 採用前提へ退行しない","duration":0.719114999999988,"failureMessages":[],"meta":{},"tags":[]},{"ancestorTitles":["vmodel pair-freeze lint (U-VPAIR)"],"fullName":"vmodel pair-freeze lint (U-VPAIR) U-VPAIR-005g: PLAN-L3-06 は repo 全体の L3 精読 audit を保持","status":"passed","title":"U-VPAIR-005g: PLAN-L3-06 は repo 全体の L3 精読 audit を保持","duration":0.26208699999995133,"failureMessages":[],"meta":{},"tags":[]},{"ancestorTitles":["vmodel pair-freeze lint (U-VPAIR)"],"fullName":"vmodel pair-freeze lint (U-VPAIR) U-VPAIR-005h: PLAN-L3-06 は目的文ベースの completion audit を保持","status":"passed","title":"U-VPAIR-005h: PLAN-L3-06 は目的文ベースの completion audit を保持","duration":0.4652530000000752,"failureMessages":[],"meta":{},"tags":[]},{"ancestorTitles":["vmodel pair-freeze lint (U-VPAIR)"],"fullName":"vmodel pair-freeze lint (U-VPAIR) U-VPAIR-005i: PLAN-L3-06 は PO approval packet と承認後検証手順を保持","status":"passed","title":"U-VPAIR-005i: PLAN-L3-06 は PO approval packet と承認後検証手順を保持","duration":0.36899000000005344,"failureMessages":[],"meta":{},"tags":[]},{"ancestorTitles":["vmodel pair-freeze lint (U-VPAIR)"],"fullName":"vmodel pair-freeze lint (U-VPAIR) U-VPAIR-005k: harness L3 roadmap は startup Core Read ではなく freeze 境界の動的参照","status":"passed","title":"U-VPAIR-005k: harness L3 roadmap は startup Core Read ではなく freeze 境界の動的参照","duration":0.5899900000000571,"failureMessages":[],"meta":{},"tags":[]},{"ancestorTitles":["vmodel pair-freeze lint (U-VPAIR)"],"fullName":"vmodel pair-freeze lint (U-VPAIR) U-VPAIR-005l: legacy L3 taxonomyをcurrent L4の直交4軸へ再束縛する","status":"passed","title":"U-VPAIR-005l: legacy L3 taxonomyをcurrent L4の直交4軸へ再束縛する","duration":0.7083949999999959,"failureMessages":[],"meta":{},"tags":[]},{"ancestorTitles":["vmodel pair-freeze lint (U-VPAIR)"],"fullName":"vmodel pair-freeze lint (U-VPAIR) U-VPAIR-005m: harness P1 carry count は L4未起票と実装済/fullbackを混同しない","status":"passed","title":"U-VPAIR-005m: harness P1 carry count は L4未起票と実装済/fullbackを混同しない","duration":0.9739680000000135,"failureMessages":[],"meta":{},"tags":[]},{"ancestorTitles":["vmodel pair-freeze lint (U-VPAIR)"],"fullName":"vmodel pair-freeze lint (U-VPAIR) U-VPAIR-005n: harness L3 functional AC は L12 AT-FR に全件接続","status":"passed","title":"U-VPAIR-005n: harness L3 functional AC は L12 AT-FR に全件接続","duration":0.8456239999999298,"failureMessages":[],"meta":{},"tags":[]},{"ancestorTitles":["vmodel pair-freeze lint (U-VPAIR)"],"fullName":"vmodel pair-freeze lint (U-VPAIR) U-VPAIR-007a: HELIX L3下流降下済み46要件はL4へ降下し、新規5要件はfrontierに留まる","status":"passed","title":"U-VPAIR-007a: HELIX L3下流降下済み46要件はL4へ降下し、新規5要件はfrontierに留まる","duration":0.7177319999999554,"failureMessages":[],"meta":{},"tags":[]},{"ancestorTitles":["vmodel pair-freeze lint (U-VPAIR)"],"fullName":"vmodel pair-freeze lint (U-VPAIR) U-VPAIR-007b: HELIX L4 design と L9 system test design は単一 doc pair で双方向接続","status":"passed","title":"U-VPAIR-007b: HELIX L4 design と L9 system test design は単一 doc pair で双方向接続","duration":0.1174630000000434,"failureMessages":[],"meta":{},"tags":[]},{"ancestorTitles":["vmodel pair-freeze lint (U-VPAIR)"],"fullName":"vmodel pair-freeze lint (U-VPAIR) U-VPAIR-007c: HELIX L4 system test design は下流降下済み46要件を1件も漏らさない","status":"passed","title":"U-VPAIR-007c: HELIX L4 system test design は下流降下済み46要件を1件も漏らさない","duration":0.6467370000000301,"failureMessages":[],"meta":{},"tags":[]},{"ancestorTitles":["vmodel pair-freeze lint (U-VPAIR)"],"fullName":"vmodel pair-freeze lint (U-VPAIR) U-VPAIR-007d: 既存 harness L4 本体も HELIX pillar overlay の scope/carry/boundary を持つ","status":"passed","title":"U-VPAIR-007d: 既存 harness L4 本体も HELIX pillar overlay の scope/carry/boundary を持つ","duration":0.6278419999999869,"failureMessages":[],"meta":{},"tags":[]},{"ancestorTitles":["vmodel pair-freeze lint (U-VPAIR)"],"fullName":"vmodel pair-freeze lint (U-VPAIR) U-VPAIR-007e: HELIX L4 block ID 参照は許可済み10 blockだけを使う","status":"passed","title":"U-VPAIR-007e: HELIX L4 block ID 参照は許可済み10 blockだけを使う","duration":0.8009700000000066,"failureMessages":[],"meta":{},"tags":[]},{"ancestorTitles":["vmodel pair-freeze lint (U-VPAIR)"],"fullName":"vmodel pair-freeze lint (U-VPAIR) U-VPAIR-007f: HELIX L4 completion docs do not retain stale draft status claims","status":"passed","title":"U-VPAIR-007f: HELIX L4 completion docs do not retain stale draft status claims","duration":0.1848210000000563,"failureMessages":[],"meta":{},"tags":[]},{"ancestorTitles":["vmodel pair-freeze lint (U-VPAIR)"],"fullName":"vmodel pair-freeze lint (U-VPAIR) U-VPAIR-008: L4 master は confirmed L4 child と L9 UI標準 pair を漏らさない","status":"passed","title":"U-VPAIR-008: L4 master は confirmed L4 child と L9 UI標準 pair を漏らさない","duration":0.8250359999999546,"failureMessages":[],"meta":{},"tags":[]},{"ancestorTitles":["vmodel pair-freeze lint (U-VPAIR)"],"fullName":"vmodel pair-freeze lint (U-VPAIR) U-VPAIR-009a: HELIX L4 46要件は L5 detail design に全件降下済み","status":"passed","title":"U-VPAIR-009a: HELIX L4 46要件は L5 detail design に全件降下済み","duration":0.4765739999999141,"failureMessages":[],"meta":{},"tags":[]},{"ancestorTitles":["vmodel pair-freeze lint (U-VPAIR)"],"fullName":"vmodel pair-freeze lint (U-VPAIR) U-VPAIR-009b: HELIX L5 design と L8 integration test design は単一 doc pair で双方向接続","status":"passed","title":"U-VPAIR-009b: HELIX L5 design と L8 integration test design は単一 doc pair で双方向接続","duration":0.09832599999992908,"failureMessages":[],"meta":{},"tags":[]},{"ancestorTitles":["vmodel pair-freeze lint (U-VPAIR)"],"fullName":"vmodel pair-freeze lint (U-VPAIR) U-VPAIR-009c: HELIX L5 integration test design は下流降下済み46要件を1件も漏らさない","status":"passed","title":"U-VPAIR-009c: HELIX L5 integration test design は下流降下済み46要件を1件も漏らさない","duration":0.716600000000085,"failureMessages":[],"meta":{},"tags":[]},{"ancestorTitles":["vmodel pair-freeze lint (U-VPAIR)"],"fullName":"vmodel pair-freeze lint (U-VPAIR) U-VPAIR-009d: L5 master は HELIX pillar detail child と L5-L8 pair wording を持つ","status":"passed","title":"U-VPAIR-009d: L5 master は HELIX pillar detail child と L5-L8 pair wording を持つ","duration":0.40849500000001626,"failureMessages":[],"meta":{},"tags":[]},{"ancestorTitles":["vmodel pair-freeze lint (U-VPAIR)"],"fullName":"vmodel pair-freeze lint (U-VPAIR) U-VPAIR-009e: HELIX L5 HC contracts are lowered into L6 function contracts and L7 oracles","status":"passed","title":"U-VPAIR-009e: HELIX L5 HC contracts are lowered into L6 function contracts and L7 oracles","duration":6.822177000000011,"failureMessages":[],"meta":{},"tags":[]},{"ancestorTitles":["vmodel pair-freeze lint (U-VPAIR)"],"fullName":"vmodel pair-freeze lint (U-VPAIR) U-VPAIR-009f: old HELIX extension candidates are lowered through HELIX L3-L6","status":"passed","title":"U-VPAIR-009f: old HELIX extension candidates are lowered through HELIX L3-L6","duration":0.9478490000000193,"failureMessages":[],"meta":{},"tags":[]},{"ancestorTitles":["vmodel pair-freeze lint (U-VPAIR)"],"fullName":"vmodel pair-freeze lint (U-VPAIR) U-VPAIR-009g: L12 Scrum Reverse and measurement requirements stay mechanically closed","status":"passed","title":"U-VPAIR-009g: L12 Scrum Reverse and measurement requirements stay mechanically closed","duration":0.656144999999924,"failureMessages":[],"meta":{},"tags":[]},{"ancestorTitles":["vmodel pair-freeze lint (U-VPAIR)"],"fullName":"vmodel pair-freeze lint (U-VPAIR) U-VPAIR-009h: legacy delivery aliases remain compatibility inputs in current L4","status":"passed","title":"U-VPAIR-009h: legacy delivery aliases remain compatibility inputs in current L4","duration":0.24748999999997068,"failureMessages":[],"meta":{},"tags":[]},{"ancestorTitles":["vmodel pair-freeze lint (U-VPAIR)"],"fullName":"vmodel pair-freeze lint (U-VPAIR) U-VPAIR-009h: v0.5.1 remediation denominator and completion claim stay fail-closed","status":"passed","title":"U-VPAIR-009h: v0.5.1 remediation denominator and completion claim stay fail-closed","duration":3.045900000000074,"failureMessages":[],"meta":{},"tags":[]},{"ancestorTitles":["vmodel pair-freeze lint (U-VPAIR)"],"fullName":"vmodel pair-freeze lint (U-VPAIR) U-VPAIR-006: pairFreezeMessages — 孤児なし OK / 孤児あり reason 別文言","status":"passed","title":"U-VPAIR-006: pairFreezeMessages — 孤児なし OK / 孤児あり reason 別文言","duration":0.24184900000000198,"failureMessages":[],"meta":{},"tags":[]},{"ancestorTitles":["verification trigger (U-VTRIG、層群 freeze の機械発火、IMP-068)"],"fullName":"verification trigger (U-VTRIG、層群 freeze の機械発火、IMP-068) U-VTRIG-001: analyzeVerificationGroups — 層群ごとに confirmed/draft を集計","status":"passed","title":"U-VTRIG-001: analyzeVerificationGroups — 層群ごとに confirmed/draft を集計","duration":0.26683700000000954,"failureMessages":[],"meta":{},"tags":[]},{"ancestorTitles":["verification trigger (U-VTRIG、層群 freeze の機械発火、IMP-068)"],"fullName":"verification trigger (U-VTRIG、層群 freeze の機械発火、IMP-068) U-VTRIG-002: frozen 判定 — draft があれば未完了、placeholder(park) は発火を妨げない","status":"passed","title":"U-VTRIG-002: frozen 判定 — draft があれば未完了、placeholder(park) は発火を妨げない","duration":0.2113809999999603,"failureMessages":[],"meta":{},"tags":[]},{"ancestorTitles":["verification trigger (U-VTRIG、層群 freeze の機械発火、IMP-068)"],"fullName":"verification trigger (U-VTRIG、層群 freeze の機械発火、IMP-068) U-VTRIG-003: 層群に pair 孤児があれば freeze 未完了","status":"passed","title":"U-VTRIG-003: 層群に pair 孤児があれば freeze 未完了","duration":0.07843800000000556,"failureMessages":[],"meta":{},"tags":[]},{"ancestorTitles":["verification trigger (U-VTRIG、層群 freeze の機械発火、IMP-068)"],"fullName":"verification trigger (U-VTRIG、層群 freeze の機械発火、IMP-068) U-VTRIG-006: L0-L7 freeze requires confirmed L7 automation PLAN evidence","status":"passed","title":"U-VTRIG-006: L0-L7 freeze requires confirmed L7 automation PLAN evidence","duration":0.30038999999999305,"failureMessages":[],"meta":{},"tags":[]},{"ancestorTitles":["verification trigger (U-VTRIG、層群 freeze の機械発火、IMP-068)"],"fullName":"verification trigger (U-VTRIG、層群 freeze の機械発火、IMP-068) U-VTRIG-004: verificationGroupMessages — freeze 完了(park 表示) / Forward 進行中","status":"passed","title":"U-VTRIG-004: verificationGroupMessages — freeze 完了(park 表示) / Forward 進行中","duration":0.17359899999996742,"failureMessages":[],"meta":{},"tags":[]},{"ancestorTitles":["verification trigger (U-VTRIG、層群 freeze の機械発火、IMP-068)"],"fullName":"verification trigger (U-VTRIG、層群 freeze の機械発火、IMP-068) U-VTRIG-005: 実 repo ガード — draft を含む層群を未freezeとして正しくsurfaceする","status":"passed","title":"U-VTRIG-005: 実 repo ガード — draft を含む層群を未freezeとして正しくsurfaceする","duration":185.62300600000003,"failureMessages":[],"meta":{},"tags":[]},{"ancestorTitles":["verificationGroupsOk surface 契約 (PR #43 CI 無言 fail 是正)"],"fullName":"verificationGroupsOk surface 契約 (PR #43 CI 無言 fail 是正) Forward 進行中 (未 freeze・孤児なし) では ok を落とさない (§7.4 surface まで)","status":"passed","title":"Forward 進行中 (未 freeze・孤児なし) では ok を落とさない (§7.4 surface まで)","duration":0.4302870000000212,"failureMessages":[],"meta":{},"tags":[]},{"ancestorTitles":["verificationGroupsOk surface 契約 (PR #43 CI 無言 fail 是正)"],"fullName":"verificationGroupsOk surface 契約 (PR #43 CI 無言 fail 是正) pair 孤児がある群は fail-close する","status":"passed","title":"pair 孤児がある群は fail-close する","duration":0.18732499999998709,"failureMessages":[],"meta":{},"tags":[]},{"ancestorTitles":["verificationGroupsOk surface 契約 (PR #43 CI 無言 fail 是正)"],"fullName":"verificationGroupsOk surface 契約 (PR #43 CI 無言 fail 是正) design doc を読めない群 (total=0) は検証不能として fail-close する","status":"passed","title":"design doc を読めない群 (total=0) は検証不能として fail-close する","duration":0.12037799999995968,"failureMessages":[],"meta":{},"tags":[]}],"startTime":1788905498572,"endTime":1788905499147.1873,"status":"passed","message":"","name":"/home/tenni/.helix-worktrees/docs-1670-pin-chain-design-freeze/tests/vmodel-pair.test.ts"}]}