{"numTotalTestSuites":8,"numPassedTestSuites":8,"numFailedTestSuites":0,"numPendingTestSuites":0,"numTotalTests":49,"numPassedTests":49,"numFailedTests":0,"numPendingTests":0,"numTodoTests":0,"snapshot":{"added":0,"failure":false,"filesAdded":0,"filesRemoved":0,"filesRemovedList":[],"filesUnmatched":0,"filesUpdated":0,"matched":0,"total":0,"unchecked":0,"uncheckedKeysByFile":[],"unmatched":0,"updated":0,"didUpdate":false},"startTime":1788979361346,"success":true,"testResults":[{"assertionResults":[{"ancestorTitles":["digest canonicalization authority"],"fullName":"digest canonicalization authority [PLAN-L7-438-digest-canonicalization-authority/U-DIGEST-001] preserves SHA-256 bytes","status":"passed","title":"[PLAN-L7-438-digest-canonicalization-authority/U-DIGEST-001] preserves SHA-256 bytes","duration":1.2145969999999977,"failureMessages":[],"meta":{},"tags":[]},{"ancestorTitles":["digest canonicalization authority"],"fullName":"digest canonicalization authority [PLAN-L7-438-digest-canonicalization-authority/U-DIGEST-002] sorts object keys and preserves arrays","status":"passed","title":"[PLAN-L7-438-digest-canonicalization-authority/U-DIGEST-002] sorts object keys and preserves arrays","duration":0.23147699999998395,"failureMessages":[],"meta":{},"tags":[]},{"ancestorTitles":["digest canonicalization authority"],"fullName":"digest canonicalization authority [PLAN-L7-438-digest-canonicalization-authority/U-DIGEST-003] rejects non-JSON values","status":"passed","title":"[PLAN-L7-438-digest-canonicalization-authority/U-DIGEST-003] rejects non-JSON values","duration":0.8016060000000209,"failureMessages":[],"meta":{},"tags":[]},{"ancestorTitles":["digest canonicalization authority"],"fullName":"digest canonicalization authority [PLAN-L7-438-digest-canonicalization-authority/U-DIGEST-005] inventory is an exact production hit set","status":"passed","title":"[PLAN-L7-438-digest-canonicalization-authority/U-DIGEST-005] inventory is an exact production hit set","duration":1233.540752,"failureMessages":[],"meta":{},"tags":[]},{"ancestorTitles":["digest canonicalization authority"],"fullName":"digest canonicalization authority [PLAN-L7-438-digest-canonicalization-authority/IT-DIGEST-001] binds migrated consumers to exact citations and bytes","status":"passed","title":"[PLAN-L7-438-digest-canonicalization-authority/IT-DIGEST-001] binds migrated consumers to exact citations and bytes","duration":0.9582570000000032,"failureMessages":[],"meta":{},"tags":[]},{"ancestorTitles":["digest canonicalization authority"],"fullName":"digest canonicalization authority [PLAN-L7-438-digest-canonicalization-authority/U-DIGEST-006] handover lint boundary has no runtime digest dependency","status":"passed","title":"[PLAN-L7-438-digest-canonicalization-authority/U-DIGEST-006] handover lint boundary has no runtime digest dependency","duration":0.33482600000002094,"failureMessages":[],"meta":{},"tags":[]},{"ancestorTitles":["digest canonicalization authority"],"fullName":"digest canonicalization authority AST scanner ignores comments/strings, admits literal SHA-256, and rejects dynamic algorithms","status":"passed","title":"AST scanner ignores comments/strings, admits literal SHA-256, and rejects dynamic algorithms","duration":3.5349780000001374,"failureMessages":[],"meta":{},"tags":[]},{"ancestorTitles":["digest canonicalization authority"],"fullName":"digest canonicalization authority U-DIGEST-010: compareBytewiseはlocaleCompareが誤る2条件をcode-point順で解決する","status":"passed","title":"U-DIGEST-010: compareBytewiseはlocaleCompareが誤る2条件をcode-point順で解決する","duration":4.151659000000109,"failureMessages":[],"meta":{},"tags":[]},{"ancestorTitles":["digest canonicalization authority"],"fullName":"digest canonicalization authority U-DIGEST-011: compareBytewiseは全順序として整合する","status":"passed","title":"U-DIGEST-011: compareBytewiseは全順序として整合する","duration":1.7841639999999188,"failureMessages":[],"meta":{},"tags":[]}],"startTime":1788979375996,"endTime":1788979377242.7842,"status":"passed","message":"","name":"/home/tenni/.helix-worktrees/issue-865-legacy-semantic-consumer-ledger/tests/digest.test.ts"},{"assertionResults":[{"ancestorTitles":["HELIX objective evidence audit"],"fullName":"HELIX objective evidence audit U-DISTID-013: current distribution external evidenceはDevOSだけを参照する","status":"passed","title":"U-DISTID-013: current distribution external evidenceはDevOSだけを参照する","duration":2.069287000000031,"failureMessages":[],"meta":{},"tags":[]},{"ancestorTitles":["HELIX objective evidence audit"],"fullName":"HELIX objective evidence audit U-ICLOSE-004: tracks active objective requirements and allows completion only when readiness is true","status":"passed","title":"U-ICLOSE-004: tracks active objective requirements and allows completion only when readiness is true","duration":1620.5815169999998,"failureMessages":[],"meta":{},"tags":[]},{"ancestorTitles":["HELIX objective evidence audit"],"fullName":"HELIX objective evidence audit references the core current-state artifacts needed to substantiate the audit","status":"passed","title":"references the core current-state artifacts needed to substantiate the audit","duration":2.633559000000105,"failureMessages":[],"meta":{},"tags":[]},{"ancestorTitles":["HELIX objective evidence audit"],"fullName":"HELIX objective evidence audit fails when the external distribution reference repository marker is dropped","status":"passed","title":"fails when the external distribution reference repository marker is dropped","duration":1101.662459,"failureMessages":[],"meta":{},"tags":[]},{"ancestorTitles":["HELIX objective evidence audit"],"fullName":"HELIX objective evidence audit fails when external observed source values drift from the ledger","status":"passed","title":"fails when external observed source values drift from the ledger","duration":1050.815646,"failureMessages":[],"meta":{},"tags":[]},{"ancestorTitles":["HELIX objective evidence audit"],"fullName":"HELIX objective evidence audit fails when objective audit drops permanent language, setup, version-up, or cutover evidence","status":"passed","title":"fails when objective audit drops permanent language, setup, version-up, or cutover evidence","duration":1048.9320860000003,"failureMessages":[],"meta":{},"tags":[]},{"ancestorTitles":["HELIX objective evidence audit"],"fullName":"HELIX objective evidence audit fails when the meaning-based feature-list hard gate is detached from objective progress","status":"passed","title":"fails when the meaning-based feature-list hard gate is detached from objective progress","duration":1054.3749230000003,"failureMessages":[],"meta":{},"tags":[]},{"ancestorTitles":["HELIX objective evidence audit"],"fullName":"HELIX objective evidence audit fails when HELIX L1-L12 canonical layer coverage citations are dropped","status":"passed","title":"fails when HELIX L1-L12 canonical layer coverage citations are dropped","duration":1046.8686120000002,"failureMessages":[],"meta":{},"tags":[]},{"ancestorTitles":["HELIX objective evidence audit"],"fullName":"HELIX objective evidence audit fails when V-model ZIP/L12 redesign evidence is detached from objective progress","status":"passed","title":"fails when V-model ZIP/L12 redesign evidence is detached from objective progress","duration":1040.7469739999997,"failureMessages":[],"meta":{},"tags":[]},{"ancestorTitles":["HELIX objective evidence audit"],"fullName":"HELIX objective evidence audit fails when required HELIX L1-L12 canonical coverage artifacts are present but not git tracked","status":"passed","title":"fails when required HELIX L1-L12 canonical coverage artifacts are present but not git tracked","duration":1026.9320399999997,"failureMessages":[],"meta":{},"tags":[]},{"ancestorTitles":["HELIX objective evidence audit"],"fullName":"HELIX objective evidence audit fails false whole-program completion claims when outstanding blockers remain","status":"passed","title":"fails false whole-program completion claims when outstanding blockers remain","duration":2.89429999999993,"failureMessages":[],"meta":{},"tags":[]},{"ancestorTitles":["HELIX objective evidence audit"],"fullName":"HELIX objective evidence audit passes the live repository audit and reports completion as blocked","status":"passed","title":"passes the live repository audit and reports completion as blocked","duration":1024.4912159999985,"failureMessages":[],"meta":{},"tags":[]},{"ancestorTitles":["HELIX objective evidence audit"],"fullName":"HELIX objective evidence audit U-OBJAUD-001: fails closed when the outstanding snapshot drifts from live items","status":"passed","title":"U-OBJAUD-001: fails closed when the outstanding snapshot drifts from live items","duration":1016.1167779999996,"failureMessages":[],"meta":{},"tags":[]},{"ancestorTitles":["HELIX objective evidence audit"],"fullName":"HELIX objective evidence audit U-OBJAUD-001b: rejects dropped, duplicated, and extra snapshot plans","status":"passed","title":"U-OBJAUD-001b: rejects dropped, duplicated, and extra snapshot plans","duration":1002.7960629999998,"failureMessages":[],"meta":{},"tags":[]},{"ancestorTitles":["HELIX objective evidence audit"],"fullName":"HELIX objective evidence audit keeps completion claim blocked when readiness is ready but audit evidence is invalid","status":"passed","title":"keeps completion claim blocked when readiness is ready but audit evidence is invalid","duration":7.829036999999516,"failureMessages":[],"meta":{},"tags":[]},{"ancestorTitles":["HELIX objective evidence audit"],"fullName":"HELIX objective evidence audit U-GES-013: G2 hollow rowとG9 displaced markerを行境界で拒否する","status":"passed","title":"U-GES-013: G2 hollow rowとG9 displaced markerを行境界で拒否する","duration":1066.0426030000017,"failureMessages":[],"meta":{},"tags":[]},{"ancestorTitles":["HELIX objective evidence audit"],"fullName":"HELIX objective evidence audit U-GES-014: 別ファイルdigestとobservation欠落を拒否し、単一違反でtrustを落とす","status":"passed","title":"U-GES-014: 別ファイルdigestとobservation欠落を拒否し、単一違反でtrustを落とす","duration":1146.5949360000013,"failureMessages":[],"meta":{},"tags":[]},{"ancestorTitles":["HELIX objective evidence audit"],"fullName":"HELIX objective evidence audit U-GES-014b: config全体を無関係なfileへ差し替えても自己承認できない","status":"passed","title":"U-GES-014b: config全体を無関係なfileへ差し替えても自己承認できない","duration":1082.614574000001,"failureMessages":[],"meta":{},"tags":[]}],"startTime":1788979361702,"endTime":1788979375858.6145,"status":"passed","message":"","name":"/home/tenni/.helix-worktrees/issue-865-legacy-semantic-consumer-ledger/tests/goal-evidence-audit.test.ts"},{"assertionResults":[{"ancestorTitles":["legacy orchestration semantic consumer ledger"],"fullName":"legacy orchestration semantic consumer ledger U-LORET-SEM-009/010: 現行mainの実symbol/callsiteをexact ledgerへ束縛する","status":"passed","title":"U-LORET-SEM-009/010: 現行mainの実symbol/callsiteをexact ledgerへ束縛する","duration":94.34402100000001,"failureMessages":[],"meta":{},"tags":[]},{"ancestorTitles":["legacy orchestration semantic consumer ledger"],"fullName":"legacy orchestration semantic consumer ledger U-LORET-SEM-001/007: direct callをcompatibility/read-onlyへ偽装できない","status":"passed","title":"U-LORET-SEM-001/007: direct callをcompatibility/read-onlyへ偽装できない","duration":86.57133100000001,"failureMessages":[],"meta":{},"tags":[]},{"ancestorTitles":["legacy orchestration semantic consumer ledger"],"fullName":"legacy orchestration semantic consumer ledger U-LORET-SEM-002/003/004/009: fire/release/max_parallel/write-backを欠落または誤分類できない","status":"passed","title":"U-LORET-SEM-002/003/004/009: fire/release/max_parallel/write-backを欠落または誤分類できない","duration":314.798241,"failureMessages":[],"meta":{},"tags":[]},{"ancestorTitles":["legacy orchestration semantic consumer ledger"],"fullName":"legacy orchestration semantic consumer ledger U-LORET-SEM-005/006: production callsiteのないsuccessorやclosed predecessorだけでmigratedへ昇格できない","status":"passed","title":"U-LORET-SEM-005/006: production callsiteのないsuccessorやclosed predecessorだけでmigratedへ昇格できない","duration":83.17222600000002,"failureMessages":[],"meta":{},"tags":[]},{"ancestorTitles":["legacy orchestration semantic consumer ledger"],"fullName":"legacy orchestration semantic consumer ledger U-LORET-SEM-008: alias/dynamic import/command分割でhidden consumerを作れない","status":"passed","title":"U-LORET-SEM-008: alias/dynamic import/command分割でhidden consumerを作れない","duration":80.78514199999995,"failureMessages":[],"meta":{},"tags":[]},{"ancestorTitles":["legacy orchestration semantic consumer ledger"],"fullName":"legacy orchestration semantic consumer ledger U-LORET-SEM-005/007: E2E/rollback/read-afterなしのremoved昇格を拒否し、historical/read-onlyのwrite混入も拒否する","status":"passed","title":"U-LORET-SEM-005/007: E2E/rollback/read-afterなしのremoved昇格を拒否し、historical/read-onlyのwrite混入も拒否する","duration":87.90767400000004,"failureMessages":[],"meta":{},"tags":[]},{"ancestorTitles":["legacy orchestration semantic consumer ledger"],"fullName":"legacy orchestration semantic consumer ledger U-LORET-SEM-011: test fixture/historical evidenceをproduction write/control consumerとして登録できない","status":"passed","title":"U-LORET-SEM-011: test fixture/historical evidenceをproduction write/control consumerとして登録できない","duration":86.51640200000008,"failureMessages":[],"meta":{},"tags":[]},{"ancestorTitles":["legacy orchestration semantic consumer ledger"],"fullName":"legacy orchestration semantic consumer ledger U-LORET-SEM-012: 追加entry、架空source HEAD、未知negative oracleを拒否する","status":"passed","title":"U-LORET-SEM-012: 追加entry、架空source HEAD、未知negative oracleを拒否する","duration":197.86066899999992,"failureMessages":[],"meta":{},"tags":[]}],"startTime":1788979377352,"endTime":1788979378385.8606,"status":"passed","message":"","name":"/home/tenni/.helix-worktrees/issue-865-legacy-semantic-consumer-ledger/tests/legacy-orchestration-semantic-consumers.test.ts"},{"assertionResults":[{"ancestorTitles":["legacy orchestration surface retirement ratchet"],"fullName":"legacy orchestration surface retirement ratchet U-GES-016: ignores only structurally successful Vitest evidence, not arbitrary files under evidence","status":"passed","title":"U-GES-016: ignores only structurally successful Vitest evidence, not arbitrary files under evidence","duration":1.0562949999998636,"failureMessages":[],"meta":{},"tags":[]},{"ancestorTitles":["legacy orchestration surface retirement ratchet"],"fullName":"legacy orchestration surface retirement ratchet U-LORET-009: Git公開baseに束縛し、初回・通常更新とも自己上限追加を拒否する","status":"passed","title":"U-LORET-009: Git公開baseに束縛し、初回・通常更新とも自己上限追加を拒否する","duration":179.47469599999977,"failureMessages":[],"meta":{},"tags":[]},{"ancestorTitles":["legacy orchestration surface retirement ratchet"],"fullName":"legacy orchestration surface retirement ratchet U-LORET-007: published上限の引上げと新規path自己登録を拒否する","status":"passed","title":"U-LORET-007: published上限の引上げと新規path自己登録を拒否する","duration":0.6214019999997618,"failureMessages":[],"meta":{},"tags":[]},{"ancestorTitles":["legacy orchestration surface retirement ratchet"],"fullName":"legacy orchestration surface retirement ratchet U-LORET-SEM-013: implementation exclusionは固定集合内だけを許可する","status":"passed","title":"U-LORET-SEM-013: implementation exclusionは固定集合内だけを許可する","duration":0.7485019999999167,"failureMessages":[],"meta":{},"tags":[]},{"ancestorTitles":["legacy orchestration surface retirement ratchet"],"fullName":"legacy orchestration surface retirement ratchet U-LORET-008: 削減後の再増加とsource差替えを拒否し、削減を許可する","status":"passed","title":"U-LORET-008: 削減後の再増加とsource差替えを拒否し、削減を許可する","duration":0.23045700000011493,"failureMessages":[],"meta":{},"tags":[]},{"ancestorTitles":["legacy orchestration surface retirement ratchet"],"fullName":"legacy orchestration surface retirement ratchet semantic ledger digestはpublished inventoryから自己更新できない","status":"passed","title":"semantic ledger digestはpublished inventoryから自己更新できない","duration":0.19092000000000553,"failureMessages":[],"meta":{},"tags":[]},{"ancestorTitles":["legacy orchestration surface retirement ratchet"],"fullName":"legacy orchestration surface retirement ratchet inventory読込失敗はcause digestを残し、local pathを露出しない","status":"passed","title":"inventory読込失敗はcause digestを残し、local pathを露出しない","duration":1.3537139999998544,"failureMessages":[],"meta":{},"tags":[]},{"ancestorTitles":["legacy orchestration surface retirement ratchet"],"fullName":"legacy orchestration surface retirement ratchet U-LORET-001: current compatibility debtを可視化し、減少だけを許可する","status":"passed","title":"U-LORET-001: current compatibility debtを可視化し、減少だけを許可する","duration":0.3518659999999727,"failureMessages":[],"meta":{},"tags":[]},{"ancestorTitles":["legacy orchestration surface retirement ratchet"],"fullName":"legacy orchestration surface retirement ratchet U-LORET-002: 別pathへの旧surface追加をfail-closeする","status":"passed","title":"U-LORET-002: 別pathへの旧surface追加をfail-closeする","duration":0.324315000000297,"failureMessages":[],"meta":{},"tags":[]},{"ancestorTitles":["legacy orchestration surface retirement ratchet"],"fullName":"legacy orchestration surface retirement ratchet U-LORET-003: 同一path内の増加を削除との相殺なしで拒否する","status":"passed","title":"U-LORET-003: 同一path内の増加を削除との相殺なしで拒否する","duration":0.17992300000014438,"failureMessages":[],"meta":{},"tags":[]},{"ancestorTitles":["legacy orchestration surface retirement ratchet"],"fullName":"legacy orchestration surface retirement ratchet U-LORET-004: archiveとgate実装自身はcurrent consumerへ数えない","status":"passed","title":"U-LORET-004: archiveとgate実装自身はcurrent consumerへ数えない","duration":0.14369500000020707,"failureMessages":[],"meta":{},"tags":[]},{"ancestorTitles":["legacy orchestration surface retirement ratchet"],"fullName":"legacy orchestration surface retirement ratchet U-LORET-005: inventory水増し・重複・退化値を拒否する","status":"passed","title":"U-LORET-005: inventory水増し・重複・退化値を拒否する","duration":0.09605300000021089,"failureMessages":[],"meta":{},"tags":[]},{"ancestorTitles":["legacy orchestration surface retirement ratchet"],"fullName":"legacy orchestration surface retirement ratchet U-LORET-005: 除外先の拡張による新規consumer隠蔽を拒否する","status":"passed","title":"U-LORET-005: 除外先の拡張による新規consumer隠蔽を拒否する","duration":0.2818959999999606,"failureMessages":[],"meta":{},"tags":[]},{"ancestorTitles":["legacy orchestration surface retirement ratchet"],"fullName":"legacy orchestration surface retirement ratchet U-LORET-006: live repository inventoryが増加なしで一致する","status":"passed","title":"U-LORET-006: live repository inventoryが増加なしで一致する","duration":678.392523,"failureMessages":[],"meta":{},"tags":[]}],"startTime":1788979380932,"endTime":1788979381796.3926,"status":"passed","message":"","name":"/home/tenni/.helix-worktrees/issue-865-legacy-semantic-consumer-ledger/tests/legacy-orchestration-surface.test.ts"}]}