{"numTotalTestSuites":13,"numPassedTestSuites":13,"numFailedTestSuites":0,"numPendingTestSuites":0,"numTotalTests":191,"numPassedTests":191,"numFailedTests":0,"numPendingTests":0,"numTodoTests":0,"snapshot":{"added":0,"failure":false,"filesAdded":0,"filesRemoved":0,"filesRemovedList":[],"filesUnmatched":0,"filesUpdated":0,"matched":0,"total":0,"unchecked":0,"uncheckedKeysByFile":[],"unmatched":0,"updated":0,"didUpdate":false},"startTime":1788905036317,"success":true,"testResults":[{"assertionResults":[{"ancestorTitles":["L7 CLI surface closure"],"fullName":"L7 CLI surface closure keeps CLI --version bound to package.json version","status":"passed","title":"keeps CLI --version bound to package.json version","duration":133.85253,"failureMessages":[],"meta":{},"tags":[]},{"ancestorTitles":["L7 CLI surface closure"],"fullName":"L7 CLI surface closure exposes external agent catalog watch as a read-only audit surface","status":"passed","title":"exposes external agent catalog watch as a read-only audit surface","duration":142.04272599999996,"failureMessages":[],"meta":{},"tags":[]},{"ancestorTitles":["L7 CLI surface closure"],"fullName":"L7 CLI surface closure exposes runtime capability route decisions with evidence paths","status":"passed","title":"exposes runtime capability route decisions with evidence paths","duration":139.56715800000006,"failureMessages":[],"meta":{},"tags":[]},{"ancestorTitles":["L7 CLI surface closure"],"fullName":"L7 CLI surface closure exposes isolated worktree dry-run packets without creating worktrees","status":"passed","title":"exposes isolated worktree dry-run packets without creating worktrees","duration":156.42407500000002,"failureMessages":[],"meta":{},"tags":[]},{"ancestorTitles":["L7 CLI surface closure"],"fullName":"L7 CLI surface closure fails the agent session board closed when DB continuation is absent","status":"passed","title":"fails the agent session board closed when DB continuation is absent","duration":130.146795,"failureMessages":[],"meta":{},"tags":[]},{"ancestorTitles":["L7 CLI surface closure"],"fullName":"L7 CLI surface closure exposes agent locks and mailbox dry-run packets","status":"passed","title":"exposes agent locks and mailbox dry-run packets","duration":268.973348,"failureMessages":[],"meta":{},"tags":[]},{"ancestorTitles":["L7 CLI surface closure"],"fullName":"L7 CLI surface closure exposes autonomous loop receipts as restartable JSON packets","status":"passed","title":"exposes autonomous loop receipts as restartable JSON packets","duration":131.34715099999994,"failureMessages":[],"meta":{},"tags":[]},{"ancestorTitles":["L7 CLI surface closure"],"fullName":"L7 CLI surface closure exposes candidate council decisions without applying candidates","status":"passed","title":"exposes candidate council decisions without applying candidates","duration":138.0909160000001,"failureMessages":[],"meta":{},"tags":[]},{"ancestorTitles":["L7 CLI surface closure"],"fullName":"L7 CLI surface closure exposes telemetry session provenance as a read-only surface","status":"passed","title":"exposes telemetry session provenance as a read-only surface","duration":146.9842000000001,"failureMessages":[],"meta":{},"tags":[]},{"ancestorTitles":["L7 CLI surface closure"],"fullName":"L7 CLI surface closure exposes skill hygiene as a dry-run report","status":"passed","title":"exposes skill hygiene as a dry-run report","duration":14888.512972,"failureMessages":[],"meta":{},"tags":[]},{"ancestorTitles":["L7 CLI surface closure"],"fullName":"L7 CLI surface closure exposes credential and egress policy as a fail-close dry-run guard","status":"passed","title":"exposes credential and egress policy as a fail-close dry-run guard","duration":145.15432800000053,"failureMessages":[],"meta":{},"tags":[]},{"ancestorTitles":["L7 CLI surface closure"],"fullName":"L7 CLI surface closure exposes tool augmentation registry as non-executable task-lens suggestions","status":"passed","title":"exposes tool augmentation registry as non-executable task-lens suggestions","duration":142.94318699999712,"failureMessages":[],"meta":{},"tags":[]},{"ancestorTitles":["L7 CLI surface closure"],"fullName":"L7 CLI surface closure exposes change package archive validation as a dry-run fail-close packet","status":"passed","title":"exposes change package archive validation as a dry-run fail-close packet","duration":137.94919799999843,"failureMessages":[],"meta":{},"tags":[]},{"ancestorTitles":["L7 CLI surface closure"],"fullName":"L7 CLI surface closure exposes cross-repo spec store validation as a dry-run fail-close packet","status":"passed","title":"exposes cross-repo spec store validation as a dry-run fail-close packet","duration":143.92359899999792,"failureMessages":[],"meta":{},"tags":[]},{"ancestorTitles":["L7 CLI surface closure"],"fullName":"L7 CLI surface closure exposes constitution template resolution with non-silent conflict detection","status":"passed","title":"exposes constitution template resolution with non-silent conflict detection","duration":148.9031410000025,"failureMessages":[],"meta":{},"tags":[]},{"ancestorTitles":["L7 CLI surface closure"],"fullName":"L7 CLI surface closure exposes artifact convergence analysis that blocks unsafe completion claims","status":"passed","title":"exposes artifact convergence analysis that blocks unsafe completion claims","duration":138.71853199999896,"failureMessages":[],"meta":{},"tags":[]},{"ancestorTitles":["L7 CLI surface closure"],"fullName":"L7 CLI surface closure exposes state-machine policy fail-close and transition evidence","status":"passed","title":"exposes state-machine policy fail-close and transition evidence","duration":281.14730399999826,"failureMessages":[],"meta":{},"tags":[]},{"ancestorTitles":["L7 CLI surface closure"],"fullName":"L7 CLI surface closure exposes state-machine template planning without executing generated workflows","status":"passed","title":"exposes state-machine template planning without executing generated workflows","duration":136.37286499999755,"failureMessages":[],"meta":{},"tags":[]},{"ancestorTitles":["L7 CLI surface closure"],"fullName":"L7 CLI surface closure exposes extension preset bundle registry as discovery-only dry-run by default","status":"passed","title":"exposes extension preset bundle registry as discovery-only dry-run by default","duration":141.95417599999928,"failureMessages":[],"meta":{},"tags":[]},{"ancestorTitles":["L7 CLI surface closure"],"fullName":"L7 CLI surface closure exposes review feedback intake as idempotent read-only routing","status":"passed","title":"exposes review feedback intake as idempotent read-only routing","duration":138.8555180000003,"failureMessages":[],"meta":{},"tags":[]},{"ancestorTitles":["L7 CLI surface closure"],"fullName":"L7 CLI surface closure exposes agent SSoT runtime projection without overwriting user-modified files","status":"passed","title":"exposes agent SSoT runtime projection without overwriting user-modified files","duration":136.55620400000043,"failureMessages":[],"meta":{},"tags":[]},{"ancestorTitles":["L7 CLI surface closure"],"fullName":"L7 CLI surface closure exposes skill efficacy as a dry-run with reproducible grading evidence","status":"passed","title":"exposes skill efficacy as a dry-run with reproducible grading evidence","duration":140.69321299999865,"failureMessages":[],"meta":{},"tags":[]},{"ancestorTitles":["L7 CLI surface closure"],"fullName":"L7 CLI surface closure exposes harness taxonomy curation as fail-close source classification","status":"passed","title":"exposes harness taxonomy curation as fail-close source classification","duration":132.45407700000214,"failureMessages":[],"meta":{},"tags":[]},{"ancestorTitles":["L7 CLI surface closure"],"fullName":"L7 CLI surface closure exposes source mirror completeness with retry ledger and completion blocking","status":"passed","title":"exposes source mirror completeness with retry ledger and completion blocking","duration":138.77188999999998,"failureMessages":[],"meta":{},"tags":[]},{"ancestorTitles":["L7 CLI surface closure"],"fullName":"L7 CLI surface closure U-PRSCOPE-004: PLAN-L7-466-pr-scope-contract exposes GitHub operation guards as HELIX CLI surfaces","status":"passed","title":"U-PRSCOPE-004: PLAN-L7-466-pr-scope-contract exposes GitHub operation guards as HELIX CLI surfaces","duration":875.684204000001,"failureMessages":[],"meta":{},"tags":[]},{"ancestorTitles":["L7 CLI surface closure"],"fullName":"L7 CLI surface closure exposes GitHub ops guard and release publication plan as non-destructive packets","status":"passed","title":"exposes GitHub ops guard and release publication plan as non-destructive packets","duration":270.592824000003,"failureMessages":[],"meta":{},"tags":[]},{"ancestorTitles":["L7 CLI surface closure"],"fullName":"L7 CLI surface closure PLAN-L7-359: exposes doctor scope and timing as a lightweight diagnostic surface","status":"passed","title":"PLAN-L7-359: exposes doctor scope and timing as a lightweight diagnostic surface","duration":618.0151140000016,"failureMessages":[],"meta":{},"tags":[]},{"ancestorTitles":["L7 CLI surface closure"],"fullName":"L7 CLI surface closure exposes GitHub merge readiness as a read-only HELIX operation packet","status":"passed","title":"exposes GitHub merge readiness as a read-only HELIX operation packet","duration":137.35920100000294,"failureMessages":[],"meta":{},"tags":[]},{"ancestorTitles":["L7 CLI surface closure"],"fullName":"L7 CLI surface closure U-CPRCONV-002: exposes PR body, CI status, and Claude convergence commands","status":"passed","title":"U-CPRCONV-002: exposes PR body, CI status, and Claude convergence commands","duration":1246.141635,"failureMessages":[],"meta":{},"tags":[]},{"ancestorTitles":["L7 CLI surface closure"],"fullName":"L7 CLI surface closure U-L1L2-009: exposes L1/L2 gap-check as a read-only packet","status":"passed","title":"U-L1L2-009: exposes L1/L2 gap-check as a read-only packet","duration":141.8319730000003,"failureMessages":[],"meta":{},"tags":[]},{"ancestorTitles":["L7 CLI surface closure"],"fullName":"L7 CLI surface closure keeps repo wrapper decision packet commands aligned with live source","status":"passed","title":"keeps repo wrapper decision packet commands aligned with live source","duration":4524.153262,"failureMessages":[],"meta":{},"tags":[]},{"ancestorTitles":["L7 CLI surface closure"],"fullName":"L7 CLI surface closure U-HRET-007: rejects every retired session handover CLI route","status":"passed","title":"U-HRET-007: rejects every retired session handover CLI route","duration":414.79599300000336,"failureMessages":[],"meta":{},"tags":[]},{"ancestorTitles":["L7 CLI surface closure"],"fullName":"L7 CLI surface closure U-HRET-008: plan complete publishes continuation without CURRENT or prose","status":"passed","title":"U-HRET-008: plan complete publishes continuation without CURRENT or prose","duration":333.62988199999745,"failureMessages":[],"meta":{},"tags":[]},{"ancestorTitles":["L7 CLI surface closure"],"fullName":"L7 CLI surface closure U-APSEL-007: plan use accepts an exact canonical ID in a fixture repository","status":"passed","title":"U-APSEL-007: plan use accepts an exact canonical ID in a fixture repository","duration":139.09891799999968,"failureMessages":[],"meta":{},"tags":[]},{"ancestorTitles":["L7 CLI surface closure"],"fullName":"L7 CLI surface closure U-JRSTAT-001: exposes whole-program completion readiness on status surfaces","status":"passed","title":"U-JRSTAT-001: exposes whole-program completion readiness on status surfaces","duration":633.2591570000004,"failureMessages":[],"meta":{},"tags":[]},{"ancestorTitles":["L7 CLI surface closure"],"fullName":"L7 CLI surface closure U-OUTSTANDING-012: exposes active objective progress as a percentage on the live status surface","status":"passed","title":"U-OUTSTANDING-012: exposes active objective progress as a percentage on the live status surface","duration":2582.654826000002,"failureMessages":[],"meta":{},"tags":[]},{"ancestorTitles":["L7 CLI surface closure"],"fullName":"L7 CLI surface closure verifies objective external ledger with git ls-remote observations","status":"passed","title":"verifies objective external ledger with git ls-remote observations","duration":1202.463004000001,"failureMessages":[],"meta":{},"tags":[]},{"ancestorTitles":["L7 CLI surface closure"],"fullName":"L7 CLI surface closure blocks objective external audit when git observed HEAD drifts from the ledger","status":"passed","title":"blocks objective external audit when git observed HEAD drifts from the ledger","duration":1234.4265940000005,"failureMessages":[],"meta":{},"tags":[]},{"ancestorTitles":["L7 CLI surface closure"],"fullName":"L7 CLI surface closure blocks objective external audit when distribution latest tag advances beyond the ledger","status":"passed","title":"blocks objective external audit when distribution latest tag advances beyond the ledger","duration":1252.6109859999997,"failureMessages":[],"meta":{},"tags":[]},{"ancestorTitles":["L7 CLI surface closure"],"fullName":"L7 CLI surface closure exposes a completion decision packet for outstanding PO and approval blockers","status":"passed","title":"exposes a completion decision packet for outstanding PO and approval blockers","duration":569.2147179999956,"failureMessages":[],"meta":{},"tags":[]},{"ancestorTitles":["L7 CLI surface closure"],"fullName":"L7 CLI surface closure U-OUTSTANDING-017: exposes a completion review bundle for scoped non-destructive packet review","status":"passed","title":"U-OUTSTANDING-017: exposes a completion review bundle for scoped non-destructive packet review","duration":311.58755799999926,"failureMessages":[],"meta":{},"tags":[]},{"ancestorTitles":["L7 CLI surface closure"],"fullName":"L7 CLI surface closure exposes action-binding approval packets as a non-destructive planning surface","status":"passed","title":"exposes action-binding approval packets as a non-destructive planning surface","duration":5692.291593000002,"failureMessages":[],"meta":{},"tags":[]},{"ancestorTitles":["L7 CLI surface closure"],"fullName":"L7 CLI surface closure writes version-up activation review bundles as local artifacts only","status":"passed","title":"writes version-up activation review bundles as local artifacts only","duration":1262.003862000005,"failureMessages":[],"meta":{},"tags":[]},{"ancestorTitles":["L7 CLI surface closure"],"fullName":"L7 CLI surface closure fails scoped decision packet commands closed when the requested PLAN is not present","status":"passed","title":"fails scoped decision packet commands closed when the requested PLAN is not present","duration":5323.488243,"failureMessages":[],"meta":{},"tags":[]},{"ancestorTitles":["L7 CLI surface closure"],"fullName":"L7 CLI surface closure exposes HELIX project setup for VSCode-ready new projects","status":"passed","title":"exposes HELIX project setup for VSCode-ready new projects","duration":4289.579166000003,"failureMessages":[],"meta":{},"tags":[]},{"ancestorTitles":["L7 CLI surface closure"],"fullName":"L7 CLI surface closure keeps legacy setup text scoped away from HELIX project completion","status":"passed","title":"keeps legacy setup text scoped away from HELIX project completion","duration":1598.6223610000015,"failureMessages":[],"meta":{},"tags":[]},{"ancestorTitles":["L7 CLI surface closure"],"fullName":"L7 CLI surface closure exposes HELIX project setup package-root evidence for monorepo consumers","status":"passed","title":"exposes HELIX project setup package-root evidence for monorepo consumers","duration":1658.467730000004,"failureMessages":[],"meta":{},"tags":[]},{"ancestorTitles":["L7 CLI surface closure"],"fullName":"L7 CLI surface closure exposes skill suggest as a JSON command surface","status":"passed","title":"exposes skill suggest as a JSON command surface","duration":168.44199899999512,"failureMessages":[],"meta":{},"tags":[]},{"ancestorTitles":["L7 CLI surface closure"],"fullName":"L7 CLI surface closure exposes Project current-location skill binding as a JSON command surface","status":"passed","title":"exposes Project current-location skill binding as a JSON command surface","duration":16272.515691,"failureMessages":[],"meta":{},"tags":[]},{"ancestorTitles":["L7 CLI surface closure"],"fullName":"L7 CLI surface closure exposes Project current-location skill binding as a summary JSON command surface","status":"passed","title":"exposes Project current-location skill binding as a summary JSON command surface","duration":15431.003387999997,"failureMessages":[],"meta":{},"tags":[]},{"ancestorTitles":["L7 CLI surface closure"],"fullName":"L7 CLI surface closure exposes Project current-location skill binding as an injection manifest","status":"passed","title":"exposes Project current-location skill binding as an injection manifest","duration":15681.29370200001,"failureMessages":[],"meta":{},"tags":[]},{"ancestorTitles":["L7 CLI surface closure"],"fullName":"L7 CLI surface closure U-CLI-SKILL-DEADLINE-001: PLAN-RECOVERY-63-cli-surface-bounded-deadline exposes skill injection as a provider-neutral JSON manifest","status":"passed","title":"U-CLI-SKILL-DEADLINE-001: PLAN-RECOVERY-63-cli-surface-bounded-deadline exposes skill injection as a provider-neutral JSON manifest","duration":151.41506800000207,"failureMessages":[],"meta":{},"tags":[]},{"ancestorTitles":["L7 CLI surface closure"],"fullName":"L7 CLI surface closure U-CLI-SKILL-DEADLINE-002: PLAN-RECOVERY-63-cli-surface-bounded-deadline passes plan skill injection through task route adapter plans","status":"passed","title":"U-CLI-SKILL-DEADLINE-002: PLAN-RECOVERY-63-cli-surface-bounded-deadline passes plan skill injection through task route adapter plans","duration":210.01231600000756,"failureMessages":[],"meta":{},"tags":[]},{"ancestorTitles":["L7 CLI surface closure"],"fullName":"L7 CLI surface closure keeps proposal advisory lanes aligned with executable task routing","status":"passed","title":"keeps proposal advisory lanes aligned with executable task routing","duration":347.8211730000039,"failureMessages":[],"meta":{},"tags":[]},{"ancestorTitles":["L7 CLI surface closure"],"fullName":"L7 CLI surface closure U-WFEXCLI-001: routes pair-cell signals through the typed policy surface","status":"passed","title":"U-WFEXCLI-001: routes pair-cell signals through the typed policy surface","duration":150.57109199999832,"failureMessages":[],"meta":{},"tags":[]},{"ancestorTitles":["L7 CLI surface closure"],"fullName":"L7 CLI surface closure exposes builder catalog as a JSON command surface","status":"passed","title":"exposes builder catalog as a JSON command surface","duration":144.53641000000061,"failureMessages":[],"meta":{},"tags":[]},{"ancestorTitles":["L7 CLI surface closure"],"fullName":"L7 CLI surface closure exports relation graph diagrams through mermaid, dot, and d2 CLI formats without silent fallback","status":"passed","title":"exports relation graph diagrams through mermaid, dot, and d2 CLI formats without silent fallback","duration":896.6347870000027,"failureMessages":[],"meta":{},"tags":[]},{"ancestorTitles":["L7 CLI surface closure"],"fullName":"L7 CLI surface closure exposes progress snapshot as a deterministic visualization JSON surface","status":"passed","title":"exposes progress snapshot as a deterministic visualization JSON surface","duration":373.63807200000156,"failureMessages":[],"meta":{},"tags":[]},{"ancestorTitles":["L7 CLI surface closure"],"fullName":"L7 CLI surface closure U-CLSO-002: PLAN-L7-672-current-location-summary-typed-output missing authorityを明示する","status":"passed","title":"U-CLSO-002: PLAN-L7-672-current-location-summary-typed-output missing authorityを明示する","duration":210.08246400000644,"failureMessages":[],"meta":{},"tags":[]},{"ancestorTitles":["L7 CLI surface closure","current-locationの同一入力に対する出力契約"],"fullName":"L7 CLI surface closure current-locationの同一入力に対する出力契約 U-CLSO-001: PLAN-L7-672-current-location-summary-typed-output repository current-location routeをtyped identityへ投影する","status":"passed","title":"U-CLSO-001: PLAN-L7-672-current-location-summary-typed-output repository current-location routeをtyped identityへ投影する","duration":1.0828650000039488,"failureMessages":[],"meta":{},"tags":[]},{"ancestorTitles":["L7 CLI surface closure","current-locationの同一入力に対する出力契約"],"fullName":"L7 CLI surface closure current-locationの同一入力に対する出力契約 U-CLSO-003: PLAN-L7-672-current-location-summary-typed-output legacy primary fieldsを出力しない","status":"passed","title":"U-CLSO-003: PLAN-L7-672-current-location-summary-typed-output legacy primary fieldsを出力しない","duration":0.41827399999601766,"failureMessages":[],"meta":{},"tags":[]},{"ancestorTitles":["L7 CLI surface closure","current-locationの同一入力に対する出力契約"],"fullName":"L7 CLI surface closure current-locationの同一入力に対する出力契約 U-CLSO-004: PLAN-L7-672-current-location-summary-typed-output frontierをtyped routeへ揃える","status":"passed","title":"U-CLSO-004: PLAN-L7-672-current-location-summary-typed-output frontierをtyped routeへ揃える","duration":0.21515800000634044,"failureMessages":[],"meta":{},"tags":[]},{"ancestorTitles":["L7 CLI surface closure","current-locationの同一入力に対する出力契約"],"fullName":"L7 CLI surface closure current-locationの同一入力に対する出力契約 U-CLSO-005: PLAN-L7-672-current-location-summary-typed-output text全体をtyped route語彙へ固定する","status":"passed","title":"U-CLSO-005: PLAN-L7-672-current-location-summary-typed-output text全体をtyped route語彙へ固定する","duration":10.45910599999479,"failureMessages":[],"meta":{},"tags":[]},{"ancestorTitles":["L7 CLI surface closure","current-locationの同一入力に対する出力契約"],"fullName":"L7 CLI surface closure current-locationの同一入力に対する出力契約 U-CLSO-006: PLAN-L7-672-current-location-summary-typed-output schema v2を固定する","status":"passed","title":"U-CLSO-006: PLAN-L7-672-current-location-summary-typed-output schema v2を固定する","duration":0.15947199999936856,"failureMessages":[],"meta":{},"tags":[]},{"ancestorTitles":["L7 CLI surface closure"],"fullName":"L7 CLI surface closure U-CLIWI-005: exposes Project view current-location and drive recommendation from DB projection","status":"passed","title":"U-CLIWI-005: exposes Project view current-location and drive recommendation from DB projection","duration":16645.539373000007,"failureMessages":[],"meta":{},"tags":[]},{"ancestorTitles":["L7 CLI surface closure"],"fullName":"L7 CLI surface closure blocks approved materialized evidence patches without semantic authority receipts","status":"passed","title":"blocks approved materialized evidence patches without semantic authority receipts","duration":819.5716820000089,"failureMessages":[],"meta":{},"tags":[]},{"ancestorTitles":["L7 CLI surface closure"],"fullName":"L7 CLI surface closure U-CLOSURE-PROBE-REENTRANCY-001: 同一repo再入は証跡出力前にfail-closeし、fixture/親probeを維持する (PLAN-L7-548-closure-evidence-probe-reentrancy)","status":"passed","title":"U-CLOSURE-PROBE-REENTRANCY-001: 同一repo再入は証跡出力前にfail-closeし、fixture/親probeを維持する (PLAN-L7-548-closure-evidence-probe-reentrancy)","duration":1795.3569049999933,"failureMessages":[],"meta":{},"tags":[]},{"ancestorTitles":["L7 CLI surface closure"],"fullName":"L7 CLI surface closure U-CLOSPROBE-001: 間接再入・symlink marker・解釈不能markerをfail-closeする (PLAN-RECOVERY-52-closure-probe-reentrancy-closure)","status":"passed","title":"U-CLOSPROBE-001: 間接再入・symlink marker・解釈不能markerをfail-closeする (PLAN-RECOVERY-52-closure-probe-reentrancy-closure)","duration":636.2645130000019,"failureMessages":[],"meta":{},"tags":[]},{"ancestorTitles":["L7 CLI surface closure"],"fullName":"L7 CLI surface closure executes approved close_ready closure patches in a fixture repo only","status":"passed","title":"executes approved close_ready closure patches in a fixture repo only","duration":2286.0091339999926,"failureMessages":[],"meta":{},"tags":[]},{"ancestorTitles":["L7 CLI surface closure"],"fullName":"L7 CLI surface closure exposes VSCode visualization manifest as a read-only CLI surface","status":"passed","title":"exposes VSCode visualization manifest as a read-only CLI surface","duration":147.23809400000027,"failureMessages":[],"meta":{},"tags":[]},{"ancestorTitles":["L7 CLI surface closure"],"fullName":"L7 CLI surface closure exposes progress view-model as a Project/HARNESS boundary JSON surface","status":"passed","title":"exposes progress view-model as a Project/HARNESS boundary JSON surface","duration":493.9465780000028,"failureMessages":[],"meta":{},"tags":[]},{"ancestorTitles":["L7 CLI surface closure"],"fullName":"L7 CLI surface closure fails review command closed unless the current uncommitted scope is explicit","status":"passed","title":"fails review command closed unless the current uncommitted scope is explicit","duration":141.48905099998228,"failureMessages":[],"meta":{},"tags":[]},{"ancestorTitles":["L7 CLI surface closure"],"fullName":"L7 CLI surface closure emits a non-destructive cutover dry-run plan","status":"passed","title":"emits a non-destructive cutover dry-run plan","duration":152.4800249999971,"failureMessages":[],"meta":{},"tags":[]},{"ancestorTitles":["L7 CLI surface closure"],"fullName":"L7 CLI surface closure quotes cutover rollback refs in dry-run output","status":"passed","title":"quotes cutover rollback refs in dry-run output","duration":139.57109199999832,"failureMessages":[],"meta":{},"tags":[]},{"ancestorTitles":["L7 CLI surface closure"],"fullName":"L7 CLI surface closure labels cutover text output as approval-required, not approved","status":"passed","title":"labels cutover text output as approval-required, not approved","duration":150.53019499999937,"failureMessages":[],"meta":{},"tags":[]},{"ancestorTitles":["L7 CLI surface closure"],"fullName":"L7 CLI surface closure refuses cutover apply without a human-approved runbook","status":"passed","title":"refuses cutover apply without a human-approved runbook","duration":149.47994099999778,"failureMessages":[],"meta":{},"tags":[]},{"ancestorTitles":["L7 CLI surface closure"],"fullName":"L7 CLI surface closure U-DISTID-007: exposes DevOS clean distribution planning with preflight, rollback, and contract metadata","status":"passed","title":"U-DISTID-007: exposes DevOS clean distribution planning with preflight, rollback, and contract metadata","duration":742.5497409999953,"failureMessages":[],"meta":{},"tags":[]},{"ancestorTitles":["L7 CLI surface closure"],"fullName":"L7 CLI surface closure U-DISTPKG-014: PLAN-L7-656 / PLAN-L7-357 exposes distribution sync/package/release surfaces without remote mutation","status":"passed","title":"U-DISTPKG-014: PLAN-L7-656 / PLAN-L7-357 exposes distribution sync/package/release surfaces without remote mutation","duration":2782.7476649999735,"failureMessages":[],"meta":{},"tags":[]},{"ancestorTitles":["L7 CLI surface closure"],"fullName":"L7 CLI surface closure U-DISTDET-001: PLAN-L7-603 / PLAN-L7-357 / Issue #659 package archive is deterministic and manifest binds its digest from the U-DISTPKG-014 clean source fixture","status":"passed","title":"U-DISTDET-001: PLAN-L7-603 / PLAN-L7-357 / Issue #659 package archive is deterministic and manifest binds its digest from the U-DISTPKG-014 clean source fixture","duration":2546.435725999996,"failureMessages":[],"meta":{},"tags":[]},{"ancestorTitles":["L7 CLI surface closure"],"fullName":"L7 CLI surface closure blocks distribution planning when the requested tag is not bound to package version","status":"passed","title":"blocks distribution planning when the requested tag is not bound to package version","duration":721.4747980000102,"failureMessages":[],"meta":{},"tags":[]},{"ancestorTitles":["L7 CLI surface closure"],"fullName":"L7 CLI surface closure blocks distribution planning when the bare helix CLI is not available","status":"passed","title":"blocks distribution planning when the bare helix CLI is not available","duration":715.7828269999882,"failureMessages":[],"meta":{},"tags":[]},{"ancestorTitles":["L7 CLI surface closure"],"fullName":"L7 CLI surface closure exposes telemetry scan as a JSON command surface without provider CLI execution","status":"passed","title":"exposes telemetry scan as a JSON command surface without provider CLI execution","duration":192.72073900001124,"failureMessages":[],"meta":{},"tags":[]},{"ancestorTitles":["L7 CLI surface closure"],"fullName":"L7 CLI surface closure appends L7.5 RUN & Debug runtime verification logs","status":"passed","title":"appends L7.5 RUN & Debug runtime verification logs","duration":282.48879000000306,"failureMessages":[],"meta":{},"tags":[]},{"ancestorTitles":["L7 CLI surface closure"],"fullName":"L7 CLI surface closure exposes quality audit as a JSON command surface","status":"passed","title":"exposes quality audit as a JSON command surface","duration":1017.5720659999934,"failureMessages":[],"meta":{},"tags":[]},{"ancestorTitles":["L7 CLI surface closure"],"fullName":"L7 CLI surface closure U-BRAS-009: exposes branch audit as a read-only JSON command surface","status":"passed","title":"U-BRAS-009: exposes branch audit as a read-only JSON command surface","duration":300.15456500000437,"failureMessages":[],"meta":{},"tags":[]},{"ancestorTitles":["L7 CLI surface closure"],"fullName":"L7 CLI surface closure U-BRAS-008: fails branch audit closed when the canonical main ref cannot be resolved","status":"passed","title":"U-BRAS-008: fails branch audit closed when the canonical main ref cannot be resolved","duration":184.62940800000797,"failureMessages":[],"meta":{},"tags":[]},{"ancestorTitles":["L7 CLI surface closure"],"fullName":"L7 CLI surface closure exposes team run as a shared Claude/Codex dry-run launch plan","status":"passed","title":"exposes team run as a shared Claude/Codex dry-run launch plan","duration":159.81838199999765,"failureMessages":[],"meta":{},"tags":[]},{"ancestorTitles":["L7 CLI surface closure"],"fullName":"L7 CLI surface closure exposes team suggest as a deterministic launch policy surface","status":"passed","title":"exposes team suggest as a deterministic launch policy surface","duration":141.0872199999867,"failureMessages":[],"meta":{},"tags":[]},{"ancestorTitles":["L7 CLI surface closure"],"fullName":"L7 CLI surface closure exposes proposal document coverage lanes as a parallel team suggestion","status":"passed","title":"exposes proposal document coverage lanes as a parallel team suggestion","duration":134.51952800000436,"failureMessages":[],"meta":{},"tags":[]},{"ancestorTitles":["L7 CLI surface closure"],"fullName":"L7 CLI surface closure executes team run through fake Claude/Codex adapters while keeping JSON machine-readable","status":"passed","title":"executes team run through fake Claude/Codex adapters while keeping JSON machine-readable","duration":512.1159040000057,"failureMessages":[],"meta":{},"tags":[]},{"ancestorTitles":["L7 CLI surface closure"],"fullName":"L7 CLI surface closure U-WBL-005: executes codex adapter with budget lifecycle fields under --execute --json","status":"passed","title":"U-WBL-005: executes codex adapter with budget lifecycle fields under --execute --json","duration":408.79283299998497,"failureMessages":[],"meta":{},"tags":[]},{"ancestorTitles":["L7 CLI surface closure"],"fullName":"L7 CLI surface closure U-CNHOOKWIRE-010: pre-activation dispatches without an envelope but rejects an explicit invalid envelope","status":"passed","title":"U-CNHOOKWIRE-010: pre-activation dispatches without an envelope but rejects an explicit invalid envelope","duration":634.7070919999969,"failureMessages":[],"meta":{},"tags":[]},{"ancestorTitles":["L7 CLI surface closure"],"fullName":"L7 CLI surface closure U-CNHOOKWIRE-007b: loop/pair/team reject an explicit invalid envelope before provider probing","status":"passed","title":"U-CNHOOKWIRE-007b: loop/pair/team reject an explicit invalid envelope before provider probing","duration":419.45449300002656,"failureMessages":[],"meta":{},"tags":[]},{"ancestorTitles":["L7 CLI surface closure"],"fullName":"L7 CLI surface closure U-WBL-016: timeout後にexit 0を返すdirect CLIをfailed/124へ固定しconsult receiptを作らない","status":"passed","title":"U-WBL-016: timeout後にexit 0を返すdirect CLIをfailed/124へ固定しconsult receiptを作らない","duration":523.3739400000195,"failureMessages":[],"meta":{},"tags":[]},{"ancestorTitles":["L7 CLI surface closure"],"fullName":"L7 CLI surface closure U-WBL-010: projects a real CLI SIGINT to exit 130 and interruption JSON after provider reap","status":"passed","title":"U-WBL-010: projects a real CLI SIGINT to exit 130 and interruption JSON after provider reap","duration":725.2055019999971,"failureMessages":[],"meta":{},"tags":[]},{"ancestorTitles":["L7 CLI surface closure"],"fullName":"L7 CLI surface closure U-CNHOOKWIRE-009: standalone keeps coordination memory without provider dispatch (U-CLI-MEM-SURFACE)","status":"passed","title":"U-CNHOOKWIRE-009: standalone keeps coordination memory without provider dispatch (U-CLI-MEM-SURFACE)","duration":206.8120329999947,"failureMessages":[],"meta":{},"tags":[]},{"ancestorTitles":["PLAN-L7-417 hook-quiet 出力 (Codex 0.144 Stop/SubagentStop stdout 契約)"],"fullName":"PLAN-L7-417 hook-quiet 出力 (Codex 0.144 Stop/SubagentStop stdout 契約) U-HOOKQUIET-001: session summary --quiet は stdout を出さない (既定は従来出力)","status":"passed","title":"U-HOOKQUIET-001: session summary --quiet は stdout を出さない (既定は従来出力)","duration":294.49869999999646,"failureMessages":[],"meta":{},"tags":[]},{"ancestorTitles":["PLAN-L7-417 hook-quiet 出力 (Codex 0.144 Stop/SubagentStop stdout 契約)"],"fullName":"PLAN-L7-417 hook-quiet 出力 (Codex 0.144 Stop/SubagentStop stdout 契約) U-HOOKQUIET-002: hook subagent-stop --quiet は stdout を出さない (既定は従来出力)","status":"passed","title":"U-HOOKQUIET-002: hook subagent-stop --quiet は stdout を出さない (既定は従来出力)","duration":289.5567719999817,"failureMessages":[],"meta":{},"tags":[]},{"ancestorTitles":["document semantic diff CLI (IT-DOCDIFF)"],"fullName":"document semantic diff CLI (IT-DOCDIFF) IT-DOCDIFF-003: explicit artifactをdurable new-file-onlyで保存し、dry-runと不正pathを拒否する","status":"passed","title":"IT-DOCDIFF-003: explicit artifactをdurable new-file-onlyで保存し、dry-runと不正pathを拒否する","duration":1546.2619330000016,"failureMessages":[],"meta":{},"tags":[]}],"startTime":1788905144239,"endTime":1788905336123.262,"status":"passed","message":"","name":"/home/tenni/.helix-worktrees/recovery-1614-convergence/tests/cli-surface.test.ts"},{"assertionResults":[{"ancestorTitles":["L3 G1/G3 freeze packet v2"],"fullName":"L3 G1/G3 freeze packet v2 U-GHEPRE-006: right-arm evidenceのL6/L8 pairをPLANへ束縛する","status":"passed","title":"U-GHEPRE-006: right-arm evidenceのL6/L8 pairをPLANへ束縛する","duration":1.4768329999999423,"failureMessages":[],"meta":{},"tags":[]},{"ancestorTitles":["L3 G1/G3 freeze packet v2"],"fullName":"L3 G1/G3 freeze packet v2 U-GHEP-008: execution episode schemaとL6/L8 pairをPLANへ束縛する","status":"passed","title":"U-GHEP-008: execution episode schemaとL6/L8 pairをPLANへ束縛する","duration":1.805246000000011,"failureMessages":[],"meta":{},"tags":[]},{"ancestorTitles":["L3 G1/G3 freeze packet v2"],"fullName":"L3 G1/G3 freeze packet v2 U-GHEPL-008: location projectionのL6/L8 pairをPLANへ束縛する","status":"passed","title":"U-GHEPL-008: location projectionのL6/L8 pairをPLANへ束縛する","duration":0.20761400000003505,"failureMessages":[],"meta":{},"tags":[]},{"ancestorTitles":["L3 G1/G3 freeze packet v2"],"fullName":"L3 G1/G3 freeze packet v2 binds the required freeze target PLAN exact set without legacy ranges or duplicates","status":"passed","title":"binds the required freeze target PLAN exact set without legacy ranges or duplicates","duration":3.2951949999999215,"failureMessages":[],"meta":{},"tags":[]},{"ancestorTitles":["L3 G1/G3 freeze packet v2"],"fullName":"L3 G1/G3 freeze packet v2 discloses the ten draft PLANs without conflating requirement freeze and PLAN closure","status":"passed","title":"discloses the ten draft PLANs without conflating requirement freeze and PLAN closure","duration":1.3604020000000219,"failureMessages":[],"meta":{},"tags":[]},{"ancestorTitles":["L3 G1/G3 freeze packet v2"],"fullName":"L3 G1/G3 freeze packet v2 binds the final material snapshot and delegates self-referential receipts externally","status":"passed","title":"binds the final material snapshot and delegates self-referential receipts externally","duration":1.1452699999999822,"failureMessages":[],"meta":{},"tags":[]},{"ancestorTitles":["L3 G1/G3 freeze packet v2"],"fullName":"L3 G1/G3 freeze packet v2 executes the versioned logical DB bootstrap policy instead of checking prose only","status":"passed","title":"executes the versioned logical DB bootstrap policy instead of checking prose only","duration":32242.527512999997,"failureMessages":[],"meta":{},"tags":[]},{"ancestorTitles":["L3 G1/G3 freeze packet v2"],"fullName":"L3 G1/G3 freeze packet v2 rejects policy sort and canonicalization declarations that the verifier does not implement","status":"passed","title":"rejects policy sort and canonicalization declarations that the verifier does not implement","duration":1.5633279999965453,"failureMessages":[],"meta":{},"tags":[]},{"ancestorTitles":["L3 G1/G3 freeze packet v2"],"fullName":"L3 G1/G3 freeze packet v2 rejects stale rows, relational orphans, and empty checkpoint populations","status":"passed","title":"rejects stale rows, relational orphans, and empty checkpoint populations","duration":31691.746209999998,"failureMessages":[],"meta":{},"tags":[]},{"ancestorTitles":["L3 G1/G3 freeze packet v2"],"fullName":"L3 G1/G3 freeze packet v2 keeps projected rows free of the checkout absolute path","status":"passed","title":"keeps projected rows free of the checkout absolute path","duration":31155.926689,"failureMessages":[],"meta":{},"tags":[]},{"ancestorTitles":["L3 G1/G3 freeze packet v2"],"fullName":"L3 G1/G3 freeze packet v2 U-DESIGNCOV-016: binds every listed L3/L10 artifact candidate to its current digest","status":"passed","title":"U-DESIGNCOV-016: binds every listed L3/L10 artifact candidate to its current digest","duration":5.569786000007298,"failureMessages":[],"meta":{},"tags":[]},{"ancestorTitles":["L3 G1/G3 freeze packet v2"],"fullName":"L3 G1/G3 freeze packet v2 U-DISTLITE-004: Lite manifest設計登録をG3 freeze digestへ伝播する","status":"passed","title":"U-DISTLITE-004: Lite manifest設計登録をG3 freeze digestへ伝播する","duration":0.29548100000829436,"failureMessages":[],"meta":{},"tags":[]},{"ancestorTitles":["L3 G1/G3 freeze packet v2"],"fullName":"L3 G1/G3 freeze packet v2 U-BRAS-010: branch audit安全設計登録をG3 freeze digestへ伝播する","status":"passed","title":"U-BRAS-010: branch audit安全設計登録をG3 freeze digestへ伝播する","duration":0.30128200000035577,"failureMessages":[],"meta":{},"tags":[]},{"ancestorTitles":["L3 G1/G3 freeze packet v2"],"fullName":"L3 G1/G3 freeze packet v2 U-DISTCAN-008b: Lite consumer canary設計登録をG3 freeze digestへ伝播する","status":"passed","title":"U-DISTCAN-008b: Lite consumer canary設計登録をG3 freeze digestへ伝播する","duration":0.2617670000036014,"failureMessages":[],"meta":{},"tags":[]},{"ancestorTitles":["L3 G1/G3 freeze packet v2"],"fullName":"L3 G1/G3 freeze packet v2 U-DISTART-005: Lite artifact projection設計登録をG3 freeze digestへ伝播する","status":"passed","title":"U-DISTART-005: Lite artifact projection設計登録をG3 freeze digestへ伝播する","duration":0.226079000000027,"failureMessages":[],"meta":{},"tags":[]},{"ancestorTitles":["L3 G1/G3 freeze packet v2"],"fullName":"L3 G1/G3 freeze packet v2 U-CNWHOOKSCHEMA-013: project hook resolver設計登録をG3 freeze digestへ伝播する","status":"passed","title":"U-CNWHOOKSCHEMA-013: project hook resolver設計登録をG3 freeze digestへ伝播する","duration":0.26277899999695364,"failureMessages":[],"meta":{},"tags":[]},{"ancestorTitles":["L3 G1/G3 freeze packet v2"],"fullName":"L3 G1/G3 freeze packet v2 U-LUNASPAWN-009: Luna native spawn設計登録をG3 freeze digestへ伝播する","status":"passed","title":"U-LUNASPAWN-009: Luna native spawn設計登録をG3 freeze digestへ伝播する","duration":0.1977960000076564,"failureMessages":[],"meta":{},"tags":[]},{"ancestorTitles":["L3 G1/G3 freeze packet v2"],"fullName":"L3 G1/G3 freeze packet v2 U-LANEEFF-005: proposal lane effort binding設計登録をG3 freeze digestへ伝播する","status":"passed","title":"U-LANEEFF-005: proposal lane effort binding設計登録をG3 freeze digestへ伝播する","duration":0.2085559999977704,"failureMessages":[],"meta":{},"tags":[]},{"ancestorTitles":["L3 G1/G3 freeze packet v2"],"fullName":"L3 G1/G3 freeze packet v2 U-RVIDENT-011: reviewer identity設計登録をG3 freeze digestへ伝播する","status":"passed","title":"U-RVIDENT-011: reviewer identity設計登録をG3 freeze digestへ伝播する","duration":0.1990069999883417,"failureMessages":[],"meta":{},"tags":[]},{"ancestorTitles":["L3 G1/G3 freeze packet v2"],"fullName":"L3 G1/G3 freeze packet v2 U-WFCAT-005: propagates the workflow catalog design registration into the G3 freeze digest","status":"passed","title":"U-WFCAT-005: propagates the workflow catalog design registration into the G3 freeze digest","duration":0.17320900000049733,"failureMessages":[],"meta":{},"tags":[]},{"ancestorTitles":["L3 G1/G3 freeze packet v2"],"fullName":"L3 G1/G3 freeze packet v2 U-WFROUTE-005: propagates the typed routing design registration into the G3 freeze digest","status":"passed","title":"U-WFROUTE-005: propagates the typed routing design registration into the G3 freeze digest","duration":0.17392000000108965,"failureMessages":[],"meta":{},"tags":[]},{"ancestorTitles":["L3 G1/G3 freeze packet v2"],"fullName":"L3 G1/G3 freeze packet v2 U-SDDA-007: state DB authority registrationをL3 freeze digestへ同期する","status":"passed","title":"U-SDDA-007: state DB authority registrationをL3 freeze digestへ同期する","duration":0.08558299999276642,"failureMessages":[],"meta":{},"tags":[]},{"ancestorTitles":["L3 G1/G3 freeze packet v2"],"fullName":"L3 G1/G3 freeze packet v2 U-WFEPROJ-005: propagates policy projection design registration into the G3 freeze digest","status":"passed","title":"U-WFEPROJ-005: propagates policy projection design registration into the G3 freeze digest","duration":0.23180999999749474,"failureMessages":[],"meta":{},"tags":[]},{"ancestorTitles":["L3 G1/G3 freeze packet v2"],"fullName":"L3 G1/G3 freeze packet v2 U-WFEPOLRES-005: propagates policy resolution design registration into the G3 freeze digest","status":"passed","title":"U-WFEPOLRES-005: propagates policy resolution design registration into the G3 freeze digest","duration":0.2439029999950435,"failureMessages":[],"meta":{},"tags":[]},{"ancestorTitles":["L3 G1/G3 freeze packet v2"],"fullName":"L3 G1/G3 freeze packet v2 U-WFEXROUTE-005: propagates routing consumer registration into the G3 freeze digest","status":"passed","title":"U-WFEXROUTE-005: propagates routing consumer registration into the G3 freeze digest","duration":0.18766599999798927,"failureMessages":[],"meta":{},"tags":[]},{"ancestorTitles":["L3 G1/G3 freeze packet v2"],"fullName":"L3 G1/G3 freeze packet v2 U-WFEXCLI-005: propagates routing CLI registration into the G3 freeze digest","status":"passed","title":"U-WFEXCLI-005: propagates routing CLI registration into the G3 freeze digest","duration":0.26520399999571964,"failureMessages":[],"meta":{},"tags":[]},{"ancestorTitles":["L3 G1/G3 freeze packet v2"],"fullName":"L3 G1/G3 freeze packet v2 U-TPWID-005: propagates typed PLAN identity pair into the G3 freeze digest","status":"passed","title":"U-TPWID-005: propagates typed PLAN identity pair into the G3 freeze digest","duration":0.3297059999895282,"failureMessages":[],"meta":{},"tags":[]},{"ancestorTitles":["L3 G1/G3 freeze packet v2"],"fullName":"L3 G1/G3 freeze packet v2 U-GWID-006: propagates GitHub workflow identity contract pair into the G3 freeze digest","status":"passed","title":"U-GWID-006: propagates GitHub workflow identity contract pair into the G3 freeze digest","duration":0.2138859999977285,"failureMessages":[],"meta":{},"tags":[]},{"ancestorTitles":["L3 G1/G3 freeze packet v2"],"fullName":"L3 G1/G3 freeze packet v2 U-GWIDADM-008: GitHub workflow identity admission pairをG3 freeze digestへ伝播する","status":"passed","title":"U-GWIDADM-008: GitHub workflow identity admission pairをG3 freeze digestへ伝播する","duration":0.19812699999602046,"failureMessages":[],"meta":{},"tags":[]},{"ancestorTitles":["L3 G1/G3 freeze packet v2"],"fullName":"L3 G1/G3 freeze packet v2 U-DBWID-006: PLAN registry typed identity pairをG3 freeze digestへ伝播する","status":"passed","title":"U-DBWID-006: PLAN registry typed identity pairをG3 freeze digestへ伝播する","duration":0.1876570000022184,"failureMessages":[],"meta":{},"tags":[]},{"ancestorTitles":["L3 G1/G3 freeze packet v2"],"fullName":"L3 G1/G3 freeze packet v2 U-WFLEG-007: legacy adapter設計登録をG3 freeze digestへ伝播する","status":"passed","title":"U-WFLEG-007: legacy adapter設計登録をG3 freeze digestへ伝播する","duration":0.18814700000802986,"failureMessages":[],"meta":{},"tags":[]},{"ancestorTitles":["L3 G1/G3 freeze packet v2"],"fullName":"L3 G1/G3 freeze packet v2 U-DESIGNELIC-004: design elicitation typed分類登録をG3 freeze digestへ伝播する","status":"passed","title":"U-DESIGNELIC-004: design elicitation typed分類登録をG3 freeze digestへ伝播する","duration":0.2360179999959655,"failureMessages":[],"meta":{},"tags":[]},{"ancestorTitles":["L3 G1/G3 freeze packet v2"],"fullName":"L3 G1/G3 freeze packet v2 keeps every new L3 owner visible as an unresolved post-freeze downstream obligation","status":"passed","title":"keeps every new L3 owner visible as an unresolved post-freeze downstream obligation","duration":0.3300969999982044,"failureMessages":[],"meta":{},"tags":[]},{"ancestorTitles":["L3 G1/G3 freeze packet v2"],"fullName":"L3 G1/G3 freeze packet v2 freezes development style, case-driven model, and specialist process as separate axes","status":"passed","title":"freezes development style, case-driven model, and specialist process as separate axes","duration":0.19620299999951385,"failureMessages":[],"meta":{},"tags":[]},{"ancestorTitles":["L3 G1/G3 freeze packet v2"],"fullName":"L3 G1/G3 freeze packet v2 contains the five-question batch and unresolved issue dispositions","status":"passed","title":"contains the five-question batch and unresolved issue dispositions","duration":2.815818000002764,"failureMessages":[],"meta":{},"tags":[]},{"ancestorTitles":["L3 G1/G3 freeze packet v2"],"fullName":"L3 G1/G3 freeze packet v2 binds the five PO decisions and the snapshot-bound G1/G3 freeze without downstream claims","status":"passed","title":"binds the five PO decisions and the snapshot-bound G1/G3 freeze without downstream claims","duration":1.7873120000003837,"failureMessages":[],"meta":{},"tags":[]},{"ancestorTitles":["L3 G1/G3 freeze packet v2"],"fullName":"L3 G1/G3 freeze packet v2 U-UIL-AUTH-001: keeps the Universal Improvement Loop L3/L10 identity sets exact","status":"passed","title":"U-UIL-AUTH-001: keeps the Universal Improvement Loop L3/L10 identity sets exact","duration":0.5504930000024615,"failureMessages":[],"meta":{},"tags":[]},{"ancestorTitles":["L3 G1/G3 freeze packet v2"],"fullName":"L3 G1/G3 freeze packet v2 U-UIL-AUTH-002: maps every Universal Improvement Loop acceptance row to the exact requirement set","status":"passed","title":"U-UIL-AUTH-002: maps every Universal Improvement Loop acceptance row to the exact requirement set","duration":0.31876500000362284,"failureMessages":[],"meta":{},"tags":[]},{"ancestorTitles":["L3 G1/G3 freeze packet v2"],"fullName":"L3 G1/G3 freeze packet v2 U-UIL-AUTH-003: binds confirmed L3/L10 status and reciprocal PLAN identity","status":"passed","title":"U-UIL-AUTH-003: binds confirmed L3/L10 status and reciprocal PLAN identity","duration":0.2730180000071414,"failureMessages":[],"meta":{},"tags":[]},{"ancestorTitles":["L3 G1/G3 freeze packet v2"],"fullName":"L3 G1/G3 freeze packet v2 U-UIL-AUTH-004: keeps the eight implementation slices explicit and unique","status":"passed","title":"U-UIL-AUTH-004: keeps the eight implementation slices explicit and unique","duration":0.1431810000067344,"failureMessages":[],"meta":{},"tags":[]}],"startTime":1788905037306,"endTime":1788905132425.273,"status":"passed","message":"","name":"/home/tenni/.helix-worktrees/recovery-1614-convergence/tests/l3-g3-freeze-packet-v2.test.ts"},{"assertionResults":[{"ancestorTitles":["plan-descent gate (U-PDESC-001..010)"],"fullName":"plan-descent gate (U-PDESC-001..010) U-PDESC-001: L6 設計親 + test-design pair の impl PLAN は ok","status":"passed","title":"U-PDESC-001: L6 設計親 + test-design pair の impl PLAN は ok","duration":9.194096999999985,"failureMessages":[],"meta":{},"tags":[]},{"ancestorTitles":["plan-descent gate (U-PDESC-001..010)"],"fullName":"plan-descent gate (U-PDESC-001..010) U-PDESC-002: parent_design 省略 (baseline 外) は parent_design_absent","status":"passed","title":"U-PDESC-002: parent_design 省略 (baseline 外) は parent_design_absent","duration":4.650394000000006,"failureMessages":[],"meta":{},"tags":[]},{"ancestorTitles":["plan-descent gate (U-PDESC-001..010)"],"fullName":"plan-descent gate (U-PDESC-001..010) U-PDESC-003: PLAN や L6 以外の doc への親付けは parent_design_not_l6_design_doc","status":"passed","title":"U-PDESC-003: PLAN や L6 以外の doc への親付けは parent_design_not_l6_design_doc","duration":5.708953000000008,"failureMessages":[],"meta":{},"tags":[]},{"ancestorTitles":["plan-descent gate (U-PDESC-001..010)"],"fullName":"plan-descent gate (U-PDESC-001..010) U-PDESC-004: baseline 記載の既存違反は grandfathered として ok を保つ","status":"passed","title":"U-PDESC-004: baseline 記載の既存違反は grandfathered として ok を保つ","duration":4.412524000000019,"failureMessages":[],"meta":{},"tags":[]},{"ancestorTitles":["plan-descent gate (U-PDESC-001..010)"],"fullName":"plan-descent gate (U-PDESC-001..010) U-PDESC-005: baseline 外の追加違反があれば ok=false (ratchet)","status":"passed","title":"U-PDESC-005: baseline 外の追加違反があれば ok=false (ratchet)","duration":4.831478000000004,"failureMessages":[],"meta":{},"tags":[]},{"ancestorTitles":["plan-descent gate (U-PDESC-001..010)"],"fullName":"plan-descent gate (U-PDESC-001..010) U-PDESC-006: design / reverse / refactor / PLAN-DISCOVERY-* は対象外","status":"passed","title":"U-PDESC-006: design / reverse / refactor / PLAN-DISCOVERY-* は対象外","duration":5.982542999999993,"failureMessages":[],"meta":{},"tags":[]},{"ancestorTitles":["plan-descent gate (U-PDESC-001..010)"],"fullName":"plan-descent gate (U-PDESC-001..010) U-PDESC-007: pair_artifact が test-design 配下でなければ pair_artifact_not_test_design","status":"passed","title":"U-PDESC-007: pair_artifact が test-design 配下でなければ pair_artifact_not_test_design","duration":4.222393000000011,"failureMessages":[],"meta":{},"tags":[]},{"ancestorTitles":["plan-descent gate (U-PDESC-001..010)"],"fullName":"plan-descent gate (U-PDESC-001..010) U-PDESC-007a: 2026-07-08 以降の L7 impl は L8 unit test design pair を必須にする","status":"passed","title":"U-PDESC-007a: 2026-07-08 以降の L7 impl は L8 unit test design pair を必須にする","duration":4.265675000000016,"failureMessages":[],"meta":{},"tags":[]},{"ancestorTitles":["plan-descent gate (U-PDESC-001..010)"],"fullName":"plan-descent gate (U-PDESC-001..010) U-PDESC-007a-canonical: canonical L6↔L7 test-design pairを受理する","status":"passed","title":"U-PDESC-007a-canonical: canonical L6↔L7 test-design pairを受理する","duration":4.417181999999997,"failureMessages":[],"meta":{},"tags":[]},{"ancestorTitles":["plan-descent gate (U-PDESC-001..010)"],"fullName":"plan-descent gate (U-PDESC-001..010) L8 pairの非canonical frontmatter layer=L7 sub_doc=unit-test-designを拒否","status":"passed","title":"L8 pairの非canonical frontmatter layer=L7 sub_doc=unit-test-designを拒否","duration":4.544663999999983,"failureMessages":[],"meta":{},"tags":[]},{"ancestorTitles":["plan-descent gate (U-PDESC-001..010)"],"fullName":"plan-descent gate (U-PDESC-001..010) L8 pairの非canonical frontmatter layer=L8 sub_doc=unknownを拒否","status":"passed","title":"L8 pairの非canonical frontmatter layer=L8 sub_doc=unknownを拒否","duration":4.470850000000013,"failureMessages":[],"meta":{},"tags":[]},{"ancestorTitles":["plan-descent gate (U-PDESC-001..010)"],"fullName":"plan-descent gate (U-PDESC-001..010) L8 pairの非canonical frontmatter layer=L8 sub_doc=nullを拒否","status":"passed","title":"L8 pairの非canonical frontmatter layer=L8 sub_doc=nullを拒否","duration":4.082767999999987,"failureMessages":[],"meta":{},"tags":[]},{"ancestorTitles":["plan-descent gate (U-PDESC-001..010)"],"fullName":"plan-descent gate (U-PDESC-001..010) 任意pathのL8風filenameを拒否","status":"passed","title":"任意pathのL8風filenameを拒否","duration":4.772897999999998,"failureMessages":[],"meta":{},"tags":[]},{"ancestorTitles":["plan-descent gate (U-PDESC-001..010)"],"fullName":"plan-descent gate (U-PDESC-001..010) U-PDESC-007b: 2026-07-08 より前の legacy L7 unit pair は date grandfather する","status":"passed","title":"U-PDESC-007b: 2026-07-08 より前の legacy L7 unit pair は date grandfather する","duration":5.205031999999989,"failureMessages":[],"meta":{},"tags":[]},{"ancestorTitles":["plan-descent gate (U-PDESC-001..010)"],"fullName":"plan-descent gate (U-PDESC-001..010) U-PDESC-008: kind=add-impl も impl と同一検査","status":"passed","title":"U-PDESC-008: kind=add-impl も impl と同一検査","duration":4.196756999999991,"failureMessages":[],"meta":{},"tags":[]},{"ancestorTitles":["plan-descent gate (U-PDESC-001..010)"],"fullName":"plan-descent gate (U-PDESC-001..010) U-PDESC-009: confirmed impl の親 L6 doc が draft なら parent_design_not_confirmed (draft impl は対象外)","status":"passed","title":"U-PDESC-009: confirmed impl の親 L6 doc が draft なら parent_design_not_confirmed (draft impl は対象外)","duration":4.291386000000017,"failureMessages":[],"meta":{},"tags":[]},{"ancestorTitles":["plan-descent gate (U-PDESC-001..010)"],"fullName":"plan-descent gate (U-PDESC-001..010) U-PDESC-009a: Add-feature Route B の confirmed add-impl は draft L6 pairへの先行buildを許可する","status":"passed","title":"U-PDESC-009a: Add-feature Route B の confirmed add-impl は draft L6 pairへの先行buildを許可する","duration":3.888309000000021,"failureMessages":[],"meta":{},"tags":[]},{"ancestorTitles":["plan-descent gate (U-PDESC-001..010)"],"fullName":"plan-descent gate (U-PDESC-001..010) U-PDESC-009b: route_modeだけの偽装や通常implではdraft L6親を許可しない","status":"passed","title":"U-PDESC-009b: route_modeだけの偽装や通常implではdraft L6親を許可しない","duration":4.013356000000016,"failureMessages":[],"meta":{},"tags":[]},{"ancestorTitles":["plan-descent gate (U-PDESC-001..010)"],"fullName":"plan-descent gate (U-PDESC-001..010) U-PDESC-010: generates に test_code が無い impl は generates_missing_test_code","status":"passed","title":"U-PDESC-010: generates に test_code が無い impl は generates_missing_test_code","duration":3.749775999999997,"failureMessages":[],"meta":{},"tags":[]},{"ancestorTitles":["plan-descent gate (U-PDESC-001..010)"],"fullName":"plan-descent gate (U-PDESC-001..010) U-PDESC-010a: 既存testの修正はmodifiesのtest_codeでpair義務を満たす","status":"passed","title":"U-PDESC-010a: 既存testの修正はmodifiesのtest_codeでpair義務を満たす","duration":3.7176039999999944,"failureMessages":[],"meta":{},"tags":[]},{"ancestorTitles":["plan-descent gate (U-PDESC-001..010)"],"fullName":"plan-descent gate (U-PDESC-001..010) baseline 機械生成: buildPlanDescentBaseline は違反 plan_id を昇順で固定し、生成後 ok になる","status":"passed","title":"baseline 機械生成: buildPlanDescentBaseline は違反 plan_id を昇順で固定し、生成後 ok になる","duration":4.11401699999999,"failureMessages":[],"meta":{},"tags":[]},{"ancestorTitles":["plan-descent gate (U-PDESC-001..010)"],"fullName":"plan-descent gate (U-PDESC-001..010) baseline loader: 不在時は空 baseline を返す","status":"passed","title":"baseline loader: 不在時は空 baseline を返す","duration":3.515701000000007,"failureMessages":[],"meta":{},"tags":[]}],"startTime":1788905336311,"endTime":1788905336413.5156,"status":"passed","message":"","name":"/home/tenni/.helix-worktrees/recovery-1614-convergence/tests/plan-descent.test.ts"},{"assertionResults":[{"ancestorTitles":["project hook authority transport envelope"],"fullName":"project hook authority transport envelope U-CNWHOOKENV-001: Control Plane expectedとhost observedを別objectで受ける","status":"passed","title":"U-CNWHOOKENV-001: Control Plane expectedとhost observedを別objectで受ける","duration":3.370365000000021,"failureMessages":[],"meta":{},"tags":[]},{"ancestorTitles":["project hook authority transport envelope"],"fullName":"project hook authority transport envelope U-CNWHOOKENV-002: 実execution/current authorityのHEADとsource bytesを独立観測する","status":"passed","title":"U-CNWHOOKENV-002: 実execution/current authorityのHEADとsource bytesを独立観測する","duration":1.9282800000000009,"failureMessages":[],"meta":{},"tags":[]},{"ancestorTitles":["project hook authority transport envelope"],"fullName":"project hook authority transport envelope U-CNWHOOKENV-003: expected current authorityへ実測値をコピーせずHEAD差分を拒否する","status":"passed","title":"U-CNWHOOKENV-003: expected current authorityへ実測値をコピーせずHEAD差分を拒否する","duration":0.5179329999999993,"failureMessages":[],"meta":{},"tags":[]},{"ancestorTitles":["project hook authority transport envelope"],"fullName":"project hook authority transport envelope U-CNWHOOKENV-003b: current authority source bytesの差分を独立に拒否する","status":"passed","title":"U-CNWHOOKENV-003b: current authority source bytesの差分を独立に拒否する","duration":0.5034949999999867,"failureMessages":[],"meta":{},"tags":[]},{"ancestorTitles":["project hook authority transport envelope"],"fullName":"project hook authority transport envelope U-CNWHOOKENV-003c: locatorが別git common dirを指す場合はexpected整合前に拒否する","status":"passed","title":"U-CNWHOOKENV-003c: locatorが別git common dirを指す場合はexpected整合前に拒否する","duration":0.3690909999999974,"failureMessages":[],"meta":{},"tags":[]},{"ancestorTitles":["project hook authority transport envelope"],"fullName":"project hook authority transport envelope U-CNWHOOKENV-003d: requestがcurrent authority HEADへ追随してもhost main anchor差分を拒否する","status":"passed","title":"U-CNWHOOKENV-003d: requestがcurrent authority HEADへ追随してもhost main anchor差分を拒否する","duration":0.48264599999998836,"failureMessages":[],"meta":{},"tags":[]},{"ancestorTitles":["project hook authority transport envelope"],"fullName":"project hook authority transport envelope U-CNWHOOKENV-003e: remote default anchor欠落はinput unavailableへ閉じる","status":"passed","title":"U-CNWHOOKENV-003e: remote default anchor欠落はinput unavailableへ閉じる","duration":0.5438719999999932,"failureMessages":[],"meta":{},"tags":[]},{"ancestorTitles":["project hook authority transport envelope"],"fullName":"project hook authority transport envelope U-CNWHOOKENV-003f: 複数remote default anchorは推測せずinput unavailableへ閉じる","status":"passed","title":"U-CNWHOOKENV-003f: 複数remote default anchorは推測せずinput unavailableへ閉じる","duration":1.0922309999999982,"failureMessages":[],"meta":{},"tags":[]},{"ancestorTitles":["project hook authority transport envelope"],"fullName":"project hook authority transport envelope U-CNWHOOKENV-004: observed root mismatchはcwd/env/default fileへfallbackせず拒否する","status":"passed","title":"U-CNWHOOKENV-004: observed root mismatchはcwd/env/default fileへfallbackせず拒否する","duration":1.2977960000000053,"failureMessages":[],"meta":{},"tags":[]},{"ancestorTitles":["project hook authority transport envelope"],"fullName":"project hook authority transport envelope U-CNWHOOKENV-005: actual cwdは観測値に限定し、他rootを暗黙補完しない","status":"passed","title":"U-CNWHOOKENV-005: actual cwdは観測値に限定し、他rootを暗黙補完しない","duration":0.1978950000000168,"failureMessages":[],"meta":{},"tags":[]},{"ancestorTitles":["project hook authority transport envelope"],"fullName":"project hook authority transport envelope U-CNWHOOKENV-005b: loader/session/current authorityは個別locatorから観測する","status":"passed","title":"U-CNWHOOKENV-005b: loader/session/current authorityは個別locatorから観測する","duration":0.4147269999999992,"failureMessages":[],"meta":{},"tags":[]},{"ancestorTitles":["project hook authority transport envelope"],"fullName":"project hook authority transport envelope U-CNWHOOKENV-006: standalone status/doctorはread-only unavailableでdispatchしない","status":"passed","title":"U-CNWHOOKENV-006: standalone status/doctorはread-only unavailableでdispatchしない","duration":0.20690299999998274,"failureMessages":[],"meta":{},"tags":[]},{"ancestorTitles":["project hook authority transport envelope"],"fullName":"project hook authority transport envelope U-CNWHOOKENV-007: invalid envelopeはschema failureへ閉じ、authority fallbackしない","status":"passed","title":"U-CNWHOOKENV-007: invalid envelopeはschema failureへ閉じ、authority fallbackしない","duration":0.7716839999999934,"failureMessages":[],"meta":{},"tags":[]},{"ancestorTitles":["project hook authority transport envelope"],"fullName":"project hook authority transport envelope U-CNHOOKWIRE-001: resolver/projectorは各1回、4 surfaceは同一bytesを読む","status":"passed","title":"U-CNHOOKWIRE-001: resolver/projectorは各1回、4 surfaceは同一bytesを読む","duration":0.8210080000000062,"failureMessages":[],"meta":{},"tags":[]},{"ancestorTitles":["project hook authority transport envelope"],"fullName":"project hook authority transport envelope U-CNHOOKWIRE-002: admitted receiptなしではdispatchせずfailure bytesだけを共有する","status":"passed","title":"U-CNHOOKWIRE-002: admitted receiptなしではdispatchせずfailure bytesだけを共有する","duration":0.5308469999999943,"failureMessages":[],"meta":{},"tags":[]},{"ancestorTitles":["project hook authority transport envelope"],"fullName":"project hook authority transport envelope U-CNHOOKWIRE-007c: explicit admission helper remains wired to all native dispatch surfaces","status":"passed","title":"U-CNHOOKWIRE-007c: explicit admission helper remains wired to all native dispatch surfaces","duration":2.3377959999999973,"failureMessages":[],"meta":{},"tags":[]},{"ancestorTitles":["project hook authority transport envelope"],"fullName":"project hook authority transport envelope U-CNHOOKWIRE-003: standaloneはread-only unavailableでdispatchを持たない","status":"passed","title":"U-CNHOOKWIRE-003: standaloneはread-only unavailableでdispatchを持たない","duration":0.1279130000000066,"failureMessages":[],"meta":{},"tags":[]},{"ancestorTitles":["project hook authority transport envelope"],"fullName":"project hook authority transport envelope U-CNHOOKWIRE-004: invalid transportはcwd/env/default fallbackを使わずlocatorを生成しない","status":"passed","title":"U-CNHOOKWIRE-004: invalid transportはcwd/env/default fallbackを使わずlocatorを生成しない","duration":0.2716350000000034,"failureMessages":[],"meta":{},"tags":[]},{"ancestorTitles":["project hook authority transport envelope"],"fullName":"project hook authority transport envelope U-CNHOOKWIRE-005: invalid transportは固定schema failureへ閉じる","status":"passed","title":"U-CNHOOKWIRE-005: invalid transportは固定schema failureへ閉じる","duration":0.2865229999999883,"failureMessages":[],"meta":{},"tags":[]},{"ancestorTitles":["project hook authority transport envelope"],"fullName":"project hook authority transport envelope U-CNHOOKWIRE-006: current authorityのHEAD差分はobserved値のコピーで相殺しない","status":"passed","title":"U-CNHOOKWIRE-006: current authorityのHEAD差分はobserved値のコピーで相殺しない","duration":0.5348149999999805,"failureMessages":[],"meta":{},"tags":[]},{"ancestorTitles":["project hook authority transport envelope"],"fullName":"project hook authority transport envelope U-CNHOOKWIRE-007: dispatch admissionはadmitted receiptの存在だけで判定しproviderを推測しない","status":"passed","title":"U-CNHOOKWIRE-007: dispatch admissionはadmitted receiptの存在だけで判定しproviderを推測しない","duration":0.4643820000000005,"failureMessages":[],"meta":{},"tags":[]},{"ancestorTitles":["project hook authority transport envelope"],"fullName":"project hook authority transport envelope U-CNHOOKWIRE-008: CLI hostはcurrent authority locatorだけをtransportから受け、identityは後段で採取する","status":"passed","title":"U-CNHOOKWIRE-008: CLI hostはcurrent authority locatorだけをtransportから受け、identityは後段で採取する","duration":0.24501500000002352,"failureMessages":[],"meta":{},"tags":[]}],"startTime":1788905336557,"endTime":1788905336575.245,"status":"passed","message":"","name":"/home/tenni/.helix-worktrees/recovery-1614-convergence/tests/project-hook-authority-envelope.test.ts"},{"assertionResults":[{"ancestorTitles":["SessionStart hook budget (PLAN-L7-471)"],"fullName":"SessionStart hook budget (PLAN-L7-471) U-SSBUDGET-001: full lifecycle reconcile を回さず、保留を明示する","status":"passed","title":"U-SSBUDGET-001: full lifecycle reconcile を回さず、保留を明示する","duration":2114.1567019999998,"failureMessages":[],"meta":{},"tags":[]},{"ancestorTitles":["SessionStart hook budget (PLAN-L7-471)"],"fullName":"SessionStart hook budget (PLAN-L7-471) U-SSBUDGET-006: 委譲経路は feedback があっても machine-readable JSON を壊さない","status":"passed","title":"U-SSBUDGET-006: 委譲経路は feedback があっても machine-readable JSON を壊さない","duration":946.5197430000003,"failureMessages":[],"meta":{},"tags":[]},{"ancestorTitles":["SessionStart hook budget (PLAN-L7-471)"],"fullName":"SessionStart hook budget (PLAN-L7-471) U-SSBUDGET-007: 委譲経路では attempt escalation も stdout を汚さない","status":"passed","title":"U-SSBUDGET-007: 委譲経路では attempt escalation も stdout を汚さない","duration":894.5019659999998,"failureMessages":[],"meta":{},"tags":[]},{"ancestorTitles":["SessionStart hook budget (PLAN-L7-471)"],"fullName":"SessionStart hook budget (PLAN-L7-471) U-SSBUDGET-008: feedback 経路の完了前に kill されても session_start event は残る","status":"passed","title":"U-SSBUDGET-008: feedback 経路の完了前に kill されても session_start event は残る","duration":1962.3614349999998,"failureMessages":[],"meta":{},"tags":[]},{"ancestorTitles":["SessionStart hook budget (PLAN-L7-471)"],"fullName":"SessionStart hook budget (PLAN-L7-471) U-SSBUDGET-002: session_start event と memory recall が feedback surface より先に出る","status":"passed","title":"U-SSBUDGET-002: session_start event と memory recall が feedback surface より先に出る","duration":1327.7595899999997,"failureMessages":[],"meta":{},"tags":[]},{"ancestorTitles":["SessionStart hook budget (PLAN-L7-471)"],"fullName":"SessionStart hook budget (PLAN-L7-471) U-SSBUDGET-003: 保守本体は予算のない `feedback reconcile` から実行できる","status":"passed","title":"U-SSBUDGET-003: 保守本体は予算のない `feedback reconcile` から実行できる","duration":701.2150110000002,"failureMessages":[],"meta":{},"tags":[]},{"ancestorTitles":["SessionStart hook budget (PLAN-L7-471)"],"fullName":"SessionStart hook budget (PLAN-L7-471) U-SSBUDGET-005: DB 未作成の repo でも SessionStart 後に schema が整い、DB 依存 command が壊れない","status":"passed","title":"U-SSBUDGET-005: DB 未作成の repo でも SessionStart 後に schema が整い、DB 依存 command が壊れない","duration":1260.9957650000006,"failureMessages":[],"meta":{},"tags":[]},{"ancestorTitles":["SessionStart hook budget (PLAN-L7-471)"],"fullName":"SessionStart hook budget (PLAN-L7-471) U-SSBUDGET-004: 同一 SessionStart の全 ref を打ち切らず receipt 化し、再実行は追記ゼロ","status":"passed","title":"U-SSBUDGET-004: 同一 SessionStart の全 ref を打ち切らず receipt 化し、再実行は追記ゼロ","duration":2062.6466390000005,"failureMessages":[],"meta":{},"tags":[]}],"startTime":1788905132586,"endTime":1788905143856.6467,"status":"passed","message":"","name":"/home/tenni/.helix-worktrees/recovery-1614-convergence/tests/session-start-budget.test.ts"}]}