{"numTotalTestSuites":4,"numPassedTestSuites":4,"numFailedTestSuites":0,"numPendingTestSuites":0,"numTotalTests":13,"numPassedTests":13,"numFailedTests":0,"numPendingTests":0,"numTodoTests":0,"snapshot":{"added":0,"failure":false,"filesAdded":0,"filesRemoved":0,"filesRemovedList":[],"filesUnmatched":0,"filesUpdated":0,"matched":0,"total":0,"unchecked":0,"uncheckedKeysByFile":[],"unmatched":0,"updated":0,"didUpdate":false},"startTime":1789083593398,"success":true,"testResults":[{"assertionResults":[{"ancestorTitles":["branch audit"],"fullName":"branch audit U-BRAS-001: marks only main-reachable and unoccupied branches as delete candidates","status":"passed","title":"U-BRAS-001: marks only main-reachable and unoccupied branches as delete candidates","duration":5.951948000000016,"failureMessages":[],"meta":{},"tags":[]},{"ancestorTitles":["branch audit"],"fullName":"branch audit marks old unmerged branches for review instead of delete","status":"passed","title":"marks old unmerged branches for review instead of delete","duration":0.23938400000000115,"failureMessages":[],"meta":{},"tags":[]},{"ancestorTitles":["branch audit"],"fullName":"branch audit U-BRAS-002: never treats a gone upstream as deletable without main reachability proof","status":"passed","title":"U-BRAS-002: never treats a gone upstream as deletable without main reachability proof","duration":0.24930200000000013,"failureMessages":[],"meta":{},"tags":[]},{"ancestorTitles":["branch audit"],"fullName":"branch audit U-BRAS-003: keeps current and protected branches despite merged evidence","status":"passed","title":"U-BRAS-003: keeps current and protected branches despite merged evidence","duration":0.36054699999999684,"failureMessages":[],"meta":{},"tags":[]},{"ancestorTitles":["branch audit"],"fullName":"branch audit U-BRAS-004: keeps branches checked out by any worktree even when merged and gone","status":"passed","title":"U-BRAS-004: keeps branches checked out by any worktree even when merged and gone","duration":0.17055899999999724,"failureMessages":[],"meta":{},"tags":[]},{"ancestorTitles":["branch audit"],"fullName":"branch audit U-BRAS-005: fails closed when the canonical main ref is unresolved","status":"passed","title":"U-BRAS-005: fails closed when the canonical main ref is unresolved","duration":0.13098300000001473,"failureMessages":[],"meta":{},"tags":[]},{"ancestorTitles":["branch audit"],"fullName":"branch audit U-BRAS-006: fails closed when shallow history prevents reachability proof","status":"passed","title":"U-BRAS-006: fails closed when shallow history prevents reachability proof","duration":0.16704300000000671,"failureMessages":[],"meta":{},"tags":[]},{"ancestorTitles":["branch audit"],"fullName":"branch audit parses git for-each-ref rows","status":"passed","title":"parses git for-each-ref rows","duration":0.2223679999999888,"failureMessages":[],"meta":{},"tags":[]},{"ancestorTitles":["branch audit"],"fullName":"branch audit U-BRAS-007: parses only named branches from worktree porcelain output","status":"passed","title":"U-BRAS-007: parses only named branches from worktree porcelain output","duration":0.33388800000000174,"failureMessages":[],"meta":{},"tags":[]}],"startTime":1789083593568,"endTime":1789083593576.334,"status":"passed","message":"","name":"/home/tenni/.helix-worktrees/codex-1110-hygiene/tests/branch-audit.test.ts"},{"assertionResults":[{"ancestorTitles":["repository hygiene inventory"],"fullName":"repository hygiene inventory U-RHYG-001: permits reclamation only for clean main-reachable unowned worktrees","status":"passed","title":"U-RHYG-001: permits reclamation only for clean main-reachable unowned worktrees","duration":1.9357850000000099,"failureMessages":[],"meta":{},"tags":[]},{"ancestorTitles":["repository hygiene inventory"],"fullName":"repository hygiene inventory U-RHYG-002: protects dirty, unmerged, open PR, and active writer worktrees","status":"passed","title":"U-RHYG-002: protects dirty, unmerged, open PR, and active writer worktrees","duration":0.9590359999999976,"failureMessages":[],"meta":{},"tags":[]},{"ancestorTitles":["repository hygiene inventory"],"fullName":"repository hygiene inventory U-RHYG-003: fails closed for detached worktrees and unavailable evidence","status":"passed","title":"U-RHYG-003: fails closed for detached worktrees and unavailable evidence","duration":0.34973600000000715,"failureMessages":[],"meta":{},"tags":[]},{"ancestorTitles":["repository hygiene inventory"],"fullName":"repository hygiene inventory U-RHYG-004: fails closed when history or worktree evidence is unknown","status":"passed","title":"U-RHYG-004: fails closed when history or worktree evidence is unknown","duration":0.20038100000000725,"failureMessages":[],"meta":{},"tags":[]}],"startTime":1789083593671,"endTime":1789083593675.2004,"status":"passed","message":"","name":"/home/tenni/.helix-worktrees/codex-1110-hygiene/tests/repository-hygiene-inventory.test.ts"}]}