{"numTotalTestSuites":4,"numPassedTestSuites":4,"numFailedTestSuites":0,"numPendingTestSuites":0,"numTotalTests":53,"numPassedTests":53,"numFailedTests":0,"numPendingTests":0,"numTodoTests":0,"snapshot":{"added":0,"failure":false,"filesAdded":0,"filesRemoved":0,"filesRemovedList":[],"filesUnmatched":0,"filesUpdated":0,"matched":0,"total":0,"unchecked":0,"uncheckedKeysByFile":[],"unmatched":0,"updated":0,"didUpdate":false},"startTime":1789053269281,"success":true,"testResults":[{"assertionResults":[{"ancestorTitles":["CLI-R00 throughput baseline"],"fullName":"CLI-R00 throughput baseline U-CLIR00-001: Issue #1687の13指標exact setをcatalog順で固定する","status":"passed","title":"U-CLIR00-001: Issue #1687の13指標exact setをcatalog順で固定する","duration":1.4782089999999926,"failureMessages":[],"meta":{},"tags":[]},{"ancestorTitles":["CLI-R00 throughput baseline"],"fullName":"CLI-R00 throughput baseline U-CLIR00-002: measured／proxy／unmeasurableが過不足なく排他である","status":"passed","title":"U-CLIR00-002: measured／proxy／unmeasurableが過不足なく排他である","duration":1.1920060000000205,"failureMessages":[],"meta":{},"tags":[]},{"ancestorTitles":["CLI-R00 throughput baseline"],"fullName":"CLI-R00 throughput baseline U-CLIR00-003: 測定不能指標へ数値を置くと unmeasurable_claimed_measured になる","status":"passed","title":"U-CLIR00-003: 測定不能指標へ数値を置くと unmeasurable_claimed_measured になる","duration":1.6002090000000067,"failureMessages":[],"meta":{},"tags":[]},{"ancestorTitles":["CLI-R00 throughput baseline"],"fullName":"CLI-R00 throughput baseline U-CLIR00-004: proxyをmeasuredへ昇格すると proxy_claimed_as_direct になる","status":"passed","title":"U-CLIR00-004: proxyをmeasuredへ昇格すると proxy_claimed_as_direct になる","duration":0.6038690000000031,"failureMessages":[],"meta":{},"tags":[]},{"ancestorTitles":["CLI-R00 throughput baseline"],"fullName":"CLI-R00 throughput baseline U-CLIR00-005: Node versionまたはenvironmentが違うと比較できない","status":"passed","title":"U-CLIR00-005: Node versionまたはenvironmentが違うと比較できない","duration":0.7608199999999954,"failureMessages":[],"meta":{},"tags":[]},{"ancestorTitles":["CLI-R00 throughput baseline"],"fullName":"CLI-R00 throughput baseline U-CLIR00-006: source_head blobから構造snapshotを決定的に再抽出する","status":"passed","title":"U-CLIR00-006: source_head blobから構造snapshotを決定的に再抽出する","duration":29.899970000000025,"failureMessages":[],"meta":{},"tags":[]},{"ancestorTitles":["CLI-R00 throughput baseline"],"fullName":"CLI-R00 throughput baseline U-CLIR00-007: collision proxyはfamily数であり同時PR数を代入しない","status":"passed","title":"U-CLIR00-007: collision proxyはfamily数であり同時PR数を代入しない","duration":12.22806700000001,"failureMessages":[],"meta":{},"tags":[]},{"ancestorTitles":["CLI-R00 throughput baseline"],"fullName":"CLI-R00 throughput baseline U-CLIR00-008: frozen artifactが検証に通り、構造proxyがsource_head blobと一致する","status":"passed","title":"U-CLIR00-008: frozen artifactが検証に通り、構造proxyがsource_head blobと一致する","duration":51.143707000000006,"failureMessages":[],"meta":{},"tags":[]},{"ancestorTitles":["CLI-R00 throughput baseline"],"fullName":"CLI-R00 throughput baseline U-CLIR00-009: 未知keyと短縮HEADを拒否する","status":"passed","title":"U-CLIR00-009: 未知keyと短縮HEADを拒否する","duration":0.9236209999999971,"failureMessages":[],"meta":{},"tags":[]},{"ancestorTitles":["CLI-R00 throughput baseline"],"fullName":"CLI-R00 throughput baseline U-CLIR00-010: collectorはsrc/cli.tsをimportせずcommand登録しない","status":"passed","title":"U-CLIR00-010: collectorはsrc/cli.tsをimportせずcommand登録しない","duration":0.5898789999999963,"failureMessages":[],"meta":{},"tags":[]},{"ancestorTitles":["CLI-R00 throughput baseline"],"fullName":"CLI-R00 throughput baseline U-CLIR00-011: observationsから1件削除すると metric_set_incomplete で殺す","status":"passed","title":"U-CLIR00-011: observationsから1件削除すると metric_set_incomplete で殺す","duration":0.4090229999999906,"failureMessages":[],"meta":{},"tags":[]},{"ancestorTitles":["CLI-R00 throughput baseline"],"fullName":"CLI-R00 throughput baseline U-CLIR00-012: 測定不能指標の数値delta比較を拒否する","status":"passed","title":"U-CLIR00-012: 測定不能指標の数値delta比較を拒否する","duration":0.28732300000001487,"failureMessages":[],"meta":{},"tags":[]}],"startTime":1789053269444,"endTime":1789053269545.2874,"status":"passed","message":"","name":"/workspace/tests/cli-r00-throughput-baseline.test.ts"},{"assertionResults":[{"ancestorTitles":["L3 G1/G3 freeze packet v2"],"fullName":"L3 G1/G3 freeze packet v2 U-GHEPRE-006: right-arm evidenceのL6/L8 pairをPLANへ束縛する","status":"passed","title":"U-GHEPRE-006: right-arm evidenceのL6/L8 pairをPLANへ束縛する","duration":1.3177550000000338,"failureMessages":[],"meta":{},"tags":[]},{"ancestorTitles":["L3 G1/G3 freeze packet v2"],"fullName":"L3 G1/G3 freeze packet v2 U-GHEP-008: execution episode schemaとL6/L8 pairをPLANへ束縛する","status":"passed","title":"U-GHEP-008: execution episode schemaとL6/L8 pairをPLANへ束縛する","duration":0.5624129999999923,"failureMessages":[],"meta":{},"tags":[]},{"ancestorTitles":["L3 G1/G3 freeze packet v2"],"fullName":"L3 G1/G3 freeze packet v2 U-GHEPL-008: location projectionのL6/L8 pairをPLANへ束縛する","status":"passed","title":"U-GHEPL-008: location projectionのL6/L8 pairをPLANへ束縛する","duration":0.22431000000005952,"failureMessages":[],"meta":{},"tags":[]},{"ancestorTitles":["L3 G1/G3 freeze packet v2"],"fullName":"L3 G1/G3 freeze packet v2 binds the required freeze target PLAN exact set without legacy ranges or duplicates","status":"passed","title":"binds the required freeze target PLAN exact set without legacy ranges or duplicates","duration":3.2903459999999995,"failureMessages":[],"meta":{},"tags":[]},{"ancestorTitles":["L3 G1/G3 freeze packet v2"],"fullName":"L3 G1/G3 freeze packet v2 discloses the ten draft PLANs without conflating requirement freeze and PLAN closure","status":"passed","title":"discloses the ten draft PLANs without conflating requirement freeze and PLAN closure","duration":1.7098770000000059,"failureMessages":[],"meta":{},"tags":[]},{"ancestorTitles":["L3 G1/G3 freeze packet v2"],"fullName":"L3 G1/G3 freeze packet v2 binds the final material snapshot and delegates self-referential receipts externally","status":"passed","title":"binds the final material snapshot and delegates self-referential receipts externally","duration":0.8367620000000215,"failureMessages":[],"meta":{},"tags":[]},{"ancestorTitles":["L3 G1/G3 freeze packet v2"],"fullName":"L3 G1/G3 freeze packet v2 executes the versioned logical DB bootstrap policy instead of checking prose only","status":"passed","title":"executes the versioned logical DB bootstrap policy instead of checking prose only","duration":42160.851199,"failureMessages":[],"meta":{},"tags":[]},{"ancestorTitles":["L3 G1/G3 freeze packet v2"],"fullName":"L3 G1/G3 freeze packet v2 rejects policy sort and canonicalization declarations that the verifier does not implement","status":"passed","title":"rejects policy sort and canonicalization declarations that the verifier does not implement","duration":2.425555000001623,"failureMessages":[],"meta":{},"tags":[]},{"ancestorTitles":["L3 G1/G3 freeze packet v2"],"fullName":"L3 G1/G3 freeze packet v2 rejects stale rows, relational orphans, and empty checkpoint populations","status":"passed","title":"rejects stale rows, relational orphans, and empty checkpoint populations","duration":39650.713435000005,"failureMessages":[],"meta":{},"tags":[]},{"ancestorTitles":["L3 G1/G3 freeze packet v2"],"fullName":"L3 G1/G3 freeze packet v2 keeps projected rows free of the checkout absolute path","status":"passed","title":"keeps projected rows free of the checkout absolute path","duration":40237.244597,"failureMessages":[],"meta":{},"tags":[]},{"ancestorTitles":["L3 G1/G3 freeze packet v2"],"fullName":"L3 G1/G3 freeze packet v2 U-DESIGNCOV-016: binds every listed L3/L10 artifact candidate to its current digest","status":"passed","title":"U-DESIGNCOV-016: binds every listed L3/L10 artifact candidate to its current digest","duration":3.966633999996702,"failureMessages":[],"meta":{},"tags":[]},{"ancestorTitles":["L3 G1/G3 freeze packet v2"],"fullName":"L3 G1/G3 freeze packet v2 U-DISTLITE-004: Lite manifest設計登録をG3 freeze digestへ伝播する","status":"passed","title":"U-DISTLITE-004: Lite manifest設計登録をG3 freeze digestへ伝播する","duration":0.4962939999968512,"failureMessages":[],"meta":{},"tags":[]},{"ancestorTitles":["L3 G1/G3 freeze packet v2"],"fullName":"L3 G1/G3 freeze packet v2 U-BRAS-010: branch audit安全設計登録をG3 freeze digestへ伝播する","status":"passed","title":"U-BRAS-010: branch audit安全設計登録をG3 freeze digestへ伝播する","duration":0.37921699999424163,"failureMessages":[],"meta":{},"tags":[]},{"ancestorTitles":["L3 G1/G3 freeze packet v2"],"fullName":"L3 G1/G3 freeze packet v2 U-CLIR00-013: CLI-R00 baseline設計登録をG3 freeze digestへ伝播する","status":"passed","title":"U-CLIR00-013: CLI-R00 baseline設計登録をG3 freeze digestへ伝播する","duration":0.442005999997491,"failureMessages":[],"meta":{},"tags":[]},{"ancestorTitles":["L3 G1/G3 freeze packet v2"],"fullName":"L3 G1/G3 freeze packet v2 U-DISTCAN-008b: Lite consumer canary設計登録をG3 freeze digestへ伝播する","status":"passed","title":"U-DISTCAN-008b: Lite consumer canary設計登録をG3 freeze digestへ伝播する","duration":0.4412609999999404,"failureMessages":[],"meta":{},"tags":[]},{"ancestorTitles":["L3 G1/G3 freeze packet v2"],"fullName":"L3 G1/G3 freeze packet v2 U-DISTART-005: Lite artifact projection設計登録をG3 freeze digestへ伝播する","status":"passed","title":"U-DISTART-005: Lite artifact projection設計登録をG3 freeze digestへ伝播する","duration":0.39807999999902677,"failureMessages":[],"meta":{},"tags":[]},{"ancestorTitles":["L3 G1/G3 freeze packet v2"],"fullName":"L3 G1/G3 freeze packet v2 U-CNWHOOKSCHEMA-013: project hook resolver設計登録をG3 freeze digestへ伝播する","status":"passed","title":"U-CNWHOOKSCHEMA-013: project hook resolver設計登録をG3 freeze digestへ伝播する","duration":0.40205499999865424,"failureMessages":[],"meta":{},"tags":[]},{"ancestorTitles":["L3 G1/G3 freeze packet v2"],"fullName":"L3 G1/G3 freeze packet v2 U-LUNASPAWN-009: Luna native spawn設計登録をG3 freeze digestへ伝播する","status":"passed","title":"U-LUNASPAWN-009: Luna native spawn設計登録をG3 freeze digestへ伝播する","duration":0.41877399999066256,"failureMessages":[],"meta":{},"tags":[]},{"ancestorTitles":["L3 G1/G3 freeze packet v2"],"fullName":"L3 G1/G3 freeze packet v2 U-LANEEFF-005: proposal lane effort binding設計登録をG3 freeze digestへ伝播する","status":"passed","title":"U-LANEEFF-005: proposal lane effort binding設計登録をG3 freeze digestへ伝播する","duration":0.4019750000006752,"failureMessages":[],"meta":{},"tags":[]},{"ancestorTitles":["L3 G1/G3 freeze packet v2"],"fullName":"L3 G1/G3 freeze packet v2 U-RVIDENT-011: reviewer identity設計登録をG3 freeze digestへ伝播する","status":"passed","title":"U-RVIDENT-011: reviewer identity設計登録をG3 freeze digestへ伝播する","duration":0.375028000009479,"failureMessages":[],"meta":{},"tags":[]},{"ancestorTitles":["L3 G1/G3 freeze packet v2"],"fullName":"L3 G1/G3 freeze packet v2 U-WFCAT-005: propagates the workflow catalog design registration into the G3 freeze digest","status":"passed","title":"U-WFCAT-005: propagates the workflow catalog design registration into the G3 freeze digest","duration":0.35554199999023695,"failureMessages":[],"meta":{},"tags":[]},{"ancestorTitles":["L3 G1/G3 freeze packet v2"],"fullName":"L3 G1/G3 freeze packet v2 U-WFROUTE-005: propagates the typed routing design registration into the G3 freeze digest","status":"passed","title":"U-WFROUTE-005: propagates the typed routing design registration into the G3 freeze digest","duration":0.3537800000049174,"failureMessages":[],"meta":{},"tags":[]},{"ancestorTitles":["L3 G1/G3 freeze packet v2"],"fullName":"L3 G1/G3 freeze packet v2 U-SDDA-007: state DB authority registrationをL3 freeze digestへ同期する","status":"passed","title":"U-SDDA-007: state DB authority registrationをL3 freeze digestへ同期する","duration":0.11972200000309385,"failureMessages":[],"meta":{},"tags":[]},{"ancestorTitles":["L3 G1/G3 freeze packet v2"],"fullName":"L3 G1/G3 freeze packet v2 U-WFEPROJ-005: propagates policy projection design registration into the G3 freeze digest","status":"passed","title":"U-WFEPROJ-005: propagates policy projection design registration into the G3 freeze digest","duration":0.2727610000001732,"failureMessages":[],"meta":{},"tags":[]},{"ancestorTitles":["L3 G1/G3 freeze packet v2"],"fullName":"L3 G1/G3 freeze packet v2 U-WFEPOLRES-005: propagates policy resolution design registration into the G3 freeze digest","status":"passed","title":"U-WFEPOLRES-005: propagates policy resolution design registration into the G3 freeze digest","duration":0.36926900000253227,"failureMessages":[],"meta":{},"tags":[]},{"ancestorTitles":["L3 G1/G3 freeze packet v2"],"fullName":"L3 G1/G3 freeze packet v2 U-WFEXROUTE-005: propagates routing consumer registration into the G3 freeze digest","status":"passed","title":"U-WFEXROUTE-005: propagates routing consumer registration into the G3 freeze digest","duration":0.4281430000119144,"failureMessages":[],"meta":{},"tags":[]},{"ancestorTitles":["L3 G1/G3 freeze packet v2"],"fullName":"L3 G1/G3 freeze packet v2 U-WFEXCLI-005: propagates routing CLI registration into the G3 freeze digest","status":"passed","title":"U-WFEXCLI-005: propagates routing CLI registration into the G3 freeze digest","duration":0.3363260000041919,"failureMessages":[],"meta":{},"tags":[]},{"ancestorTitles":["L3 G1/G3 freeze packet v2"],"fullName":"L3 G1/G3 freeze packet v2 U-TPWID-005: propagates typed PLAN identity pair into the G3 freeze digest","status":"passed","title":"U-TPWID-005: propagates typed PLAN identity pair into the G3 freeze digest","duration":0.34734799999569077,"failureMessages":[],"meta":{},"tags":[]},{"ancestorTitles":["L3 G1/G3 freeze packet v2"],"fullName":"L3 G1/G3 freeze packet v2 U-GWID-006: propagates GitHub workflow identity contract pair into the G3 freeze digest","status":"passed","title":"U-GWID-006: propagates GitHub workflow identity contract pair into the G3 freeze digest","duration":0.36530400000629015,"failureMessages":[],"meta":{},"tags":[]},{"ancestorTitles":["L3 G1/G3 freeze packet v2"],"fullName":"L3 G1/G3 freeze packet v2 U-GWIDADM-008: GitHub workflow identity admission pairをG3 freeze digestへ伝播する","status":"passed","title":"U-GWIDADM-008: GitHub workflow identity admission pairをG3 freeze digestへ伝播する","duration":0.3643749999901047,"failureMessages":[],"meta":{},"tags":[]},{"ancestorTitles":["L3 G1/G3 freeze packet v2"],"fullName":"L3 G1/G3 freeze packet v2 U-DBWID-006: PLAN registry typed identity pairをG3 freeze digestへ伝播する","status":"passed","title":"U-DBWID-006: PLAN registry typed identity pairをG3 freeze digestへ伝播する","duration":0.3417080000072019,"failureMessages":[],"meta":{},"tags":[]},{"ancestorTitles":["L3 G1/G3 freeze packet v2"],"fullName":"L3 G1/G3 freeze packet v2 U-WFLEG-007: legacy adapter設計登録をG3 freeze digestへ伝播する","status":"passed","title":"U-WFLEG-007: legacy adapter設計登録をG3 freeze digestへ伝播する","duration":0.34384899999713525,"failureMessages":[],"meta":{},"tags":[]},{"ancestorTitles":["L3 G1/G3 freeze packet v2"],"fullName":"L3 G1/G3 freeze packet v2 U-DESIGNELIC-004: design elicitation typed分類登録をG3 freeze digestへ伝播する","status":"passed","title":"U-DESIGNELIC-004: design elicitation typed分類登録をG3 freeze digestへ伝播する","duration":0.348160999987158,"failureMessages":[],"meta":{},"tags":[]},{"ancestorTitles":["L3 G1/G3 freeze packet v2"],"fullName":"L3 G1/G3 freeze packet v2 keeps every new L3 owner visible as an unresolved post-freeze downstream obligation","status":"passed","title":"keeps every new L3 owner visible as an unresolved post-freeze downstream obligation","duration":0.4188549999962561,"failureMessages":[],"meta":{},"tags":[]},{"ancestorTitles":["L3 G1/G3 freeze packet v2"],"fullName":"L3 G1/G3 freeze packet v2 freezes development style, case-driven model, and specialist process as separate axes","status":"passed","title":"freezes development style, case-driven model, and specialist process as separate axes","duration":0.12205199999152683,"failureMessages":[],"meta":{},"tags":[]},{"ancestorTitles":["L3 G1/G3 freeze packet v2"],"fullName":"L3 G1/G3 freeze packet v2 contains the five-question batch and unresolved issue dispositions","status":"passed","title":"contains the five-question batch and unresolved issue dispositions","duration":1.7967100000096252,"failureMessages":[],"meta":{},"tags":[]},{"ancestorTitles":["L3 G1/G3 freeze packet v2"],"fullName":"L3 G1/G3 freeze packet v2 binds the five PO decisions and the snapshot-bound G1/G3 freeze without downstream claims","status":"passed","title":"binds the five PO decisions and the snapshot-bound G1/G3 freeze without downstream claims","duration":1.0661079999990761,"failureMessages":[],"meta":{},"tags":[]},{"ancestorTitles":["L3 G1/G3 freeze packet v2"],"fullName":"L3 G1/G3 freeze packet v2 U-UIL-AUTH-001: keeps the Universal Improvement Loop L3/L10 identity sets exact","status":"passed","title":"U-UIL-AUTH-001: keeps the Universal Improvement Loop L3/L10 identity sets exact","duration":0.5005489999894053,"failureMessages":[],"meta":{},"tags":[]},{"ancestorTitles":["L3 G1/G3 freeze packet v2"],"fullName":"L3 G1/G3 freeze packet v2 U-UIL-AUTH-002: maps every Universal Improvement Loop acceptance row to the exact requirement set","status":"passed","title":"U-UIL-AUTH-002: maps every Universal Improvement Loop acceptance row to the exact requirement set","duration":0.3363780000072438,"failureMessages":[],"meta":{},"tags":[]},{"ancestorTitles":["L3 G1/G3 freeze packet v2"],"fullName":"L3 G1/G3 freeze packet v2 U-UIL-AUTH-003: binds confirmed L3/L10 status and reciprocal PLAN identity","status":"passed","title":"U-UIL-AUTH-003: binds confirmed L3/L10 status and reciprocal PLAN identity","duration":0.2016310000035446,"failureMessages":[],"meta":{},"tags":[]},{"ancestorTitles":["L3 G1/G3 freeze packet v2"],"fullName":"L3 G1/G3 freeze packet v2 U-UIL-AUTH-004: keeps the eight implementation slices explicit and unique","status":"passed","title":"U-UIL-AUTH-004: keeps the eight implementation slices explicit and unique","duration":0.14823900000192225,"failureMessages":[],"meta":{},"tags":[]}],"startTime":1789053270466,"endTime":1789053392543.3364,"status":"passed","message":"","name":"/workspace/tests/l3-g3-freeze-packet-v2.test.ts"}]}