{"numTotalTestSuites":2,"numPassedTestSuites":2,"numFailedTestSuites":0,"numPendingTestSuites":0,"numTotalTests":3,"numPassedTests":3,"numFailedTests":0,"numPendingTests":0,"numTodoTests":0,"snapshot":{"added":0,"failure":false,"filesAdded":0,"filesRemoved":0,"filesRemovedList":[],"filesUnmatched":0,"filesUpdated":0,"matched":0,"total":0,"unchecked":0,"uncheckedKeysByFile":[],"unmatched":0,"updated":0,"didUpdate":false},"startTime":1789076642466,"success":true,"testResults":[{"assertionResults":[{"ancestorTitles":["インフラ・運用品質要求候補"],"fullName":"インフラ・運用品質要求候補 U-NIO-001: 9要求群と既存owner接続を欠落なく保持する","status":"passed","title":"U-NIO-001: 9要求群と既存owner接続を欠落なく保持する","duration":2.124965000000003,"failureMessages":[],"meta":{},"tags":[]},{"ancestorTitles":["インフラ・運用品質要求候補"],"fullName":"インフラ・運用品質要求候補 U-NIO-002: L1/L3/L10を別候補としてexact setで保持する","status":"passed","title":"U-NIO-002: L1/L3/L10を別候補としてexact setで保持する","duration":0.42120599999999797,"failureMessages":[],"meta":{},"tags":[]},{"ancestorTitles":["インフラ・運用品質要求候補"],"fullName":"インフラ・運用品質要求候補 U-NIO-003: 自動権限化と運用完了の誤昇格を禁止する","status":"passed","title":"U-NIO-003: 自動権限化と運用完了の誤昇格を禁止する","duration":0.15856800000000248,"failureMessages":[],"meta":{},"tags":[]}],"startTime":1789076642605,"endTime":1789076642608.1584,"status":"passed","message":"","name":"/home/tenni/.helix-worktrees/codex-1728-infra-ops/tests/infrastructure-operations-quality-intake.test.ts"}]}
