{"numTotalTestSuites":9,"numPassedTestSuites":9,"numFailedTestSuites":0,"numPendingTestSuites":0,"numTotalTests":73,"numPassedTests":73,"numFailedTests":0,"numPendingTests":0,"numTodoTests":0,"snapshot":{"added":0,"failure":false,"filesAdded":0,"filesRemoved":0,"filesRemovedList":[],"filesUnmatched":0,"filesUpdated":0,"matched":0,"total":0,"unchecked":0,"uncheckedKeysByFile":[],"unmatched":0,"updated":0,"didUpdate":false},"startTime":1788993654315,"success":true,"testResults":[{"assertionResults":[{"ancestorTitles":["design-coverage lint (PLAN-L7-421)"],"fullName":"design-coverage lint (PLAN-L7-421) U-DESIGNCOV-001: passes a well-formed catalog and computes ZIP-style coverage","status":"passed","title":"U-DESIGNCOV-001: passes a well-formed catalog and computes ZIP-style coverage","duration":1.7392210000000148,"failureMessages":[],"meta":{},"tags":[]},{"ancestorTitles":["design-coverage lint (PLAN-L7-421)"],"fullName":"design-coverage lint (PLAN-L7-421) U-DESIGNCOV-002: reports per-category coverage and remaining todo in result and messages (round 3-①)","status":"passed","title":"U-DESIGNCOV-002: reports per-category coverage and remaining todo in result and messages (round 3-①)","duration":1.1901069999999834,"failureMessages":[],"meta":{},"tags":[]},{"ancestorTitles":["design-coverage lint (PLAN-L7-421)"],"fullName":"design-coverage lint (PLAN-L7-421) U-DESIGNCOV-003: rejects na without a reason (silent tailoring ban)","status":"passed","title":"U-DESIGNCOV-003: rejects na without a reason (silent tailoring ban)","duration":0.241802999999976,"failureMessages":[],"meta":{},"tags":[]},{"ancestorTitles":["design-coverage lint (PLAN-L7-421)"],"fullName":"design-coverage lint (PLAN-L7-421) U-DESIGNCOV-004: rejects done without an existing artifact (declaration vs reality drift)","status":"passed","title":"U-DESIGNCOV-004: rejects done without an existing artifact (declaration vs reality drift)","duration":0.2688540000000046,"failureMessages":[],"meta":{},"tags":[]},{"ancestorTitles":["design-coverage lint (PLAN-L7-421)"],"fullName":"design-coverage lint (PLAN-L7-421) U-DESIGNCOV-005: rejects broken traces: missing/duplicate zip source, duplicate id, unknown enum","status":"passed","title":"U-DESIGNCOV-005: rejects broken traces: missing/duplicate zip source, duplicate id, unknown enum","duration":0.5549000000000035,"failureMessages":[],"meta":{},"tags":[]},{"ancestorTitles":["design-coverage lint (PLAN-L7-421)"],"fullName":"design-coverage lint (PLAN-L7-421) U-DESIGNCOV-006: fails closed when the catalog is missing or malformed","status":"passed","title":"U-DESIGNCOV-006: fails closed when the catalog is missing or malformed","duration":0.2681630000000155,"failureMessages":[],"meta":{},"tags":[]},{"ancestorTitles":["design-coverage lint (PLAN-L7-421)"],"fullName":"design-coverage lint (PLAN-L7-421) U-DESIGNCOV-007: rejects design docs outside the catalog and stale baseline entries (unauthorized-doc ban)","status":"passed","title":"U-DESIGNCOV-007: rejects design docs outside the catalog and stale baseline entries (unauthorized-doc ban)","duration":0.3169599999999946,"failureMessages":[],"meta":{},"tags":[]},{"ancestorTitles":["design-coverage lint (PLAN-L7-421)"],"fullName":"design-coverage lint (PLAN-L7-421) U-DESIGNCOV-008: rejects baseline growth without updating the src-side fingerprint pin (round 1-①)","status":"passed","title":"U-DESIGNCOV-008: rejects baseline growth without updating the src-side fingerprint pin (round 1-①)","duration":0.4868380000000059,"failureMessages":[],"meta":{},"tags":[]},{"ancestorTitles":["design-coverage lint (PLAN-L7-421)"],"fullName":"design-coverage lint (PLAN-L7-421) U-DESIGNCOV-009: rejects done artifacts pointing at unrelated repo files (round 1-②)","status":"passed","title":"U-DESIGNCOV-009: rejects done artifacts pointing at unrelated repo files (round 1-②)","duration":0.2742269999999962,"failureMessages":[],"meta":{},"tags":[]},{"ancestorTitles":["design-coverage lint (PLAN-L7-421)"],"fullName":"design-coverage lint (PLAN-L7-421) U-DESIGNCOV-010: rejects path traversal that escapes the allowed roots (round 2-①)","status":"passed","title":"U-DESIGNCOV-010: rejects path traversal that escapes the allowed roots (round 2-①)","duration":0.35820300000000316,"failureMessages":[],"meta":{},"tags":[]},{"ancestorTitles":["design-coverage lint (PLAN-L7-421)"],"fullName":"design-coverage lint (PLAN-L7-421) U-DESIGNCOV-011: rejects out-of-range and missing zip sources against the expected full set (round 1-③)","status":"passed","title":"U-DESIGNCOV-011: rejects out-of-range and missing zip sources against the expected full set (round 1-③)","duration":0.5443050000000085,"failureMessages":[],"meta":{},"tags":[]},{"ancestorTitles":["design-coverage lint (PLAN-L7-421)"],"fullName":"design-coverage lint (PLAN-L7-421) U-DESIGNCOV-012: rejects trivial na reasons and all-na hollowed catalogs (round 1-④)","status":"passed","title":"U-DESIGNCOV-012: rejects trivial na reasons and all-na hollowed catalogs (round 1-④)","duration":0.18763400000000274,"failureMessages":[],"meta":{},"tags":[]},{"ancestorTitles":["design-coverage lint (PLAN-L7-421)"],"fullName":"design-coverage lint (PLAN-L7-421) U-DESIGNCOV-013: keeps the real repository catalog green with full zip trace (regression fence)","status":"passed","title":"U-DESIGNCOV-013: keeps the real repository catalog green with full zip trace (regression fence)","duration":35.077392,"failureMessages":[],"meta":{},"tags":[]},{"ancestorTitles":["design-coverage lint (PLAN-L7-421)"],"fullName":"design-coverage lint (PLAN-L7-421) U-DESIGNCOV-017: pins the L3 requirement-family design doc to the catalog and its reviewed digest (PLAN-L3-30)","status":"passed","title":"U-DESIGNCOV-017: pins the L3 requirement-family design doc to the catalog and its reviewed digest (PLAN-L3-30)","duration":17.755908000000005,"failureMessages":[],"meta":{},"tags":[]},{"ancestorTitles":["design-coverage lint (PLAN-L7-421)"],"fullName":"design-coverage lint (PLAN-L7-421) U-DESIGNCOV-015: admits the runtime-routing design through an item without mutating baseline","status":"passed","title":"U-DESIGNCOV-015: admits the runtime-routing design through an item without mutating baseline","duration":20.21592800000002,"failureMessages":[],"meta":{},"tags":[]},{"ancestorTitles":["design-coverage lint (PLAN-L7-421)"],"fullName":"design-coverage lint (PLAN-L7-421) U-DESIGNCOV-018: binds projection observability design artifacts to catalog items","status":"passed","title":"U-DESIGNCOV-018: binds projection observability design artifacts to catalog items","duration":17.108181000000002,"failureMessages":[],"meta":{},"tags":[]},{"ancestorTitles":["design-coverage lint (PLAN-L7-421)"],"fullName":"design-coverage lint (PLAN-L7-421) U-REVERSE-492-001: binds the Issue #248 Reverse design backfill to this executable oracle","status":"passed","title":"U-REVERSE-492-001: binds the Issue #248 Reverse design backfill to this executable oracle","duration":3.8162299999999902,"failureMessages":[],"meta":{},"tags":[]}],"startTime":1788993764630,"endTime":1788993764730.8162,"status":"passed","message":"","name":"/home/tenni/.helix-worktrees/claude-i1709/tests/design-coverage.test.ts"},{"assertionResults":[{"ancestorTitles":["digest canonicalization authority"],"fullName":"digest canonicalization authority [PLAN-L7-438-digest-canonicalization-authority/U-DIGEST-001] preserves SHA-256 bytes","status":"passed","title":"[PLAN-L7-438-digest-canonicalization-authority/U-DIGEST-001] preserves SHA-256 bytes","duration":1.4220479999999895,"failureMessages":[],"meta":{},"tags":[]},{"ancestorTitles":["digest canonicalization authority"],"fullName":"digest canonicalization authority [PLAN-L7-438-digest-canonicalization-authority/U-DIGEST-002] sorts object keys and preserves arrays","status":"passed","title":"[PLAN-L7-438-digest-canonicalization-authority/U-DIGEST-002] sorts object keys and preserves arrays","duration":0.20819599999998673,"failureMessages":[],"meta":{},"tags":[]},{"ancestorTitles":["digest canonicalization authority"],"fullName":"digest canonicalization authority [PLAN-L7-438-digest-canonicalization-authority/U-DIGEST-003] rejects non-JSON values","status":"passed","title":"[PLAN-L7-438-digest-canonicalization-authority/U-DIGEST-003] rejects non-JSON values","duration":0.7999369999999999,"failureMessages":[],"meta":{},"tags":[]},{"ancestorTitles":["digest canonicalization authority"],"fullName":"digest canonicalization authority [PLAN-L7-438-digest-canonicalization-authority/U-DIGEST-005] inventory is an exact production hit set","status":"passed","title":"[PLAN-L7-438-digest-canonicalization-authority/U-DIGEST-005] inventory is an exact production hit set","duration":973.9667769999999,"failureMessages":[],"meta":{},"tags":[]},{"ancestorTitles":["digest canonicalization authority"],"fullName":"digest canonicalization authority [PLAN-L7-438-digest-canonicalization-authority/IT-DIGEST-001] binds migrated consumers to exact citations and bytes","status":"passed","title":"[PLAN-L7-438-digest-canonicalization-authority/IT-DIGEST-001] binds migrated consumers to exact citations and bytes","duration":0.9906550000000607,"failureMessages":[],"meta":{},"tags":[]},{"ancestorTitles":["digest canonicalization authority"],"fullName":"digest canonicalization authority [PLAN-L7-438-digest-canonicalization-authority/U-DIGEST-006] handover lint boundary has no runtime digest dependency","status":"passed","title":"[PLAN-L7-438-digest-canonicalization-authority/U-DIGEST-006] handover lint boundary has no runtime digest dependency","duration":0.32602399999996123,"failureMessages":[],"meta":{},"tags":[]},{"ancestorTitles":["digest canonicalization authority"],"fullName":"digest canonicalization authority AST scanner ignores comments/strings, admits literal SHA-256, and rejects dynamic algorithms","status":"passed","title":"AST scanner ignores comments/strings, admits literal SHA-256, and rejects dynamic algorithms","duration":4.122104000000036,"failureMessages":[],"meta":{},"tags":[]},{"ancestorTitles":["digest canonicalization authority"],"fullName":"digest canonicalization authority U-DIGEST-010: compareBytewiseはlocaleCompareが誤る2条件をcode-point順で解決する","status":"passed","title":"U-DIGEST-010: compareBytewiseはlocaleCompareが誤る2条件をcode-point順で解決する","duration":4.188689000000068,"failureMessages":[],"meta":{},"tags":[]},{"ancestorTitles":["digest canonicalization authority"],"fullName":"digest canonicalization authority U-DIGEST-011: compareBytewiseは全順序として整合する","status":"passed","title":"U-DIGEST-011: compareBytewiseは全順序として整合する","duration":1.8559410000000298,"failureMessages":[],"meta":{},"tags":[]}],"startTime":1788993763506,"endTime":1788993764493.856,"status":"passed","message":"","name":"/home/tenni/.helix-worktrees/claude-i1709/tests/digest.test.ts"},{"assertionResults":[{"ancestorTitles":["L3 G1/G3 freeze packet v2"],"fullName":"L3 G1/G3 freeze packet v2 U-GHEPRE-006: right-arm evidenceのL6/L8 pairをPLANへ束縛する","status":"passed","title":"U-GHEPRE-006: right-arm evidenceのL6/L8 pairをPLANへ束縛する","duration":1.2439459999998235,"failureMessages":[],"meta":{},"tags":[]},{"ancestorTitles":["L3 G1/G3 freeze packet v2"],"fullName":"L3 G1/G3 freeze packet v2 U-GHEP-008: execution episode schemaとL6/L8 pairをPLANへ束縛する","status":"passed","title":"U-GHEP-008: execution episode schemaとL6/L8 pairをPLANへ束縛する","duration":0.48892700000010336,"failureMessages":[],"meta":{},"tags":[]},{"ancestorTitles":["L3 G1/G3 freeze packet v2"],"fullName":"L3 G1/G3 freeze packet v2 U-GHEPL-008: location projectionのL6/L8 pairをPLANへ束縛する","status":"passed","title":"U-GHEPL-008: location projectionのL6/L8 pairをPLANへ束縛する","duration":0.27749199999993834,"failureMessages":[],"meta":{},"tags":[]},{"ancestorTitles":["L3 G1/G3 freeze packet v2"],"fullName":"L3 G1/G3 freeze packet v2 binds the required freeze target PLAN exact set without legacy ranges or duplicates","status":"passed","title":"binds the required freeze target PLAN exact set without legacy ranges or duplicates","duration":3.1764509999998154,"failureMessages":[],"meta":{},"tags":[]},{"ancestorTitles":["L3 G1/G3 freeze packet v2"],"fullName":"L3 G1/G3 freeze packet v2 discloses the ten draft PLANs without conflating requirement freeze and PLAN closure","status":"passed","title":"discloses the ten draft PLANs without conflating requirement freeze and PLAN closure","duration":1.3015550000000076,"failureMessages":[],"meta":{},"tags":[]},{"ancestorTitles":["L3 G1/G3 freeze packet v2"],"fullName":"L3 G1/G3 freeze packet v2 binds the final material snapshot and delegates self-referential receipts externally","status":"passed","title":"binds the final material snapshot and delegates self-referential receipts externally","duration":0.6815300000000661,"failureMessages":[],"meta":{},"tags":[]},{"ancestorTitles":["L3 G1/G3 freeze packet v2"],"fullName":"L3 G1/G3 freeze packet v2 executes the versioned logical DB bootstrap policy instead of checking prose only","status":"passed","title":"executes the versioned logical DB bootstrap policy instead of checking prose only","duration":37237.181281000005,"failureMessages":[],"meta":{},"tags":[]},{"ancestorTitles":["L3 G1/G3 freeze packet v2"],"fullName":"L3 G1/G3 freeze packet v2 rejects policy sort and canonicalization declarations that the verifier does not implement","status":"passed","title":"rejects policy sort and canonicalization declarations that the verifier does not implement","duration":2.6159289999995963,"failureMessages":[],"meta":{},"tags":[]},{"ancestorTitles":["L3 G1/G3 freeze packet v2"],"fullName":"L3 G1/G3 freeze packet v2 rejects stale rows, relational orphans, and empty checkpoint populations","status":"passed","title":"rejects stale rows, relational orphans, and empty checkpoint populations","duration":34953.654305,"failureMessages":[],"meta":{},"tags":[]},{"ancestorTitles":["L3 G1/G3 freeze packet v2"],"fullName":"L3 G1/G3 freeze packet v2 keeps projected rows free of the checkout absolute path","status":"passed","title":"keeps projected rows free of the checkout absolute path","duration":35258.508864999996,"failureMessages":[],"meta":{},"tags":[]},{"ancestorTitles":["L3 G1/G3 freeze packet v2"],"fullName":"L3 G1/G3 freeze packet v2 U-DESIGNCOV-016: binds every listed L3/L10 artifact candidate to its current digest","status":"passed","title":"U-DESIGNCOV-016: binds every listed L3/L10 artifact candidate to its current digest","duration":3.8444909999961965,"failureMessages":[],"meta":{},"tags":[]},{"ancestorTitles":["L3 G1/G3 freeze packet v2"],"fullName":"L3 G1/G3 freeze packet v2 U-DISTLITE-004: Lite manifest設計登録をG3 freeze digestへ伝播する","status":"passed","title":"U-DISTLITE-004: Lite manifest設計登録をG3 freeze digestへ伝播する","duration":0.31409899999562185,"failureMessages":[],"meta":{},"tags":[]},{"ancestorTitles":["L3 G1/G3 freeze packet v2"],"fullName":"L3 G1/G3 freeze packet v2 U-BRAS-010: branch audit安全設計登録をG3 freeze digestへ伝播する","status":"passed","title":"U-BRAS-010: branch audit安全設計登録をG3 freeze digestへ伝播する","duration":0.3150219999952242,"failureMessages":[],"meta":{},"tags":[]},{"ancestorTitles":["L3 G1/G3 freeze packet v2"],"fullName":"L3 G1/G3 freeze packet v2 U-DISTCAN-008b: Lite consumer canary設計登録をG3 freeze digestへ伝播する","status":"passed","title":"U-DISTCAN-008b: Lite consumer canary設計登録をG3 freeze digestへ伝播する","duration":0.3282809999946039,"failureMessages":[],"meta":{},"tags":[]},{"ancestorTitles":["L3 G1/G3 freeze packet v2"],"fullName":"L3 G1/G3 freeze packet v2 U-DISTART-005: Lite artifact projection設計登録をG3 freeze digestへ伝播する","status":"passed","title":"U-DISTART-005: Lite artifact projection設計登録をG3 freeze digestへ伝播する","duration":0.26201899998704903,"failureMessages":[],"meta":{},"tags":[]},{"ancestorTitles":["L3 G1/G3 freeze packet v2"],"fullName":"L3 G1/G3 freeze packet v2 U-CNWHOOKSCHEMA-013: project hook resolver設計登録をG3 freeze digestへ伝播する","status":"passed","title":"U-CNWHOOKSCHEMA-013: project hook resolver設計登録をG3 freeze digestへ伝播する","duration":0.3645959999994375,"failureMessages":[],"meta":{},"tags":[]},{"ancestorTitles":["L3 G1/G3 freeze packet v2"],"fullName":"L3 G1/G3 freeze packet v2 U-LUNASPAWN-009: Luna native spawn設計登録をG3 freeze digestへ伝播する","status":"passed","title":"U-LUNASPAWN-009: Luna native spawn設計登録をG3 freeze digestへ伝播する","duration":0.2616580000030808,"failureMessages":[],"meta":{},"tags":[]},{"ancestorTitles":["L3 G1/G3 freeze packet v2"],"fullName":"L3 G1/G3 freeze packet v2 U-LANEEFF-005: proposal lane effort binding設計登録をG3 freeze digestへ伝播する","status":"passed","title":"U-LANEEFF-005: proposal lane effort binding設計登録をG3 freeze digestへ伝播する","duration":0.2993010000063805,"failureMessages":[],"meta":{},"tags":[]},{"ancestorTitles":["L3 G1/G3 freeze packet v2"],"fullName":"L3 G1/G3 freeze packet v2 U-RVIDENT-011: reviewer identity設計登録をG3 freeze digestへ伝播する","status":"passed","title":"U-RVIDENT-011: reviewer identity設計登録をG3 freeze digestへ伝播する","duration":0.23777399999380577,"failureMessages":[],"meta":{},"tags":[]},{"ancestorTitles":["L3 G1/G3 freeze packet v2"],"fullName":"L3 G1/G3 freeze packet v2 U-WFCAT-005: propagates the workflow catalog design registration into the G3 freeze digest","status":"passed","title":"U-WFCAT-005: propagates the workflow catalog design registration into the G3 freeze digest","duration":0.2550559999945108,"failureMessages":[],"meta":{},"tags":[]},{"ancestorTitles":["L3 G1/G3 freeze packet v2"],"fullName":"L3 G1/G3 freeze packet v2 U-WFROUTE-005: propagates the typed routing design registration into the G3 freeze digest","status":"passed","title":"U-WFROUTE-005: propagates the typed routing design registration into the G3 freeze digest","duration":0.2737070000002859,"failureMessages":[],"meta":{},"tags":[]},{"ancestorTitles":["L3 G1/G3 freeze packet v2"],"fullName":"L3 G1/G3 freeze packet v2 U-SDDA-007: state DB authority registrationをL3 freeze digestへ同期する","status":"passed","title":"U-SDDA-007: state DB authority registrationをL3 freeze digestへ同期する","duration":0.10149400000227615,"failureMessages":[],"meta":{},"tags":[]},{"ancestorTitles":["L3 G1/G3 freeze packet v2"],"fullName":"L3 G1/G3 freeze packet v2 U-WFEPROJ-005: propagates policy projection design registration into the G3 freeze digest","status":"passed","title":"U-WFEPROJ-005: propagates policy projection design registration into the G3 freeze digest","duration":0.1949940000049537,"failureMessages":[],"meta":{},"tags":[]},{"ancestorTitles":["L3 G1/G3 freeze packet v2"],"fullName":"L3 G1/G3 freeze packet v2 U-WFEPOLRES-005: propagates policy resolution design registration into the G3 freeze digest","status":"passed","title":"U-WFEPOLRES-005: propagates policy resolution design registration into the G3 freeze digest","duration":0.19101300000329502,"failureMessages":[],"meta":{},"tags":[]},{"ancestorTitles":["L3 G1/G3 freeze packet v2"],"fullName":"L3 G1/G3 freeze packet v2 U-WFEXROUTE-005: propagates routing consumer registration into the G3 freeze digest","status":"passed","title":"U-WFEXROUTE-005: propagates routing consumer registration into the G3 freeze digest","duration":0.2948210000031395,"failureMessages":[],"meta":{},"tags":[]},{"ancestorTitles":["L3 G1/G3 freeze packet v2"],"fullName":"L3 G1/G3 freeze packet v2 U-WFEXCLI-005: propagates routing CLI registration into the G3 freeze digest","status":"passed","title":"U-WFEXCLI-005: propagates routing CLI registration into the G3 freeze digest","duration":0.36042499999166466,"failureMessages":[],"meta":{},"tags":[]},{"ancestorTitles":["L3 G1/G3 freeze packet v2"],"fullName":"L3 G1/G3 freeze packet v2 U-TPWID-005: propagates typed PLAN identity pair into the G3 freeze digest","status":"passed","title":"U-TPWID-005: propagates typed PLAN identity pair into the G3 freeze digest","duration":0.2768380000052275,"failureMessages":[],"meta":{},"tags":[]},{"ancestorTitles":["L3 G1/G3 freeze packet v2"],"fullName":"L3 G1/G3 freeze packet v2 U-GWID-006: propagates GitHub workflow identity contract pair into the G3 freeze digest","status":"passed","title":"U-GWID-006: propagates GitHub workflow identity contract pair into the G3 freeze digest","duration":0.2040700000070501,"failureMessages":[],"meta":{},"tags":[]},{"ancestorTitles":["L3 G1/G3 freeze packet v2"],"fullName":"L3 G1/G3 freeze packet v2 U-GWIDADM-008: GitHub workflow identity admission pairをG3 freeze digestへ伝播する","status":"passed","title":"U-GWIDADM-008: GitHub workflow identity admission pairをG3 freeze digestへ伝播する","duration":0.1911509999918053,"failureMessages":[],"meta":{},"tags":[]},{"ancestorTitles":["L3 G1/G3 freeze packet v2"],"fullName":"L3 G1/G3 freeze packet v2 U-DBWID-006: PLAN registry typed identity pairをG3 freeze digestへ伝播する","status":"passed","title":"U-DBWID-006: PLAN registry typed identity pairをG3 freeze digestへ伝播する","duration":0.2053860000014538,"failureMessages":[],"meta":{},"tags":[]},{"ancestorTitles":["L3 G1/G3 freeze packet v2"],"fullName":"L3 G1/G3 freeze packet v2 U-WFLEG-007: legacy adapter設計登録をG3 freeze digestへ伝播する","status":"passed","title":"U-WFLEG-007: legacy adapter設計登録をG3 freeze digestへ伝播する","duration":0.19415500000468455,"failureMessages":[],"meta":{},"tags":[]},{"ancestorTitles":["L3 G1/G3 freeze packet v2"],"fullName":"L3 G1/G3 freeze packet v2 U-DESIGNELIC-004: design elicitation typed分類登録をG3 freeze digestへ伝播する","status":"passed","title":"U-DESIGNELIC-004: design elicitation typed分類登録をG3 freeze digestへ伝播する","duration":0.18952700000954792,"failureMessages":[],"meta":{},"tags":[]},{"ancestorTitles":["L3 G1/G3 freeze packet v2"],"fullName":"L3 G1/G3 freeze packet v2 keeps every new L3 owner visible as an unresolved post-freeze downstream obligation","status":"passed","title":"keeps every new L3 owner visible as an unresolved post-freeze downstream obligation","duration":0.22159600000304636,"failureMessages":[],"meta":{},"tags":[]},{"ancestorTitles":["L3 G1/G3 freeze packet v2"],"fullName":"L3 G1/G3 freeze packet v2 freezes development style, case-driven model, and specialist process as separate axes","status":"passed","title":"freezes development style, case-driven model, and specialist process as separate axes","duration":0.3175279999995837,"failureMessages":[],"meta":{},"tags":[]},{"ancestorTitles":["L3 G1/G3 freeze packet v2"],"fullName":"L3 G1/G3 freeze packet v2 contains the five-question batch and unresolved issue dispositions","status":"passed","title":"contains the five-question batch and unresolved issue dispositions","duration":1.6891629999881843,"failureMessages":[],"meta":{},"tags":[]},{"ancestorTitles":["L3 G1/G3 freeze packet v2"],"fullName":"L3 G1/G3 freeze packet v2 binds the five PO decisions and the snapshot-bound G1/G3 freeze without downstream claims","status":"passed","title":"binds the five PO decisions and the snapshot-bound G1/G3 freeze without downstream claims","duration":1.6148979999998119,"failureMessages":[],"meta":{},"tags":[]},{"ancestorTitles":["L3 G1/G3 freeze packet v2"],"fullName":"L3 G1/G3 freeze packet v2 U-UIL-AUTH-001: keeps the Universal Improvement Loop L3/L10 identity sets exact","status":"passed","title":"U-UIL-AUTH-001: keeps the Universal Improvement Loop L3/L10 identity sets exact","duration":0.5625100000033854,"failureMessages":[],"meta":{},"tags":[]},{"ancestorTitles":["L3 G1/G3 freeze packet v2"],"fullName":"L3 G1/G3 freeze packet v2 U-UIL-AUTH-002: maps every Universal Improvement Loop acceptance row to the exact requirement set","status":"passed","title":"U-UIL-AUTH-002: maps every Universal Improvement Loop acceptance row to the exact requirement set","duration":0.3950840000034077,"failureMessages":[],"meta":{},"tags":[]},{"ancestorTitles":["L3 G1/G3 freeze packet v2"],"fullName":"L3 G1/G3 freeze packet v2 U-UIL-AUTH-003: binds confirmed L3/L10 status and reciprocal PLAN identity","status":"passed","title":"U-UIL-AUTH-003: binds confirmed L3/L10 status and reciprocal PLAN identity","duration":0.1975840000086464,"failureMessages":[],"meta":{},"tags":[]},{"ancestorTitles":["L3 G1/G3 freeze packet v2"],"fullName":"L3 G1/G3 freeze packet v2 U-UIL-AUTH-004: keeps the eight implementation slices explicit and unique","status":"passed","title":"U-UIL-AUTH-004: keeps the eight implementation slices explicit and unique","duration":0.15969799998856615,"failureMessages":[],"meta":{},"tags":[]}],"startTime":1788993655529,"endTime":1788993759435.5088,"status":"passed","message":"","name":"/home/tenni/.helix-worktrees/claude-i1709/tests/l3-g3-freeze-packet-v2.test.ts"},{"assertionResults":[{"ancestorTitles":["loadRelationGraphSourceSet"],"fullName":"loadRelationGraphSourceSet U-RELGRAPH-011: builds a source set with plan→source, source→test, design→test-design edges and extra governance nodes","status":"passed","title":"U-RELGRAPH-011: builds a source set with plan→source, source→test, design→test-design edges and extra governance nodes","duration":37.042584000000005,"failureMessages":[],"meta":{},"tags":[]},{"ancestorTitles":["loadRelationGraphSourceSet"],"fullName":"loadRelationGraphSourceSet U-LITECI-WF-004: design catalog is projected before change-impact analysis","status":"passed","title":"U-LITECI-WF-004: design catalog is projected before change-impact analysis","duration":18.248694,"failureMessages":[],"meta":{},"tags":[]},{"ancestorTitles":["loadRelationGraphSourceSet"],"fullName":"loadRelationGraphSourceSet U-RELGRAPH-012: projects catalog items and existing authority consumers into the relation graph","status":"passed","title":"U-RELGRAPH-012: projects catalog items and existing authority consumers into the relation graph","duration":17.978341,"failureMessages":[],"meta":{},"tags":[]},{"ancestorTitles":["loadRelationGraphSourceSet"],"fullName":"loadRelationGraphSourceSet U-RELGRAPH-013: distinguishes deleted catalog artifacts and stale reviewed digests","status":"passed","title":"U-RELGRAPH-013: distinguishes deleted catalog artifacts and stale reviewed digests","duration":23.397678000000013,"failureMessages":[],"meta":{},"tags":[]},{"ancestorTitles":["loadRelationGraphSourceSet"],"fullName":"loadRelationGraphSourceSet is fail-open on an empty repo root (no throw, empty source set)","status":"passed","title":"is fail-open on an empty repo root (no throw, empty source set)","duration":1.957318000000015,"failureMessages":[],"meta":{},"tags":[]},{"ancestorTitles":["loadRelationGraphSourceSet"],"fullName":"loadRelationGraphSourceSet materializes a requirement node for every FR a plan derives from (no dangling derives-from)","status":"passed","title":"materializes a requirement node for every FR a plan derives from (no dangling derives-from)","duration":16.304261999999994,"failureMessages":[],"meta":{},"tags":[]},{"ancestorTitles":["relation graph real-repo loader (PLAN-L7-142 stale-edge fence)"],"fullName":"relation graph real-repo loader (PLAN-L7-142 stale-edge fence) has zero stale-edge findings through the real loader and excludes authority-bound retired artifacts","status":"passed","title":"has zero stale-edge findings through the real loader and excludes authority-bound retired artifacts","duration":5414.643093000001,"failureMessages":[],"meta":{},"tags":[]}],"startTime":1788993757835,"endTime":1788993763365.643,"status":"passed","message":"","name":"/home/tenni/.helix-worktrees/claude-i1709/tests/relation-graph-loader.test.ts"}]}