{"numTotalTestSuites":2,"numPassedTestSuites":2,"numFailedTestSuites":0,"numPendingTestSuites":0,"numTotalTests":41,"numPassedTests":41,"numFailedTests":0,"numPendingTests":0,"numTodoTests":0,"snapshot":{"added":0,"failure":false,"filesAdded":0,"filesRemoved":0,"filesRemovedList":[],"filesUnmatched":0,"filesUpdated":0,"matched":0,"total":0,"unchecked":0,"uncheckedKeysByFile":[],"unmatched":0,"updated":0,"didUpdate":false},"startTime":1788830658736,"success":true,"testResults":[{"assertionResults":[{"ancestorTitles":["git-command-guard"],"fullName":"git-command-guard U-GITGUARD-010: direct gh pr mergeを検出し、reviewed wrapperは誤検出しない","status":"passed","title":"U-GITGUARD-010: direct gh pr mergeを検出し、reviewed wrapperは誤検出しない","duration":299.136851,"failureMessages":[],"meta":{},"tags":[]},{"ancestorTitles":["git-command-guard"],"fullName":"git-command-guard U-CPRCONV-005: AI runtimeによるPR close/reopenを拒否しread-only参照を許可する","status":"passed","title":"U-CPRCONV-005: AI runtimeによるPR close/reopenを拒否しread-only参照を許可する","duration":603.775576,"failureMessages":[],"meta":{},"tags":[]},{"ancestorTitles":["git-command-guard"],"fullName":"git-command-guard U-GITGUARD-001: blocks destructive git operations that can destroy another runtime's work","status":"passed","title":"U-GITGUARD-001: blocks destructive git operations that can destroy another runtime's work","duration":1.8685370000000603,"failureMessages":[],"meta":{},"tags":[]},{"ancestorTitles":["git-command-guard"],"fullName":"git-command-guard S1: blocks destructive git hidden in shell evaluation surfaces","status":"passed","title":"S1: blocks destructive git hidden in shell evaluation surfaces","duration":0.6404700000000503,"failureMessages":[],"meta":{},"tags":[]},{"ancestorTitles":["git-command-guard"],"fullName":"git-command-guard U-GITGUARD-001: passes non-destructive git commands and branch creation","status":"passed","title":"U-GITGUARD-001: passes non-destructive git commands and branch creation","duration":0.39368000000013126,"failureMessages":[],"meta":{},"tags":[]},{"ancestorTitles":["git-command-guard"],"fullName":"git-command-guard U-GITGUARD-016: push前に非規約の新規commit subjectを拒否する","status":"passed","title":"U-GITGUARD-016: push前に非規約の新規commit subjectを拒否する","duration":196.40913999999998,"failureMessages":[],"meta":{},"tags":[]},{"ancestorTitles":["git-command-guard"],"fullName":"git-command-guard U-GITGUARD-017: Conventional subjectとGit既定Merge subjectを通す","status":"passed","title":"U-GITGUARD-017: Conventional subjectとGit既定Merge subjectを通す","duration":288.68419500000005,"failureMessages":[],"meta":{},"tags":[]},{"ancestorTitles":["git-command-guard"],"fullName":"git-command-guard U-GITGUARD-018: git -Cとnested shellのpush identityを保持する","status":"passed","title":"U-GITGUARD-018: git -Cとnested shellのpush identityを保持する","duration":248.38065699999993,"failureMessages":[],"meta":{},"tags":[]},{"ancestorTitles":["git-command-guard"],"fullName":"git-command-guard U-GITGUARD-019: 解決不能な複数refspecを拒否しremote deleteは対象外にする","status":"passed","title":"U-GITGUARD-019: 解決不能な複数refspecを拒否しremote deleteは対象外にする","duration":197.87048500000037,"failureMessages":[],"meta":{},"tags":[]},{"ancestorTitles":["git-command-guard"],"fullName":"git-command-guard U-GITGUARD-020: 実送信集合を解決できないpush optionをfail-closeする","status":"passed","title":"U-GITGUARD-020: 実送信集合を解決できないpush optionをfail-closeする","duration":219.61634000000004,"failureMessages":[],"meta":{},"tags":[]},{"ancestorTitles":["git-command-guard"],"fullName":"git-command-guard U-GITGUARD-021: local名と異なるpush upstreamを実refから解決する","status":"passed","title":"U-GITGUARD-021: local名と異なるpush upstreamを実refから解決する","duration":212.43850199999997,"failureMessages":[],"meta":{},"tags":[]},{"ancestorTitles":["git-command-guard"],"fullName":"git-command-guard U-GITGUARD-015: checkout pathspecをblockし、ref-only checkoutだけを許可する","status":"passed","title":"U-GITGUARD-015: checkout pathspecをblockし、ref-only checkoutだけを許可する","duration":1075.759837,"failureMessages":[],"meta":{},"tags":[]},{"ancestorTitles":["git-command-guard"],"fullName":"git-command-guard U-GITGUARD-011: contextual mutationはcontext無しでfail-closeしread-only inspectionだけを通す","status":"passed","title":"U-GITGUARD-011: contextual mutationはcontext無しでfail-closeしread-only inspectionだけを通す","duration":1.36449599999969,"failureMessages":[],"meta":{},"tags":[]},{"ancestorTitles":["git-command-guard"],"fullName":"git-command-guard U-GITGUARD-012: shared-root foreign dirtyを全contextual mutationでblockする","status":"passed","title":"U-GITGUARD-012: shared-root foreign dirtyを全contextual mutationでblockする","duration":0.2670799999996234,"failureMessages":[],"meta":{},"tags":[]},{"ancestorTitles":["git-command-guard"],"fullName":"git-command-guard U-GITGUARD-013: clean shared rootとlinked worktreeではcontextual mutationを通す","status":"passed","title":"U-GITGUARD-013: clean shared rootとlinked worktreeではcontextual mutationを通す","duration":0.251318000000083,"failureMessages":[],"meta":{},"tags":[]},{"ancestorTitles":["git-command-guard"],"fullName":"git-command-guard U-GITGUARD-014: unknown worktree identityとdirty count欠落をsafeへ縮退しない","status":"passed","title":"U-GITGUARD-014: unknown worktree identityとdirty count欠落をsafeへ縮退しない","duration":0.11189199999989796,"failureMessages":[],"meta":{},"tags":[]},{"ancestorTitles":["git-command-guard"],"fullName":"git-command-guard IT-GITGUARD-005/006: 非重複foreign dirtyのshared rootをblockしclean rootとlinked worktreeを通す","status":"passed","title":"IT-GITGUARD-005/006: 非重複foreign dirtyのshared rootをblockしclean rootとlinked worktreeを通す","duration":421.34274700000014,"failureMessages":[],"meta":{},"tags":[]},{"ancestorTitles":["git-command-guard"],"fullName":"git-command-guard U-GITGUARD-014/015: cwd resetを実効cwdで検出しsession touched dirtyはforeign扱いしない","status":"passed","title":"U-GITGUARD-014/015: cwd resetを実効cwdで検出しsession touched dirtyはforeign扱いしない","duration":156.9531960000004,"failureMessages":[],"meta":{},"tags":[]},{"ancestorTitles":["git-command-guard"],"fullName":"git-command-guard IT-GITGUARD-007: shared-root mutation overrideは既存DB transactionでone-shotになる","status":"passed","title":"IT-GITGUARD-007: shared-root mutation overrideは既存DB transactionでone-shotになる","duration":218.0503779999999,"failureMessages":[],"meta":{},"tags":[]},{"ancestorTitles":["git-command-guard"],"fullName":"git-command-guard [PLAN-L7-443-destructive-command-guard-transaction/U-GITGUARD-004] classifies destructive cleanup and ref deletion","status":"passed","title":"[PLAN-L7-443-destructive-command-guard-transaction/U-GITGUARD-004] classifies destructive cleanup and ref deletion","duration":0.7467830000005051,"failureMessages":[],"meta":{},"tags":[]},{"ancestorTitles":["git-command-guard"],"fullName":"git-command-guard [PLAN-L7-443-destructive-command-guard-transaction/U-GITGUARD-003] fails closed on incomplete shell grammar","status":"passed","title":"[PLAN-L7-443-destructive-command-guard-transaction/U-GITGUARD-003] fails closed on incomplete shell grammar","duration":0.507923999999548,"failureMessages":[],"meta":{},"tags":[]},{"ancestorTitles":["git-command-guard"],"fullName":"git-command-guard [PLAN-L7-443-destructive-command-guard-transaction/U-GITGUARD-003] does not treat string arguments as commands","status":"passed","title":"[PLAN-L7-443-destructive-command-guard-transaction/U-GITGUARD-003] does not treat string arguments as commands","duration":0.16421600000012404,"failureMessages":[],"meta":{},"tags":[]},{"ancestorTitles":["git-command-guard"],"fullName":"git-command-guard [PLAN-L7-443-destructive-command-guard-transaction/U-GITGUARD-003] preserves blocking across supported shell and global-option transformations","status":"passed","title":"[PLAN-L7-443-destructive-command-guard-transaction/U-GITGUARD-003] preserves blocking across supported shell and global-option transformations","duration":0.22556799999983923,"failureMessages":[],"meta":{},"tags":[]},{"ancestorTitles":["git-command-guard"],"fullName":"git-command-guard [PLAN-L7-443-destructive-command-guard-transaction/U-GITGUARD-003] preserves the block invariant for generated seed transformations","status":"passed","title":"[PLAN-L7-443-destructive-command-guard-transaction/U-GITGUARD-003] preserves the block invariant for generated seed transformations","duration":4.405526000000464,"failureMessages":[],"meta":{},"tags":[]},{"ancestorTitles":["git-command-guard"],"fullName":"git-command-guard [PLAN-L7-443-destructive-command-guard-transaction/U-GITGUARD-003] fails closed on incomplete backtick substitution","status":"passed","title":"[PLAN-L7-443-destructive-command-guard-transaction/U-GITGUARD-003] fails closed on incomplete backtick substitution","duration":0.08339599999999336,"failureMessages":[],"meta":{},"tags":[]},{"ancestorTitles":["git-command-guard"],"fullName":"git-command-guard U-GITGUARD-002: extracts Claude and Codex shell command payload shapes","status":"passed","title":"U-GITGUARD-002: extracts Claude and Codex shell command payload shapes","duration":0.15838499999972555,"failureMessages":[],"meta":{},"tags":[]},{"ancestorTitles":["git-command-guard"],"fullName":"git-command-guard requires an explicit override reason path for destructive operations","status":"passed","title":"requires an explicit override reason path for destructive operations","duration":0.15633000000070751,"failureMessages":[],"meta":{},"tags":[]},{"ancestorTitles":["git-command-guard"],"fullName":"git-command-guard [PLAN-L7-443-destructive-command-guard-transaction/U-GITGUARD-005/IT-GITGUARD-004] audits env override as a virtual one-shot capability","status":"passed","title":"[PLAN-L7-443-destructive-command-guard-transaction/U-GITGUARD-005/IT-GITGUARD-004] audits env override as a virtual one-shot capability","duration":338.44102100000055,"failureMessages":[],"meta":{},"tags":[]},{"ancestorTitles":["git-command-guard"],"fullName":"git-command-guard U-GITGUARD-002: exposes a blocking CLI hook surface","status":"passed","title":"U-GITGUARD-002: exposes a blocking CLI hook surface","duration":289.1799199999996,"failureMessages":[],"meta":{},"tags":[]},{"ancestorTitles":["git-command-guard"],"fullName":"git-command-guard [PLAN-L7-443-destructive-command-guard-transaction/U-GITGUARD-007] dev adapter fails closed on malformed stdin","status":"passed","title":"[PLAN-L7-443-destructive-command-guard-transaction/U-GITGUARD-007] dev adapter fails closed on malformed stdin","duration":28.834310999999616,"failureMessages":[],"meta":{},"tags":[]},{"ancestorTitles":["git-command-guard"],"fullName":"git-command-guard U-GITGUARD-002: hook marker override is one-shot and audited","status":"passed","title":"U-GITGUARD-002: hook marker override is one-shot and audited","duration":119.27008099999966,"failureMessages":[],"meta":{},"tags":[]},{"ancestorTitles":["git-command-guard"],"fullName":"git-command-guard S4: safe command does not consume a destructive override marker","status":"passed","title":"S4: safe command does not consume a destructive override marker","duration":35.851637000000665,"failureMessages":[],"meta":{},"tags":[]},{"ancestorTitles":["git-command-guard"],"fullName":"git-command-guard [PLAN-L7-443-destructive-command-guard-transaction/U-GITGUARD-006/007] dev hook and CLI fail closed when durable audit cannot commit","status":"passed","title":"[PLAN-L7-443-destructive-command-guard-transaction/U-GITGUARD-006/007] dev hook and CLI fail closed when durable audit cannot commit","duration":186.50384099999974,"failureMessages":[],"meta":{},"tags":[]},{"ancestorTitles":["git-command-guard"],"fullName":"git-command-guard [PLAN-L7-443-destructive-command-guard-transaction/U-GITGUARD-008/IT-GITGUARD-001] allows at most one of two competing processes","status":"passed","title":"[PLAN-L7-443-destructive-command-guard-transaction/U-GITGUARD-008/IT-GITGUARD-001] allows at most one of two competing processes","duration":211.73796399999992,"failureMessages":[],"meta":{},"tags":[]},{"ancestorTitles":["git-command-guard"],"fullName":"git-command-guard [PLAN-L7-443-destructive-command-guard-transaction/IT-GITGUARD-004] stores no raw secret, PII, command, or absolute path bytes","status":"passed","title":"[PLAN-L7-443-destructive-command-guard-transaction/IT-GITGUARD-004] stores no raw secret, PII, command, or absolute path bytes","duration":195.36931599999934,"failureMessages":[],"meta":{},"tags":[]},{"ancestorTitles":["git-command-guard"],"fullName":"git-command-guard [PLAN-L7-443-destructive-command-guard-transaction/U-GITGUARD-009/IT-GITGUARD-003] blocks restart reuse after audit reservation","status":"passed","title":"[PLAN-L7-443-destructive-command-guard-transaction/U-GITGUARD-009/IT-GITGUARD-003] blocks restart reuse after audit reservation","duration":189.00202200000058,"failureMessages":[],"meta":{},"tags":[]},{"ancestorTitles":["git-command-guard"],"fullName":"git-command-guard [PLAN-L7-443-destructive-command-guard-transaction/U-GITGUARD-009/IT-GITGUARD-003] blocks restart after a real process crash between commit and consume","status":"passed","title":"[PLAN-L7-443-destructive-command-guard-transaction/U-GITGUARD-009/IT-GITGUARD-003] blocks restart after a real process crash between commit and consume","duration":341.79924500000016,"failureMessages":[],"meta":{},"tags":[]},{"ancestorTitles":["git-command-guard"],"fullName":"git-command-guard [PLAN-L7-443-destructive-command-guard-transaction/U-GITGUARD-009/IT-GITGUARD-002] fails closed on corrupt transaction store","status":"passed","title":"[PLAN-L7-443-destructive-command-guard-transaction/U-GITGUARD-009/IT-GITGUARD-002] fails closed on corrupt transaction store","duration":156.56771599999956,"failureMessages":[],"meta":{},"tags":[]},{"ancestorTitles":["git-command-guard"],"fullName":"git-command-guard [PLAN-L7-443-destructive-command-guard-transaction/U-GITGUARD-006/009/IT-GITGUARD-002] retains marker after real SQLite commit contention and retries after rollback","status":"passed","title":"[PLAN-L7-443-destructive-command-guard-transaction/U-GITGUARD-006/009/IT-GITGUARD-002] retains marker after real SQLite commit contention and retries after rollback","duration":25495.545409,"failureMessages":[],"meta":{},"tags":[]},{"ancestorTitles":["git-command-guard"],"fullName":"git-command-guard [PLAN-L7-443-destructive-command-guard-transaction/U-GITGUARD-006] fails closed when the real marker cannot be removed","status":"passed","title":"[PLAN-L7-443-destructive-command-guard-transaction/U-GITGUARD-006] fails closed when the real marker cannot be removed","duration":198.50254700000005,"failureMessages":[],"meta":{},"tags":[]},{"ancestorTitles":["git-command-guard"],"fullName":"git-command-guard S3: Bash write to a foreign uncommitted file is blocked","status":"passed","title":"S3: Bash write to a foreign uncommitted file is blocked","duration":61.2241439999998,"failureMessages":[],"meta":{},"tags":[]}],"startTime":1788830659213,"endTime":1788830691216.224,"status":"passed","message":"","name":"/tmp/helix-1652-evidence.OTqmIb/repo/tests/git-command-guard.test.ts"}]}