{"numTotalTestSuites":2,"numPassedTestSuites":2,"numFailedTestSuites":0,"numPendingTestSuites":0,"numTotalTests":3,"numPassedTests":3,"numFailedTests":0,"numPendingTests":0,"numTodoTests":0,"snapshot":{"added":0,"failure":false,"filesAdded":0,"filesRemoved":0,"filesRemovedList":[],"filesUnmatched":0,"filesUpdated":0,"matched":0,"total":0,"unchecked":0,"uncheckedKeysByFile":[],"unmatched":0,"updated":0,"didUpdate":false},"startTime":1789071801672,"success":true,"testResults":[{"assertionResults":[{"ancestorTitles":["開発投資段階指示書の取込み"],"fullName":"開発投資段階指示書の取込み U-DIS-001: 統合原稿のbytesを候補入力として欠損なく保全する","status":"passed","title":"U-DIS-001: 統合原稿のbytesを候補入力として欠損なく保全する","duration":2.1670979999999957,"failureMessages":[],"meta":{},"tags":[]},{"ancestorTitles":["開発投資段階指示書の取込み"],"fullName":"開発投資段階指示書の取込み U-DIS-002: INV-001〜072の個別カードと主段階割当をexact setで保持する","status":"passed","title":"U-DIS-002: INV-001〜072の個別カードと主段階割当をexact setで保持する","duration":1.7282359999999954,"failureMessages":[],"meta":{},"tags":[]},{"ancestorTitles":["開発投資段階指示書の取込み"],"fullName":"開発投資段階指示書の取込み U-DIS-003: candidate境界・退役hash・root不存在を相互に拘束する","status":"passed","title":"U-DIS-003: candidate境界・退役hash・root不存在を相互に拘束する","duration":0.8426109999999909,"failureMessages":[],"meta":{},"tags":[]}],"startTime":1789071801807,"endTime":1789071801811.8425,"status":"passed","message":"","name":"/home/tenni/.helix-worktrees/codex-1727-stage-directives/tests/development-investment-stage-directives.test.ts"}]}