{"numTotalTestSuites":8,"numPassedTestSuites":8,"numFailedTestSuites":0,"numPendingTestSuites":0,"numTotalTests":45,"numPassedTests":45,"numFailedTests":0,"numPendingTests":0,"numTodoTests":0,"snapshot":{"added":0,"failure":false,"filesAdded":0,"filesRemoved":0,"filesRemovedList":[],"filesUnmatched":0,"filesUpdated":0,"matched":0,"total":0,"unchecked":0,"uncheckedKeysByFile":[],"unmatched":0,"updated":0,"didUpdate":false},"startTime":1789098320861,"success":true,"testResults":[{"assertionResults":[{"ancestorTitles":["PLAN-L3-30 direct test owner disposition"],"fullName":"PLAN-L3-30 direct test owner disposition pins three unique files and the 27-case denominator","status":"passed","title":"pins three unique files and the 27-case denominator","duration":1.2705740000000105,"failureMessages":[],"meta":{},"tags":[]},{"ancestorTitles":["PLAN-L3-30 direct test owner disposition"],"fullName":"PLAN-L3-30 direct test owner disposition matches current bytes, case counts, and direct authority paths","status":"passed","title":"matches current bytes, case counts, and direct authority paths","duration":4.289498000000009,"failureMessages":[],"meta":{},"tags":[]},{"ancestorTitles":["PLAN-L3-30 direct test owner disposition"],"fullName":"PLAN-L3-30 direct test owner disposition routes only the headless integration case through L4/L9","status":"passed","title":"routes only the headless integration case through L4/L9","duration":0.4421729999999968,"failureMessages":[],"meta":{},"tags":[]},{"ancestorTitles":["PLAN-L3-30 direct test owner disposition"],"fullName":"PLAN-L3-30 direct test owner disposition separates disposition PLAN closure from downstream ownership closure","status":"passed","title":"separates disposition PLAN closure from downstream ownership closure","duration":0.5365260000000092,"failureMessages":[],"meta":{},"tags":[]}],"startTime":1789098332182,"endTime":1789098332188.5366,"status":"passed","message":"","name":"/home/tenni/.helix-worktrees/codex-1733-issue-census/tests/feedback-test-owner-direct-disposition.test.ts"},{"assertionResults":[{"ancestorTitles":["Infinity Loop strict design contract"],"fullName":"Infinity Loop strict design contract 76成果物・19 L6スライスを固定分母として読む","status":"passed","title":"76成果物・19 L6スライスを固定分母として読む","duration":1.2458369999999945,"failureMessages":[],"meta":{},"tags":[]},{"ancestorTitles":["Infinity Loop strict design contract"],"fullName":"Infinity Loop strict design contract manifestを固定commit/treeと76成果物exact bytesへbindする","status":"passed","title":"manifestを固定commit/treeと76成果物exact bytesへbindする","duration":449.695773,"failureMessages":[],"meta":{},"tags":[]},{"ancestorTitles":["Infinity Loop strict design contract"],"fullName":"Infinity Loop strict design contract 76成果物の型宣言名をV1へ閉じる","status":"passed","title":"76成果物の型宣言名をV1へ閉じる","duration":32.77974400000005,"failureMessages":[],"meta":{},"tags":[]},{"ancestorTitles":["Infinity Loop strict design contract"],"fullName":"Infinity Loop strict design contract L6で未定義generic Resultへの縮退を認めない","status":"passed","title":"L6で未定義generic Resultへの縮退を認めない","duration":1.3172330000001011,"failureMessages":[],"meta":{},"tags":[]},{"ancestorTitles":["Infinity Loop strict design contract"],"fullName":"Infinity Loop strict design contract 全L6 TypeScript fenceを構文・意味の両方で閉じる","status":"passed","title":"全L6 TypeScript fenceを構文・意味の両方で閉じる","duration":5187.552474,"failureMessages":[],"meta":{},"tags":[]},{"ancestorTitles":["Infinity Loop strict design contract"],"fullName":"Infinity Loop strict design contract 各sliceの4成果物を結合してschema衝突を拒否する","status":"passed","title":"各sliceの4成果物を結合してschema衝突を拒否する","duration":4834.065003000001,"failureMessages":[],"meta":{},"tags":[]},{"ancestorTitles":["Infinity Loop strict design contract"],"fullName":"Infinity Loop strict design contract HDS-HIL-12の全共有schemaをL6単一ownerへ固定する","status":"passed","title":"HDS-HIL-12の全共有schemaをL6単一ownerへ固定する","duration":2.550245000000359,"failureMessages":[],"meta":{},"tags":[]},{"ancestorTitles":["Infinity Loop strict design contract"],"fullName":"Infinity Loop strict design contract HDS-HIL-12の別artifact同名schema driftをnegative mutationで拒否する","status":"passed","title":"HDS-HIL-12の別artifact同名schema driftをnegative mutationで拒否する","duration":0.20473499999934575,"failureMessages":[],"meta":{},"tags":[]},{"ancestorTitles":["Infinity Loop strict design contract"],"fullName":"Infinity Loop strict design contract HDS-HIL-12のclosed capability union wideningをnegative mutationで拒否する","status":"passed","title":"HDS-HIL-12のclosed capability union wideningをnegative mutationで拒否する","duration":0.18242300000019895,"failureMessages":[],"meta":{},"tags":[]},{"ancestorTitles":["Infinity Loop strict design contract"],"fullName":"Infinity Loop strict design contract current quartetのoracle分母とHDS-HIL-13 cardinalityを固定する","status":"passed","title":"current quartetのoracle分母とHDS-HIL-13 cardinalityを固定する","duration":8.92272199999934,"failureMessages":[],"meta":{},"tags":[]},{"ancestorTitles":["Infinity Loop strict design contract"],"fullName":"Infinity Loop strict design contract HDS-HIL-09Aのexact-2 all-ref authority契約を固定する","status":"passed","title":"HDS-HIL-09Aのexact-2 all-ref authority契約を固定する","duration":8.859008999999787,"failureMessages":[],"meta":{},"tags":[]},{"ancestorTitles":["Infinity Loop requirement-set consistency"],"fullName":"Infinity Loop requirement-set consistency keeps all current ledgers equal to the 153-ID L1 set","status":"passed","title":"keeps all current ledgers equal to the 153-ID L1 set","duration":3.145829999999478,"failureMessages":[],"meta":{},"tags":[]},{"ancestorTitles":["Infinity Loop requirement-set consistency"],"fullName":"Infinity Loop requirement-set consistency binds every definition row to the current L1 line and statement digest","status":"passed","title":"binds every definition row to the current L1 line and statement digest","duration":6.45332899999994,"failureMessages":[],"meta":{},"tags":[]},{"ancestorTitles":["Infinity Loop requirement-set consistency"],"fullName":"Infinity Loop requirement-set consistency keeps every definition component candidate equal to its assertion owner set","status":"passed","title":"keeps every definition component candidate equal to its assertion owner set","duration":1.5841049999999086,"failureMessages":[],"meta":{},"tags":[]},{"ancestorTitles":["Infinity Loop requirement-set consistency"],"fullName":"Infinity Loop requirement-set consistency uses the canonical L1-L12 layer scheme for current Infinity Loop requirements","status":"passed","title":"uses the canonical L1-L12 layer scheme for current Infinity Loop requirements","duration":2.6934500000006665,"failureMessages":[],"meta":{},"tags":[]},{"ancestorTitles":["Infinity Loop requirement-set consistency"],"fullName":"Infinity Loop requirement-set consistency keeps the frozen definition state unambiguous across canonical ledgers","status":"passed","title":"keeps the frozen definition state unambiguous across canonical ledgers","duration":0.7484199999998964,"failureMessages":[],"meta":{},"tags":[]},{"ancestorTitles":["Infinity Loop requirement-set consistency"],"fullName":"Infinity Loop requirement-set consistency binds all 153 requirements to exactly one of 24 current authority sets","status":"passed","title":"binds all 153 requirements to exactly one of 24 current authority sets","duration":0.8972259999991365,"failureMessages":[],"meta":{},"tags":[]},{"ancestorTitles":["Infinity Loop requirement-set consistency"],"fullName":"Infinity Loop requirement-set consistency preserves reserved Authoring IDs and the memory-derived worker policy","status":"passed","title":"preserves reserved Authoring IDs and the memory-derived worker policy","duration":0.424418999999034,"failureMessages":[],"meta":{},"tags":[]},{"ancestorTitles":["Infinity Loop requirement-set consistency"],"fullName":"Infinity Loop requirement-set consistency keeps requirement-definition and L1/L3 pair denominators on the 153-ID set","status":"passed","title":"keeps requirement-definition and L1/L3 pair denominators on the 153-ID set","duration":0.368043000000398,"failureMessages":[],"meta":{},"tags":[]},{"ancestorTitles":["Infinity Loop requirement-set consistency"],"fullName":"Infinity Loop requirement-set consistency treats accepted ADR-010 as the current layered-authority decision","status":"passed","title":"treats accepted ADR-010 as the current layered-authority decision","duration":0.7852190000012342,"failureMessages":[],"meta":{},"tags":[]}],"startTime":1789098321361,"endTime":1789098331906.7852,"status":"passed","message":"","name":"/home/tenni/.helix-worktrees/codex-1733-issue-census/tests/infinity-loop-strict-design-contract.test.ts"},{"assertionResults":[{"ancestorTitles":["GitHub Issue dependency projection"],"fullName":"GitHub Issue dependency projection U-IHIER-018: body authorityとnative parent／child／dependencyの片側差分を型付きfindingへ分離する","status":"passed","title":"U-IHIER-018: body authorityとnative parent／child／dependencyの片側差分を型付きfindingへ分離する","duration":5.8071540000000255,"failureMessages":[],"meta":{},"tags":[]},{"ancestorTitles":["GitHub Issue dependency projection"],"fullName":"GitHub Issue dependency projection U-IHIER-019: pagination不完了・stable ID欠落・native Issue欠落を推測せず拒否する","status":"passed","title":"U-IHIER-019: pagination不完了・stable ID欠落・native Issue欠落を推測せず拒否する","duration":0.382000000000005,"failureMessages":[],"meta":{},"tags":[]},{"ancestorTitles":["GitHub Issue dependency projection"],"fullName":"GitHub Issue dependency projection U-IHIER-020: exact graphは入力順・重複に依存せず同一digestでgreenになる","status":"passed","title":"U-IHIER-020: exact graphは入力順・重複に依存せず同一digestでgreenになる","duration":0.8320780000000241,"failureMessages":[],"meta":{},"tags":[]},{"ancestorTitles":["GitHub Issue dependency projection"],"fullName":"GitHub Issue dependency projection U-IHIER-012: hierarchy relationのdependency block欠落と集合差をfail-closeする","status":"passed","title":"U-IHIER-012: hierarchy relationのdependency block欠落と集合差をfail-closeする","duration":0.4507289999999955,"failureMessages":[],"meta":{},"tags":[]},{"ancestorTitles":["GitHub Issue dependency projection"],"fullName":"GitHub Issue dependency projection U-IHIER-013: hierarchy正本からdependency migration candidateを決定的に投影する","status":"passed","title":"U-IHIER-013: hierarchy正本からdependency migration candidateを決定的に投影する","duration":1.4983529999999803,"failureMessages":[],"meta":{},"tags":[]},{"ancestorTitles":["GitHub Issue dependency projection"],"fullName":"GitHub Issue dependency projection U-IHIER-014: 片側hierarchy edgeを削除せず両端へunion closureする","status":"passed","title":"U-IHIER-014: 片側hierarchy edgeを削除せず両端へunion closureする","duration":10.388874000000015,"failureMessages":[],"meta":{},"tags":[]},{"ancestorTitles":["GitHub Issue dependency projection"],"fullName":"GitHub Issue dependency projection U-IHIER-015: compatibility fieldと複数行配列を含むhierarchy契約を正規化する","status":"passed","title":"U-IHIER-015: compatibility fieldと複数行配列を含むhierarchy契約を正規化する","duration":1.2127349999999808,"failureMessages":[],"meta":{},"tags":[]},{"ancestorTitles":["GitHub Issue dependency projection"],"fullName":"GitHub Issue dependency projection U-IHIER-016: candidate treeのPLAN bindingで既存null projectionを置換する","status":"passed","title":"U-IHIER-016: candidate treeのPLAN bindingで既存null projectionを置換する","duration":0.18600000000000705,"failureMessages":[],"meta":{},"tags":[]},{"ancestorTitles":["GitHub Issue dependency projection"],"fullName":"GitHub Issue dependency projection U-IHIER-017: legacy feature roleをinput-onlyでcapabilityへ正規化する","status":"passed","title":"U-IHIER-017: legacy feature roleをinput-onlyでcapabilityへ正規化する","duration":0.9068990000000099,"failureMessages":[],"meta":{},"tags":[]},{"ancestorTitles":["GitHub Issue dependency projection"],"fullName":"GitHub Issue dependency projection live sourceからhierarchy contractだけをtyped projectionへ収集する","status":"passed","title":"live sourceからhierarchy contractだけをtyped projectionへ収集する","duration":1.0022490000000062,"failureMessages":[],"meta":{},"tags":[]},{"ancestorTitles":["GitHub Issue dependency projection"],"fullName":"GitHub Issue dependency projection U-IHIER-002: open依存を残したclosed Issueをfail-closeする","status":"passed","title":"U-IHIER-002: open依存を残したclosed Issueをfail-closeする","duration":0.650857000000002,"failureMessages":[],"meta":{},"tags":[]},{"ancestorTitles":["GitHub Issue dependency projection"],"fullName":"GitHub Issue dependency projection U-IHIER-003: PLAN github_issue_idとIssue plan_idの双方向不整合を拒否する","status":"passed","title":"U-IHIER-003: PLAN github_issue_idとIssue plan_idの双方向不整合を拒否する","duration":0.20645899999999529,"failureMessages":[],"meta":{},"tags":[]},{"ancestorTitles":["GitHub Issue dependency projection"],"fullName":"GitHub Issue dependency projection U-IHIER-005: PR focusは接続componentだけを監査し、無関係Issue driftを隔離する","status":"passed","title":"U-IHIER-005: PR focusは接続componentだけを監査し、無関係Issue driftを隔離する","duration":0.4361319999999864,"failureMessages":[],"meta":{},"tags":[]},{"ancestorTitles":["GitHub Issue dependency projection"],"fullName":"GitHub Issue dependency projection helix-issue-dependency.v1 blockをexact field orderでparseする","status":"passed","title":"helix-issue-dependency.v1 blockをexact field orderでparseする","duration":0.18093100000001527,"failureMessages":[],"meta":{},"tags":[]},{"ancestorTitles":["GitHub Issue dependency projection"],"fullName":"GitHub Issue dependency projection U-IHIER-008: parent Issueの複数atomic PLANを明示的なplan_ids集合で束縛する","status":"passed","title":"U-IHIER-008: parent Issueの複数atomic PLANを明示的なplan_ids集合で束縛する","duration":0.4273560000000032,"failureMessages":[],"meta":{},"tags":[]},{"ancestorTitles":["GitHub Issue dependency projection"],"fullName":"GitHub Issue dependency projection U-IHIER-009: scalar plan_idとplan_idsの同時指定を拒否する","status":"passed","title":"U-IHIER-009: scalar plan_idとplan_idsの同時指定を拒否する","duration":0.1814719999999852,"failureMessages":[],"meta":{},"tags":[]},{"ancestorTitles":["GitHub Issue dependency projection"],"fullName":"GitHub Issue dependency projection U-IHIER-010: prose markerを無視し、不正な採用blockをIssue番号付きfindingへ投影する","status":"passed","title":"U-IHIER-010: prose markerを無視し、不正な採用blockをIssue番号付きfindingへ投影する","duration":0.7374299999999891,"failureMessages":[],"meta":{},"tags":[]},{"ancestorTitles":["GitHub Issue dependency projection"],"fullName":"GitHub Issue dependency projection U-IHIER-011: parserが受理する空白形状をdetectorも同じ採用blockとして扱う","status":"passed","title":"U-IHIER-011: parserが受理する空白形状をdetectorも同じ採用blockとして扱う","duration":0.27800300000001243,"failureMessages":[],"meta":{},"tags":[]},{"ancestorTitles":["GitHub Issue hierarchy contract"],"fullName":"GitHub Issue hierarchy contract U-IHIER-021: hierarchy contractのsilent skipをIssue単位のtyped findingへ分離する","status":"passed","title":"U-IHIER-021: hierarchy contractのsilent skipをIssue単位のtyped findingへ分離する","duration":5.118305000000021,"failureMessages":[],"meta":{},"tags":[]},{"ancestorTitles":["GitHub Issue hierarchy contract"],"fullName":"GitHub Issue hierarchy contract U-IHIER-001: orphan・cycle・非対称依存を拒否し、非blocked leafだけをREADYにする","status":"passed","title":"U-IHIER-001: orphan・cycle・非対称依存を拒否し、非blocked leafだけをREADYにする","duration":0.3666409999999871,"failureMessages":[],"meta":{},"tags":[]},{"ancestorTitles":["GitHub Issue hierarchy contract"],"fullName":"GitHub Issue hierarchy contract Issue bodyの機械可読contractをexact field orderでparseする","status":"passed","title":"Issue bodyの機械可読contractをexact field orderでparseする","duration":0.5633109999999988,"failureMessages":[],"meta":{},"tags":[]}],"startTime":1789098332065,"endTime":1789098332096.5632,"status":"passed","message":"","name":"/home/tenni/.helix-worktrees/codex-1733-issue-census/tests/issue-hierarchy.test.ts"}]}