{"numTotalTestSuites":4,"numPassedTestSuites":4,"numFailedTestSuites":0,"numPendingTestSuites":0,"numTotalTests":95,"numPassedTests":95,"numFailedTests":0,"numPendingTests":0,"numTodoTests":0,"snapshot":{"added":0,"failure":false,"filesAdded":0,"filesRemoved":0,"filesRemovedList":[],"filesUnmatched":0,"filesUpdated":0,"matched":0,"total":0,"unchecked":0,"uncheckedKeysByFile":[],"unmatched":0,"updated":0,"didUpdate":false},"startTime":1788993258557,"success":true,"testResults":[{"assertionResults":[{"ancestorTitles":["GitHub cross-review admission"],"fullName":"GitHub cross-review admission U-GCRA-005: reviewed HEAD treeとmerge後commit treeのread-after同一性を要求する","status":"passed","title":"U-GCRA-005: reviewed HEAD treeとmerge後commit treeのread-after同一性を要求する","duration":2.8795240000000035,"failureMessages":[],"meta":{},"tags":[]},{"ancestorTitles":["GitHub cross-review admission"],"fullName":"GitHub cross-review admission U-GCRA-005a: verified／merged_unverified full receiptをGit共通runtimeへimmutable保存する","status":"passed","title":"U-GCRA-005a: verified／merged_unverified full receiptをGit共通runtimeへimmutable保存する","duration":14.351623999999958,"failureMessages":[],"meta":{},"tags":[]},{"ancestorTitles":["GitHub cross-review admission"],"fullName":"GitHub cross-review admission U-GCRA-005b: pr-merge-reviewed production adapterが両commitをread-afterして成功判定へ接続する","status":"passed","title":"U-GCRA-005b: pr-merge-reviewed production adapterが両commitをread-afterして成功判定へ接続する","duration":3.888097000000016,"failureMessages":[],"meta":{},"tags":[]},{"ancestorTitles":["GitHub cross-review admission"],"fullName":"GitHub cross-review admission U-GCRA-001: draftはCI先行のためdeferし、Ready exact HEAD receiptだけをadmitする","status":"passed","title":"U-GCRA-001: draftはCI先行のためdeferし、Ready exact HEAD receiptだけをadmitする","duration":4.478212000000042,"failureMessages":[],"meta":{},"tags":[]},{"ancestorTitles":["GitHub cross-review admission"],"fullName":"GitHub cross-review admission U-GCRA-014: 同一HEADのblockを別session approveで上書きせずfail-closeする","status":"passed","title":"U-GCRA-014: 同一HEADのblockを別session approveで上書きせずfail-closeする","duration":3.3148749999999723,"failureMessages":[],"meta":{},"tags":[]},{"ancestorTitles":["GitHub cross-review admission"],"fullName":"GitHub cross-review admission U-GCRA-010: Claude receiptへのprovider-neutral discriminator混入を誤分類しない","status":"passed","title":"U-GCRA-010: Claude receiptへのprovider-neutral discriminator混入を誤分類しない","duration":1.032324000000017,"failureMessages":[],"meta":{},"tags":[]},{"ancestorTitles":["GitHub cross-review admission"],"fullName":"GitHub cross-review admission U-GCRA-012: invalid candidateは失敗predicateをtyped診断として返す","status":"passed","title":"U-GCRA-012: invalid candidateは失敗predicateをtyped診断として返す","duration":1.033187000000055,"failureMessages":[],"meta":{},"tags":[]},{"ancestorTitles":["GitHub cross-review admission"],"fullName":"GitHub cross-review admission U-GCRA-012a: 全typed失敗predicateを最初の原因へ一対一射影する","status":"passed","title":"U-GCRA-012a: 全typed失敗predicateを最初の原因へ一対一射影する","duration":12.128517000000045,"failureMessages":[],"meta":{},"tags":[]},{"ancestorTitles":["GitHub cross-review admission"],"fullName":"GitHub cross-review admission U-GCRA-012b: invalid候補の診断がvalid exactly-one受理を相殺しない","status":"passed","title":"U-GCRA-012b: invalid候補の診断がvalid exactly-one受理を相殺しない","duration":0.7627340000000231,"failureMessages":[],"meta":{},"tags":[]},{"ancestorTitles":["GitHub cross-review admission"],"fullName":"GitHub cross-review admission U-GCRA-008: historical v2 receiptをcurrent Ready admissionへ昇格しない","status":"passed","title":"U-GCRA-008: historical v2 receiptをcurrent Ready admissionへ昇格しない","duration":0.626809000000037,"failureMessages":[],"meta":{},"tags":[]},{"ancestorTitles":["GitHub cross-review admission"],"fullName":"GitHub cross-review admission U-GCRA-001b: admitted Kimiのprovider-neutral receiptを同じgateでadmitする","status":"passed","title":"U-GCRA-001b: admitted Kimiのprovider-neutral receiptを同じgateでadmitする","duration":1.6142380000000003,"failureMessages":[],"meta":{},"tags":[]},{"ancestorTitles":["GitHub cross-review admission"],"fullName":"GitHub cross-review admission U-GCRA-001e: Kimi bootstrapはhistorical v2 verifier commentをshared decoderで検証する","status":"passed","title":"U-GCRA-001e: Kimi bootstrapはhistorical v2 verifier commentをshared decoderで検証する","duration":1.013291000000038,"failureMessages":[],"meta":{},"tags":[]},{"ancestorTitles":["GitHub cross-review admission"],"fullName":"GitHub cross-review admission U-GCRA-001c: Kimi admission・failure・lease・output・packetの自己申告改変を拒否する","status":"passed","title":"U-GCRA-001c: Kimi admission・failure・lease・output・packetの自己申告改変を拒否する","duration":4.607393999999999,"failureMessages":[],"meta":{},"tags":[]},{"ancestorTitles":["GitHub cross-review admission"],"fullName":"GitHub cross-review admission U-GCRA-001d: canonical DB receiptのexact schemaと収束式をfail-closeする","status":"passed","title":"U-GCRA-001d: canonical DB receiptのexact schemaと収束式をfail-closeする","duration":0.6818359999999757,"failureMessages":[],"meta":{},"tags":[]},{"ancestorTitles":["GitHub cross-review admission"],"fullName":"GitHub cross-review admission U-GCRA-002: PLAN自己申告やreceipt欠落をfail-closeする","status":"passed","title":"U-GCRA-002: PLAN自己申告やreceipt欠落をfail-closeする","duration":0.20765299999999343,"failureMessages":[],"meta":{},"tags":[]},{"ancestorTitles":["GitHub cross-review admission"],"fullName":"GitHub cross-review admission U-GCRA-030: legacy v3 receiptはcurrent Ready admissionへ昇格しない","status":"passed","title":"U-GCRA-030: legacy v3 receiptはcurrent Ready admissionへ昇格しない","duration":0.4476849999999786,"failureMessages":[],"meta":{},"tags":[]},{"ancestorTitles":["GitHub cross-review admission"],"fullName":"GitHub cross-review admission U-GCRA-003: stale HEAD、別HEAD CI、review後改変を拒否する","status":"passed","title":"U-GCRA-003: stale HEAD、別HEAD CI、review後改変を拒否する","duration":1.2406609999999887,"failureMessages":[],"meta":{},"tags":[]},{"ancestorTitles":["GitHub cross-review admission"],"fullName":"GitHub cross-review admission U-GCRA-032: 非success runは成功receiptをstale化せず新successだけが世代を更新する","status":"passed","title":"U-GCRA-032: 非success runは成功receiptをstale化せず新successだけが世代を更新する","duration":2.512769999999989,"failureMessages":[],"meta":{},"tags":[]},{"ancestorTitles":["GitHub cross-review admission"],"fullName":"GitHub cross-review admission U-GCRA-003b: required CI provenanceの別workflowを拒否する","status":"passed","title":"U-GCRA-003b: required CI provenanceの別workflowを拒否する","duration":0.39887899999996534,"failureMessages":[],"meta":{},"tags":[]},{"ancestorTitles":["GitHub cross-review admission"],"fullName":"GitHub cross-review admission U-GCRA-003b: required CI provenanceの別pathを拒否する","status":"passed","title":"U-GCRA-003b: required CI provenanceの別pathを拒否する","duration":0.252619999999979,"failureMessages":[],"meta":{},"tags":[]},{"ancestorTitles":["GitHub cross-review admission"],"fullName":"GitHub cross-review admission U-GCRA-003b: required CI provenanceの別eventを拒否する","status":"passed","title":"U-GCRA-003b: required CI provenanceの別eventを拒否する","duration":0.20886999999999034,"failureMessages":[],"meta":{},"tags":[]},{"ancestorTitles":["GitHub cross-review admission"],"fullName":"GitHub cross-review admission U-GCRA-003b: required CI provenanceの未完了を拒否する","status":"passed","title":"U-GCRA-003b: required CI provenanceの未完了を拒否する","duration":0.20463799999998855,"failureMessages":[],"meta":{},"tags":[]},{"ancestorTitles":["GitHub cross-review admission"],"fullName":"GitHub cross-review admission U-GCRA-003b: required CI provenanceの別PRを拒否する","status":"passed","title":"U-GCRA-003b: required CI provenanceの別PRを拒否する","duration":0.19483299999996007,"failureMessages":[],"meta":{},"tags":[]},{"ancestorTitles":["GitHub cross-review admission"],"fullName":"GitHub cross-review admission U-GCRA-003b: required CI provenanceのreview後完了を拒否する","status":"passed","title":"U-GCRA-003b: required CI provenanceのreview後完了を拒否する","duration":0.25821500000000697,"failureMessages":[],"meta":{},"tags":[]},{"ancestorTitles":["GitHub cross-review admission"],"fullName":"GitHub cross-review admission U-GCRA-004: future review、重複receipt、merge後の事後証拠を拒否する","status":"passed","title":"U-GCRA-004: future review、重複receipt、merge後の事後証拠を拒否する","duration":1.3335710000000063,"failureMessages":[],"meta":{},"tags":[]},{"ancestorTitles":["GitHub cross-review admission"],"fullName":"GitHub cross-review admission U-GCRA-EXT-001: external 著者 PR は単一 receipt 経路で受理する","status":"passed","title":"U-GCRA-EXT-001: external 著者 PR は単一 receipt 経路で受理する","duration":2.0621610000000032,"failureMessages":[],"meta":{},"tags":[]},{"ancestorTitles":["GitHub cross-review admission"],"fullName":"GitHub cross-review admission U-GCRA-011: mixed 著者 PR は両 runtime の receipt が揃ったときだけ受理する","status":"passed","title":"U-GCRA-011: mixed 著者 PR は両 runtime の receipt が揃ったときだけ受理する","duration":2.8440239999999903,"failureMessages":[],"meta":{},"tags":[]},{"ancestorTitles":["GitHub cross-review admission"],"fullName":"GitHub cross-review admission U-GCRA-006: author=claude / reviewer=codexのreceiptも同じcanonical経路で受理する","status":"passed","title":"U-GCRA-006: author=claude / reviewer=codexのreceiptも同じcanonical経路で受理する","duration":0.37598800000000665,"failureMessages":[],"meta":{},"tags":[]},{"ancestorTitles":["GitHub cross-review admission"],"fullName":"GitHub cross-review admission U-GCRA-007: 同一runtimeのself-review commentをcanonical receiptへ昇格しない","status":"passed","title":"U-GCRA-007: 同一runtimeのself-review commentをcanonical receiptへ昇格しない","duration":0.4773349999999823,"failureMessages":[],"meta":{},"tags":[]}],"startTime":1788993258949,"endTime":1788993259015.4773,"status":"passed","message":"","name":"/home/tenni/.helix-worktrees/claude-i1708/tests/github-cross-review-admission.test.ts"},{"assertionResults":[{"ancestorTitles":[],"fullName":"U-CIBASE-008: non-PR Impact CIも共通resolverへ同じevent入力を渡す","status":"passed","title":"U-CIBASE-008: non-PR Impact CIも共通resolverへ同じevent入力を渡す","duration":24.90191800000001,"failureMessages":[],"meta":{},"tags":[]},{"ancestorTitles":[],"fullName":"U-BRAUTH-009: CIのguardとdoctorが同じsnapshotを渡し各束縛の欠落を拒否する","status":"passed","title":"U-BRAUTH-009: CIのguardとdoctorが同じsnapshotを渡し各束縛の欠落を拒否する","duration":38.68382799999998,"failureMessages":[],"meta":{},"tags":[]},{"ancestorTitles":[],"fullName":"U-BRAUTH-009: pull_request eventは明示baseをresolver経由で共有する","status":"passed","title":"U-BRAUTH-009: pull_request eventは明示baseをresolver経由で共有する","duration":1978.0970550000002,"failureMessages":[],"meta":{},"tags":[]},{"ancestorTitles":["source harness-check workflow"],"fullName":"source harness-check workflow U-GCRA-WF-001: required harness-check内でReady exact-HEAD review admissionをfail-closeする","status":"passed","title":"U-GCRA-WF-001: required harness-check内でReady exact-HEAD review admissionをfail-closeする","duration":14.163720000000012,"failureMessages":[],"meta":{},"tags":[]},{"ancestorTitles":["source harness-check workflow"],"fullName":"source harness-check workflow U-GCRA-WF-003: rerunでもevent payloadではなくcurrent PR draft read-afterをauthorityにする","status":"passed","title":"U-GCRA-WF-003: rerunでもevent payloadではなくcurrent PR draft read-afterをauthorityにする","duration":12.817218000000139,"failureMessages":[],"meta":{},"tags":[]},{"ancestorTitles":["source harness-check workflow"],"fullName":"source harness-check workflow U-IMPACTCI-WF-006: commitlintのschedule／workflow_dispatchの空before SHAをHEAD親へ正規化する","status":"passed","title":"U-IMPACTCI-WF-006: commitlintのschedule／workflow_dispatchの空before SHAをHEAD親へ正規化する","duration":7.421140999999807,"failureMessages":[],"meta":{},"tags":[]},{"ancestorTitles":["source harness-check workflow"],"fullName":"source harness-check workflow U-CIISO-001: Linux required jobsのrunner releaseをsource codenameと固定する","status":"passed","title":"U-CIISO-001: Linux required jobsのrunner releaseをsource codenameと固定する","duration":27.822443999999905,"failureMessages":[],"meta":{},"tags":[]},{"ancestorTitles":["source harness-check workflow"],"fullName":"source harness-check workflow U-CIISO-002: bubblewrap導入をbounded apt helperへ集約する","status":"passed","title":"U-CIISO-002: bubblewrap導入をbounded apt helperへ集約する","duration":16.501948999999968,"failureMessages":[],"meta":{},"tags":[]},{"ancestorTitles":["source harness-check workflow"],"fullName":"source harness-check workflow U-IMPACTCI-WF-006: commitlintのempty before SHA判定を除去するmutationを拒否する","status":"passed","title":"U-IMPACTCI-WF-006: commitlintのempty before SHA判定を除去するmutationを拒否する","duration":5.86392799999976,"failureMessages":[],"meta":{},"tags":[]},{"ancestorTitles":["source harness-check workflow"],"fullName":"source harness-check workflow U-GCRA-WF-002: review step欠落 mutationを拒否する","status":"passed","title":"U-GCRA-WF-002: review step欠落 mutationを拒否する","duration":5.11084000000028,"failureMessages":[],"meta":{},"tags":[]},{"ancestorTitles":["source harness-check workflow"],"fullName":"source harness-check workflow U-GCRA-WF-002: draft read-after境界欠落 mutationを拒否する","status":"passed","title":"U-GCRA-WF-002: draft read-after境界欠落 mutationを拒否する","duration":5.59918800000014,"failureMessages":[],"meta":{},"tags":[]},{"ancestorTitles":["source harness-check workflow"],"fullName":"source harness-check workflow U-GCRA-WF-002: head queryがmerge SHA mutationを拒否する","status":"passed","title":"U-GCRA-WF-002: head queryがmerge SHA mutationを拒否する","duration":5.058234000000084,"failureMessages":[],"meta":{},"tags":[]},{"ancestorTitles":["source harness-check workflow"],"fullName":"source harness-check workflow U-GCRA-WF-002: comment pagination欠落 mutationを拒否する","status":"passed","title":"U-GCRA-WF-002: comment pagination欠落 mutationを拒否する","duration":6.4225100000003295,"failureMessages":[],"meta":{},"tags":[]},{"ancestorTitles":["source harness-check workflow"],"fullName":"source harness-check workflow U-GCRA-WF-002: runs pagination欠落 mutationを拒否する","status":"passed","title":"U-GCRA-WF-002: runs pagination欠落 mutationを拒否する","duration":5.836398999999801,"failureMessages":[],"meta":{},"tags":[]},{"ancestorTitles":["source harness-check workflow"],"fullName":"source harness-check workflow U-GCRA-WF-002: PR diff欠落 mutationを拒否する","status":"passed","title":"U-GCRA-WF-002: PR diff欠落 mutationを拒否する","duration":4.758523999999852,"failureMessages":[],"meta":{},"tags":[]},{"ancestorTitles":["source harness-check workflow"],"fullName":"source harness-check workflow U-GCRA-WF-002: CI run attempt source欠落 mutationを拒否する","status":"passed","title":"U-GCRA-WF-002: CI run attempt source欠落 mutationを拒否する","duration":5.524325999999746,"failureMessages":[],"meta":{},"tags":[]},{"ancestorTitles":["source harness-check workflow"],"fullName":"source harness-check workflow U-GCRA-WF-002: CI run attempt mapping欠落 mutationを拒否する","status":"passed","title":"U-GCRA-WF-002: CI run attempt mapping欠落 mutationを拒否する","duration":4.510996999999861,"failureMessages":[],"meta":{},"tags":[]},{"ancestorTitles":["source harness-check workflow"],"fullName":"source harness-check workflow U-GCRA-WF-002: current workflow run除外欠落 mutationを拒否する","status":"passed","title":"U-GCRA-WF-002: current workflow run除外欠落 mutationを拒否する","duration":4.857857999999851,"failureMessages":[],"meta":{},"tags":[]},{"ancestorTitles":["source harness-check workflow"],"fullName":"source harness-check workflow U-GCRA-WF-002: review packet欠落 mutationを拒否する","status":"passed","title":"U-GCRA-WF-002: review packet欠落 mutationを拒否する","duration":4.655189999999948,"failureMessages":[],"meta":{},"tags":[]},{"ancestorTitles":["source harness-check workflow"],"fullName":"source harness-check workflow U-GCRA-WF-002: candidate checkout欠落 mutationを拒否する","status":"passed","title":"U-GCRA-WF-002: candidate checkout欠落 mutationを拒否する","duration":6.201092000000244,"failureMessages":[],"meta":{},"tags":[]},{"ancestorTitles":["source harness-check workflow"],"fullName":"source harness-check workflow U-GCRA-WF-002: read-after PR projection drift mutationを拒否する","status":"passed","title":"U-GCRA-WF-002: read-after PR projection drift mutationを拒否する","duration":4.54387399999996,"failureMessages":[],"meta":{},"tags":[]},{"ancestorTitles":["source harness-check workflow"],"fullName":"source harness-check workflow U-GCRA-WF-002: current DB receipt欠落 mutationを拒否する","status":"passed","title":"U-GCRA-WF-002: current DB receipt欠落 mutationを拒否する","duration":4.916596000000027,"failureMessages":[],"meta":{},"tags":[]},{"ancestorTitles":["source harness-check workflow"],"fullName":"source harness-check workflow U-GCRA-WF-002: fail-open mutationを拒否する","status":"passed","title":"U-GCRA-WF-002: fail-open mutationを拒否する","duration":4.582906999999977,"failureMessages":[],"meta":{},"tags":[]},{"ancestorTitles":["source harness-check workflow"],"fullName":"source harness-check workflow U-WIB-018: Ubuntu required CIでbubblewrap実process oracleをskip不能にする","status":"passed","title":"U-WIB-018: Ubuntu required CIでbubblewrap実process oracleをskip不能にする","duration":5.605863000000227,"failureMessages":[],"meta":{},"tags":[]},{"ancestorTitles":["source harness-check workflow"],"fullName":"source harness-check workflow U-DUR-007: propagates Windows durability and Lite canary into the required check","status":"passed","title":"U-DUR-007: propagates Windows durability and Lite canary into the required check","duration":4.665356999999858,"failureMessages":[],"meta":{},"tags":[]},{"ancestorTitles":["source harness-check workflow"],"fullName":"source harness-check workflow U-DISTCAN-008a: required Windows jobへLite canaryを配線する","status":"passed","title":"U-DISTCAN-008a: required Windows jobへLite canaryを配線する","duration":4.924923999999919,"failureMessages":[],"meta":{},"tags":[]},{"ancestorTitles":["source harness-check workflow"],"fullName":"source harness-check workflow U-LITECI-WF-001: fast selectorはprofile/manifest/closureを必ず実行し、typed statusへ接続する","status":"passed","title":"U-LITECI-WF-001: fast selectorはprofile/manifest/closureを必ず実行し、typed statusへ接続する","duration":4.62743300000011,"failureMessages":[],"meta":{},"tags":[]},{"ancestorTitles":["source harness-check workflow"],"fullName":"source harness-check workflow U-LITECI-WF-002: LiteとFullは独立し、WindowsはLinux laneの成果物だけに依存する","status":"passed","title":"U-LITECI-WF-002: LiteとFullは独立し、WindowsはLinux laneの成果物だけに依存する","duration":5.213230000000294,"failureMessages":[],"meta":{},"tags":[]},{"ancestorTitles":["source harness-check workflow"],"fullName":"source harness-check workflow U-LITECI-WF-003: aggregateは全laneのsuccessまたはclosure_unaffectedだけを受け入れる","status":"passed","title":"U-LITECI-WF-003: aggregateは全laneのsuccessまたはclosure_unaffectedだけを受け入れる","duration":4.5231589999998505,"failureMessages":[],"meta":{},"tags":[]},{"ancestorTitles":["source harness-check workflow"],"fullName":"source harness-check workflow keeps the source workflow read-only and fetches enough history for PR gates","status":"passed","title":"keeps the source workflow read-only and fetches enough history for PR gates","duration":4.649500999999873,"failureMessages":[],"meta":{},"tags":[]},{"ancestorTitles":["source harness-check workflow"],"fullName":"source harness-check workflow runs the L1-L12 authority drift gate before typecheck and full regression","status":"passed","title":"runs the L1-L12 authority drift gate before typecheck and full regression","duration":4.036794999999984,"failureMessages":[],"meta":{},"tags":[]},{"ancestorTitles":["source harness-check workflow"],"fullName":"source harness-check workflow U-MPS-PRE-003: runs post-merge PLAN status before authority and full regression","status":"passed","title":"U-MPS-PRE-003: runs post-merge PLAN status before authority and full regression","duration":4.551219000000401,"failureMessages":[],"meta":{},"tags":[]},{"ancestorTitles":["source harness-check workflow"],"fullName":"source harness-check workflow implements the §6.3 branch-type subjob matrix inside the single required check","status":"passed","title":"implements the §6.3 branch-type subjob matrix inside the single required check","duration":5.417065000000093,"failureMessages":[],"meta":{},"tags":[]},{"ancestorTitles":["source harness-check workflow"],"fullName":"source harness-check workflow U-ICLOSE-002: runs GitHub operation guards through the HELIX CLI instead of workflow-local rules","status":"passed","title":"U-ICLOSE-002: runs GitHub operation guards through the HELIX CLI instead of workflow-local rules","duration":4.600290999999743,"failureMessages":[],"meta":{},"tags":[]},{"ancestorTitles":["source harness-check workflow"],"fullName":"source harness-check workflow U-GWIDADM-007: required CIがtyped identity admissionへPR bodyとchanged pathsを渡す","status":"passed","title":"U-GWIDADM-007: required CIがtyped identity admissionへPR bodyとchanged pathsを渡す","duration":5.224001999999928,"failureMessages":[],"meta":{},"tags":[]},{"ancestorTitles":["source harness-check workflow"],"fullName":"source harness-check workflow U-IHIER-006: PLAN-L7-556-issue-dependency-doctor はworkflow event境界を固定する","status":"passed","title":"U-IHIER-006: PLAN-L7-556-issue-dependency-doctor はworkflow event境界を固定する","duration":3.98235300000033,"failureMessages":[],"meta":{},"tags":[]},{"ancestorTitles":["source harness-check workflow"],"fullName":"source harness-check workflow U-PRSCOPE-003: PLAN-L7-466-pr-scope-contract passes the exact PR diff to pr-context","status":"passed","title":"U-PRSCOPE-003: PLAN-L7-466-pr-scope-contract passes the exact PR diff to pr-context","duration":5.404642999999851,"failureMessages":[],"meta":{},"tags":[]},{"ancestorTitles":["source harness-check workflow"],"fullName":"source harness-check workflow U-PRSCOPE-007: [PLAN-L7-496-pr-context-current-snapshot] current GitHub snapshotをguard前後で固定する","status":"passed","title":"U-PRSCOPE-007: [PLAN-L7-496-pr-context-current-snapshot] current GitHub snapshotをguard前後で固定する","duration":4.686257999999725,"failureMessages":[],"meta":{},"tags":[]},{"ancestorTitles":["source harness-check workflow"],"fullName":"source harness-check workflow U-IMPACTCI-WF-001: read-after-GitHub snapshotでDraft selected／Ready・main fullをdispatchする","status":"passed","title":"U-IMPACTCI-WF-001: read-after-GitHub snapshotでDraft selected／Ready・main fullをdispatchする","duration":9.555550999999923,"failureMessages":[],"meta":{},"tags":[]},{"ancestorTitles":["source harness-check workflow"],"fullName":"source harness-check workflow U-LITECI-WF-005: non-PRは共通base解決でもfull profileを保持する","status":"passed","title":"U-LITECI-WF-005: non-PRは共通base解決でもfull profileを保持する","duration":4.592523000000256,"failureMessages":[],"meta":{},"tags":[]},{"ancestorTitles":["source harness-check workflow"],"fullName":"source harness-check workflow U-IMPACTCI-WF-004: 同一HEAD transition eventだけがprior green full receiptを再利用できる","status":"passed","title":"U-IMPACTCI-WF-004: 同一HEAD transition eventだけがprior green full receiptを再利用できる","duration":9.31258600000001,"failureMessages":[],"meta":{},"tags":[]},{"ancestorTitles":["source harness-check workflow"],"fullName":"source harness-check workflow U-IMPACTCI-WF-004: transition event限定の欠落 mutationを拒否する","status":"passed","title":"U-IMPACTCI-WF-004: transition event限定の欠落 mutationを拒否する","duration":4.244972000000416,"failureMessages":[],"meta":{},"tags":[]},{"ancestorTitles":["source harness-check workflow"],"fullName":"source harness-check workflow U-IMPACTCI-WF-004: prior run success絞り込みの欠落 mutationを拒否する","status":"passed","title":"U-IMPACTCI-WF-004: prior run success絞り込みの欠落 mutationを拒否する","duration":5.184586999999738,"failureMessages":[],"meta":{},"tags":[]},{"ancestorTitles":["source harness-check workflow"],"fullName":"source harness-check workflow U-IMPACTCI-WF-004: full receipt照合の欠落 mutationを拒否する","status":"passed","title":"U-IMPACTCI-WF-004: full receipt照合の欠落 mutationを拒否する","duration":4.4863750000004075,"failureMessages":[],"meta":{},"tags":[]},{"ancestorTitles":["source harness-check workflow"],"fullName":"source harness-check workflow U-IMPACTCI-WF-004: base SHA一致検査の欠落 mutationを拒否する","status":"passed","title":"U-IMPACTCI-WF-004: base SHA一致検査の欠落 mutationを拒否する","duration":4.857879000000139,"failureMessages":[],"meta":{},"tags":[]},{"ancestorTitles":["source harness-check workflow"],"fullName":"source harness-check workflow U-IMPACTCI-WF-004: 照会失敗フォールバックの欠落 mutationを拒否する","status":"passed","title":"U-IMPACTCI-WF-004: 照会失敗フォールバックの欠落 mutationを拒否する","duration":4.270686000000296,"failureMessages":[],"meta":{},"tags":[]},{"ancestorTitles":["source harness-check workflow"],"fullName":"source harness-check workflow U-IMPACTCI-WF-004: receipt発行のreuse除外欠落 mutationを拒否する","status":"passed","title":"U-IMPACTCI-WF-004: receipt発行のreuse除外欠落 mutationを拒否する","duration":5.200749999999971,"failureMessages":[],"meta":{},"tags":[]},{"ancestorTitles":["source harness-check workflow"],"fullName":"source harness-check workflow U-IMPACTCI-WF-004: receipt発行のfull限定欠落 mutationを拒否する","status":"passed","title":"U-IMPACTCI-WF-004: receipt発行のfull限定欠落 mutationを拒否する","duration":4.522299000000203,"failureMessages":[],"meta":{},"tags":[]},{"ancestorTitles":["source harness-check workflow"],"fullName":"source harness-check workflow U-IMPACTCI-WF-004: reuse run id検証の欠落 mutationを拒否する","status":"passed","title":"U-IMPACTCI-WF-004: reuse run id検証の欠落 mutationを拒否する","duration":5.092353000000003,"failureMessages":[],"meta":{},"tags":[]},{"ancestorTitles":["source harness-check workflow"],"fullName":"source harness-check workflow U-IMPACTCI-WF-004: reuse receipt欠落 mutationを拒否する","status":"passed","title":"U-IMPACTCI-WF-004: reuse receipt欠落 mutationを拒否する","duration":4.45652199999995,"failureMessages":[],"meta":{},"tags":[]},{"ancestorTitles":["source harness-check workflow"],"fullName":"source harness-check workflow U-CITIME-001: fixes the required job budget at 35 minutes","status":"passed","title":"U-CITIME-001: fixes the required job budget at 35 minutes","duration":5.436656000000312,"failureMessages":[],"meta":{},"tags":[]},{"ancestorTitles":["source harness-check workflow"],"fullName":"source harness-check workflow U-CITIME-002: keeps the regression budget below the job budget","status":"passed","title":"U-CITIME-002: keeps the regression budget below the job budget","duration":8.667840999999953,"failureMessages":[],"meta":{},"tags":[]},{"ancestorTitles":["source harness-check workflow"],"fullName":"source harness-check workflow U-G10CHROMIUM-001: unrelated Google apt sourceを退避してからChromiumを導入する","status":"passed","title":"U-G10CHROMIUM-001: unrelated Google apt sourceを退避してからChromiumを導入する","duration":5.143935000000056,"failureMessages":[],"meta":{},"tags":[]},{"ancestorTitles":["source harness-check workflow"],"fullName":"source harness-check workflow U-BIOMEFAST-001: lintを依存導入直後へ置き、遅延・省略・重複を拒否する","status":"passed","title":"U-BIOMEFAST-001: lintを依存導入直後へ置き、遅延・省略・重複を拒否する","duration":52.59744300000011,"failureMessages":[],"meta":{},"tags":[]},{"ancestorTitles":["source harness-check workflow"],"fullName":"source harness-check workflow U-CITIME-003: rejects fail-open fields and preserves post-test gates","status":"passed","title":"U-CITIME-003: rejects fail-open fields and preserves post-test gates","duration":20.158507999999983,"failureMessages":[],"meta":{},"tags":[]},{"ancestorTitles":["source harness-check workflow"],"fullName":"source harness-check workflow U-FULLSHARD-WF-001: preflight／3 shard／finalizeをtyped artifactで接続する","status":"passed","title":"U-FULLSHARD-WF-001: preflight／3 shard／finalizeをtyped artifactで接続する","duration":4.2050789999998415,"failureMessages":[],"meta":{},"tags":[]},{"ancestorTitles":["source harness-check workflow"],"fullName":"source harness-check workflow U-FULLSHARD-WF-002: receipt exact set後のfinalizeとfail-closeを維持する","status":"passed","title":"U-FULLSHARD-WF-002: receipt exact set後のfinalizeとfail-closeを維持する","duration":19.478247999999894,"failureMessages":[],"meta":{},"tags":[]},{"ancestorTitles":["source harness-check workflow"],"fullName":"source harness-check workflow U-FULLSHARD-WF-003: shard job timeoutをbounded contractへ固定する","status":"passed","title":"U-FULLSHARD-WF-003: shard job timeoutをbounded contractへ固定する","duration":5.110755000000154,"failureMessages":[],"meta":{},"tags":[]},{"ancestorTitles":["source harness-check workflow"],"fullName":"source harness-check workflow U-FULLSHARD-WF-004: finalizeは全shardのjob_result successをfail-closeで要求する","status":"passed","title":"U-FULLSHARD-WF-004: finalizeは全shardのjob_result successをfail-closeで要求する","duration":26.49305400000003,"failureMessages":[],"meta":{},"tags":[]},{"ancestorTitles":["source harness-check workflow"],"fullName":"source harness-check workflow U-FULLSHARD-WF-002: finalizeからstateful receiptを除去 mutationを拒否する","status":"passed","title":"U-FULLSHARD-WF-002: finalizeからstateful receiptを除去 mutationを拒否する","duration":5.278149000000212,"failureMessages":[],"meta":{},"tags":[]},{"ancestorTitles":["source harness-check workflow"],"fullName":"source harness-check workflow U-FULLSHARD-WF-002: bulk-2を別partitionへすり替え mutationを拒否する","status":"passed","title":"U-FULLSHARD-WF-002: bulk-2を別partitionへすり替え mutationを拒否する","duration":4.482937999999649,"failureMessages":[],"meta":{},"tags":[]},{"ancestorTitles":["source harness-check workflow"],"fullName":"source harness-check workflow U-FULLSHARD-WF-002: required checkをpreflightへ短絡 mutationを拒否する","status":"passed","title":"U-FULLSHARD-WF-002: required checkをpreflightへ短絡 mutationを拒否する","duration":4.222557999999935,"failureMessages":[],"meta":{},"tags":[]},{"ancestorTitles":["source harness-check workflow"],"fullName":"source harness-check workflow U-FULLSHARD-WF-002: 旧in-job worktree shardを再導入 mutationを拒否する","status":"passed","title":"U-FULLSHARD-WF-002: 旧in-job worktree shardを再導入 mutationを拒否する","duration":4.5432379999997465,"failureMessages":[],"meta":{},"tags":[]},{"ancestorTitles":["source harness-check workflow"],"fullName":"source harness-check workflow U-FULLSHARD-WF-002: finalizeのalways集約を削除 mutationを拒否する","status":"passed","title":"U-FULLSHARD-WF-002: finalizeのalways集約を削除 mutationを拒否する","duration":4.612961999999698,"failureMessages":[],"meta":{},"tags":[]},{"ancestorTitles":["source harness-check workflow"],"fullName":"source harness-check workflow U-FULLSHARD-WF-002: finalizeからcandidate HEAD束縛を除去 mutationを拒否する","status":"passed","title":"U-FULLSHARD-WF-002: finalizeからcandidate HEAD束縛を除去 mutationを拒否する","duration":3.990248999999949,"failureMessages":[],"meta":{},"tags":[]},{"ancestorTitles":["source harness-check workflow"],"fullName":"source harness-check workflow U-FULLSHARD-WF-002: doctorをreceipt検証前へ移動 mutationを拒否する","status":"passed","title":"U-FULLSHARD-WF-002: doctorをreceipt検証前へ移動 mutationを拒否する","duration":4.282296000000315,"failureMessages":[],"meta":{},"tags":[]}],"startTime":1788993259144,"endTime":1788993261662.2822,"status":"passed","message":"","name":"/home/tenni/.helix-worktrees/claude-i1708/tests/harness-check-workflow.test.ts"}]}